<html>
<head>
<title>TestNG:  InventoryOrganizationTests</title>
<link href="../testng.css" rel="stylesheet" type="text/css" />
<link href="../my-testng.css" rel="stylesheet" type="text/css" />

<style type="text/css">
.log { display: none;} 
.stack-trace { display: none;} 
</style>
<script type="text/javascript">
<!--
function flip(e) {
  current = e.style.display;
  if (current == 'block') {
    e.style.display = 'none';
    return 0;
  }
  else {
    e.style.display = 'block';
    return 1;
  }
}

function toggleBox(szDivId, elem, msg1, msg2)
{
  var res = -1;  if (document.getElementById) {
    res = flip(document.getElementById(szDivId));
  }
  else if (document.all) {
    // this is the way old msie versions work
    res = flip(document.all[szDivId]);
  }
  if(elem) {
    if(res == 0) elem.innerHTML = msg1; else elem.innerHTML = msg2;
  }

}

function toggleAllBoxes() {
  if (document.getElementsByTagName) {
    d = document.getElementsByTagName('div');
    for (i = 0; i < d.length; i++) {
      if (d[i].className == 'log') {
        flip(d[i]);
      }
    }
  }
}

// -->
</script>

</head>
<body>
<h2 align='center'>InventoryOrganizationTests</h2><table border='1' align="center">
<tr>
<td>Tests passed/Failed/Skipped:</td><td>0/0/4</td>
</tr><tr>
<td>Started on:</td><td>Tue Jul 07 23:42:09 EDT 2020</td>
</tr>
<tr><td>Total time:</td><td>109 seconds (109664 ms)</td>
</tr><tr>
<td>Included groups:</td><td></td>
</tr><tr>
<td>Excluded groups:</td><td></td>
</tr>
</table><p/>
<small><i>(Hover the method name to see the test class name)</i></small><p/>
<table width='100%' border='1' class='invocation-failed'>
<tr><td colspan='4' align='center'><b>FAILED CONFIGURATIONS</b></td></tr>
<tr><td><b>Test method</b></td>
<td width="30%"><b>Exception</b></td>
<td width="10%"><b>Time (seconds)</b></td>
<td><b>Instance</b></td>
</tr>
<tr>
<td title='com.gsicommerce.romui.selenium.tests.InventoryOrganizationTests.setup()'><b>setup</b><br>Test class: com.gsicommerce.romui.selenium.tests.InventoryOrganizationTests<br>Parameters: org.testng.TestRunner@6e78fcf5</td>
<td><div><pre>java.lang.IllegalStateException: Failed to create remote webdriver
	at com.gsicommerce.romui.selenium.utilities.Browser.remoteWebDriver(Browser.java:276)
	at com.gsicommerce.romui.selenium.utilities.Browser.buildBrowserInstance(Browser.java:141)
	at com.gsicommerce.romui.selenium.utilities.Browser.getBrowserInstance(Browser.java:58)
	at com.gsicommerce.romui.selenium.utilities.Common.startApplication(Common.java:82)
	at com.gsicommerce.romui.selenium.pages.ROMUIBasePage.setup(ROMUIBasePage.java:28)
	at java.base/java.util.ArrayList.forEach(ArrayList.java:1540)
Caused by: java.lang.RuntimeException: java.net.MalformedURLException: no protocol: null6f739950dbcd5992e19bb6d3a68fd405/videos
	at com.mashape.unirest.http.HttpClientHelper.prepareRequest(HttpClientHelper.java:183)
	at com.mashape.unirest.http.HttpClientHelper.request(HttpClientHelper.java:131)
	at com.mashape.unirest.request.BaseRequest.asJson(BaseRequest.java:68)
	at com.crossbrowsertesting.AutomatedTest.startRecordingVideo(AutomatedTest.java:113)
	at com.gsicommerce.romui.selenium.utilities.Browser.remoteWebDriver(Browser.java:249)
	... 36 more
Caused by: java.net.MalformedURLException: no protocol: null6f739950dbcd5992e19bb6d3a68fd405/videos
	at java.base/java.net.URL.&lt;init&gt;(URL.java:657)
	at java.base/java.net.URL.&lt;init&gt;(URL.java:553)
	at java.base/java.net.URL.&lt;init&gt;(URL.java:500)
	at com.mashape.unirest.http.HttpClientHelper.prepareRequest(HttpClientHelper.java:171)
	... 40 more
... Removed 31 stack frames</pre></div><a href='#' onClick='toggleBox("stack-trace1856589162", this, "Click to show all stack frames", "Click to hide stack frames")'>Click to show all stack frames</a>
<div class='stack-trace' id='stack-trace1856589162'><pre>java.lang.IllegalStateException: Failed to create remote webdriver
	at com.gsicommerce.romui.selenium.utilities.Browser.remoteWebDriver(Browser.java:276)
	at com.gsicommerce.romui.selenium.utilities.Browser.buildBrowserInstance(Browser.java:141)
	at com.gsicommerce.romui.selenium.utilities.Browser.getBrowserInstance(Browser.java:58)
	at com.gsicommerce.romui.selenium.utilities.Common.startApplication(Common.java:82)
	at com.gsicommerce.romui.selenium.pages.ROMUIBasePage.setup(ROMUIBasePage.java:28)
	at java.base/jdk.internal.reflect.NativeMethodAccessorImpl.invoke0(Native Method)
	at java.base/jdk.internal.reflect.NativeMethodAccessorImpl.invoke(NativeMethodAccessorImpl.java:62)
	at java.base/jdk.internal.reflect.DelegatingMethodAccessorImpl.invoke(DelegatingMethodAccessorImpl.java:43)
	at java.base/java.lang.reflect.Method.invoke(Method.java:567)
	at org.testng.internal.MethodInvocationHelper.invokeMethod(MethodInvocationHelper.java:135)
	at org.testng.internal.MethodInvocationHelper.invokeMethodConsideringTimeout(MethodInvocationHelper.java:64)
	at org.testng.internal.ConfigInvoker.invokeConfigurationMethod(ConfigInvoker.java:364)
	at org.testng.internal.ConfigInvoker.invokeConfigurations(ConfigInvoker.java:318)
	at org.testng.internal.TestInvoker.runConfigMethods(TestInvoker.java:700)
	at org.testng.internal.TestInvoker.invokeMethod(TestInvoker.java:527)
	at org.testng.internal.TestInvoker.invokeTestMethod(TestInvoker.java:174)
	at org.testng.internal.MethodRunner.runInSequence(MethodRunner.java:46)
	at org.testng.internal.TestInvoker$MethodInvocationAgent.invoke(TestInvoker.java:821)
	at org.testng.internal.TestInvoker.invokeTestMethods(TestInvoker.java:147)
	at org.testng.internal.TestMethodWorker.invokeTestMethods(TestMethodWorker.java:146)
	at org.testng.internal.TestMethodWorker.run(TestMethodWorker.java:128)
	at java.base/java.util.ArrayList.forEach(ArrayList.java:1540)
	at org.testng.TestRunner.privateRun(TestRunner.java:767)
	at org.testng.TestRunner.run(TestRunner.java:588)
	at org.testng.SuiteRunner.runTest(SuiteRunner.java:384)
	at org.testng.SuiteRunner.runSequentially(SuiteRunner.java:378)
	at org.testng.SuiteRunner.privateRun(SuiteRunner.java:337)
	at org.testng.SuiteRunner.run(SuiteRunner.java:286)
	at org.testng.SuiteRunnerWorker.runSuite(SuiteRunnerWorker.java:53)
	at org.testng.SuiteRunnerWorker.run(SuiteRunnerWorker.java:96)
	at org.testng.TestNG.runSuitesSequentially(TestNG.java:1214)
	at org.testng.TestNG.runSuitesLocally(TestNG.java:1136)
	at org.testng.TestNG.runSuites(TestNG.java:1066)
	at org.testng.TestNG.run(TestNG.java:1034)
	at org.testng.remote.AbstractRemoteTestNG.run(AbstractRemoteTestNG.java:115)
	at org.testng.remote.RemoteTestNG.initAndRun(RemoteTestNG.java:251)
	at org.testng.remote.RemoteTestNG.main(RemoteTestNG.java:77)
Caused by: java.lang.RuntimeException: java.net.MalformedURLException: no protocol: null6f739950dbcd5992e19bb6d3a68fd405/videos
	at com.mashape.unirest.http.HttpClientHelper.prepareRequest(HttpClientHelper.java:183)
	at com.mashape.unirest.http.HttpClientHelper.request(HttpClientHelper.java:131)
	at com.mashape.unirest.request.BaseRequest.asJson(BaseRequest.java:68)
	at com.crossbrowsertesting.AutomatedTest.startRecordingVideo(AutomatedTest.java:113)
	at com.gsicommerce.romui.selenium.utilities.Browser.remoteWebDriver(Browser.java:249)
	... 36 more
Caused by: java.net.MalformedURLException: no protocol: null6f739950dbcd5992e19bb6d3a68fd405/videos
	at java.base/java.net.URL.&lt;init&gt;(URL.java:657)
	at java.base/java.net.URL.&lt;init&gt;(URL.java:553)
	at java.base/java.net.URL.&lt;init&gt;(URL.java:500)
	at com.mashape.unirest.http.HttpClientHelper.prepareRequest(HttpClientHelper.java:171)
	... 40 more
</pre></div></td>
<td>109</td>
<td>com.gsicommerce.romui.selenium.tests.InventoryOrganizationTests@302552ec</td></tr>
<tr>
<td title='com.gsicommerce.romui.selenium.tests.InventoryOrganizationTests.tearDown()'><b>tearDown</b><br>Test class: com.gsicommerce.romui.selenium.tests.InventoryOrganizationTests<br>Parameters: [TestResult name={null} status=CREATED method=InventoryOrganizationTests.testverfiyInventoryOrgsRecord()[pri:1, instance:com.gsicommerce.romui.selenium.tests.InventoryOrganizationTests@302552ec] output={null}]</td>
<td><div><pre>java.lang.NullPointerException
	at com.gsicommerce.romui.selenium.utilities.Browser.screenShot(Browser.java:320)
	at com.gsicommerce.romui.selenium.pages.ROMUIBasePage.tearDown(ROMUIBasePage.java:37)
	at java.base/java.util.ArrayList.forEach(ArrayList.java:1540)
... Removed 32 stack frames</pre></div><a href='#' onClick='toggleBox("stack-trace999221400", this, "Click to show all stack frames", "Click to hide stack frames")'>Click to show all stack frames</a>
<div class='stack-trace' id='stack-trace999221400'><pre>java.lang.NullPointerException
	at com.gsicommerce.romui.selenium.utilities.Browser.screenShot(Browser.java:320)
	at com.gsicommerce.romui.selenium.pages.ROMUIBasePage.tearDown(ROMUIBasePage.java:37)
	at java.base/jdk.internal.reflect.NativeMethodAccessorImpl.invoke0(Native Method)
	at java.base/jdk.internal.reflect.NativeMethodAccessorImpl.invoke(NativeMethodAccessorImpl.java:62)
	at java.base/jdk.internal.reflect.DelegatingMethodAccessorImpl.invoke(DelegatingMethodAccessorImpl.java:43)
	at java.base/java.lang.reflect.Method.invoke(Method.java:567)
	at org.testng.internal.MethodInvocationHelper.invokeMethod(MethodInvocationHelper.java:135)
	at org.testng.internal.MethodInvocationHelper.invokeMethodConsideringTimeout(MethodInvocationHelper.java:64)
	at org.testng.internal.ConfigInvoker.invokeConfigurationMethod(ConfigInvoker.java:364)
	at org.testng.internal.ConfigInvoker.invokeConfigurations(ConfigInvoker.java:318)
	at org.testng.internal.TestInvoker.runConfigMethods(TestInvoker.java:700)
	at org.testng.internal.TestInvoker.runAfterGroupsConfigurations(TestInvoker.java:676)
	at org.testng.internal.TestInvoker.invokeMethod(TestInvoker.java:547)
	at org.testng.internal.TestInvoker.invokeTestMethod(TestInvoker.java:174)
	at org.testng.internal.MethodRunner.runInSequence(MethodRunner.java:46)
	at org.testng.internal.TestInvoker$MethodInvocationAgent.invoke(TestInvoker.java:821)
	at org.testng.internal.TestInvoker.invokeTestMethods(TestInvoker.java:147)
	at org.testng.internal.TestMethodWorker.invokeTestMethods(TestMethodWorker.java:146)
	at org.testng.internal.TestMethodWorker.run(TestMethodWorker.java:128)
	at java.base/java.util.ArrayList.forEach(ArrayList.java:1540)
	at org.testng.TestRunner.privateRun(TestRunner.java:767)
	at org.testng.TestRunner.run(TestRunner.java:588)
	at org.testng.SuiteRunner.runTest(SuiteRunner.java:384)
	at org.testng.SuiteRunner.runSequentially(SuiteRunner.java:378)
	at org.testng.SuiteRunner.privateRun(SuiteRunner.java:337)
	at org.testng.SuiteRunner.run(SuiteRunner.java:286)
	at org.testng.SuiteRunnerWorker.runSuite(SuiteRunnerWorker.java:53)
	at org.testng.SuiteRunnerWorker.run(SuiteRunnerWorker.java:96)
	at org.testng.TestNG.runSuitesSequentially(TestNG.java:1214)
	at org.testng.TestNG.runSuitesLocally(TestNG.java:1136)
	at org.testng.TestNG.runSuites(TestNG.java:1066)
	at org.testng.TestNG.run(TestNG.java:1034)
	at org.testng.remote.AbstractRemoteTestNG.run(AbstractRemoteTestNG.java:115)
	at org.testng.remote.RemoteTestNG.initAndRun(RemoteTestNG.java:251)
	at org.testng.remote.RemoteTestNG.main(RemoteTestNG.java:77)
</pre></div></td>
<td>0</td>
<td>com.gsicommerce.romui.selenium.tests.InventoryOrganizationTests@302552ec</td></tr>
<tr>
<td title='com.gsicommerce.romui.selenium.tests.InventoryOrganizationTests.tearDown()'><b>tearDown</b><br>Test class: com.gsicommerce.romui.selenium.tests.InventoryOrganizationTests<br>Parameters: [TestResult name={null} status=CREATED method=InventoryOrganizationTests.testEditInventoryOrgs()[pri:2, instance:com.gsicommerce.romui.selenium.tests.InventoryOrganizationTests@302552ec] output={null}]</td>
<td><div><pre>java.lang.NullPointerException
	at com.gsicommerce.romui.selenium.utilities.Browser.screenShot(Browser.java:320)
	at com.gsicommerce.romui.selenium.pages.ROMUIBasePage.tearDown(ROMUIBasePage.java:37)
	at java.base/java.util.ArrayList.forEach(ArrayList.java:1540)
... Removed 32 stack frames</pre></div><a href='#' onClick='toggleBox("stack-trace2008746677", this, "Click to show all stack frames", "Click to hide stack frames")'>Click to show all stack frames</a>
<div class='stack-trace' id='stack-trace2008746677'><pre>java.lang.NullPointerException
	at com.gsicommerce.romui.selenium.utilities.Browser.screenShot(Browser.java:320)
	at com.gsicommerce.romui.selenium.pages.ROMUIBasePage.tearDown(ROMUIBasePage.java:37)
	at java.base/jdk.internal.reflect.NativeMethodAccessorImpl.invoke0(Native Method)
	at java.base/jdk.internal.reflect.NativeMethodAccessorImpl.invoke(NativeMethodAccessorImpl.java:62)
	at java.base/jdk.internal.reflect.DelegatingMethodAccessorImpl.invoke(DelegatingMethodAccessorImpl.java:43)
	at java.base/java.lang.reflect.Method.invoke(Method.java:567)
	at org.testng.internal.MethodInvocationHelper.invokeMethod(MethodInvocationHelper.java:135)
	at org.testng.internal.MethodInvocationHelper.invokeMethodConsideringTimeout(MethodInvocationHelper.java:64)
	at org.testng.internal.ConfigInvoker.invokeConfigurationMethod(ConfigInvoker.java:364)
	at org.testng.internal.ConfigInvoker.invokeConfigurations(ConfigInvoker.java:318)
	at org.testng.internal.TestInvoker.runConfigMethods(TestInvoker.java:700)
	at org.testng.internal.TestInvoker.runAfterGroupsConfigurations(TestInvoker.java:676)
	at org.testng.internal.TestInvoker.invokeMethod(TestInvoker.java:547)
	at org.testng.internal.TestInvoker.invokeTestMethod(TestInvoker.java:174)
	at org.testng.internal.MethodRunner.runInSequence(MethodRunner.java:46)
	at org.testng.internal.TestInvoker$MethodInvocationAgent.invoke(TestInvoker.java:821)
	at org.testng.internal.TestInvoker.invokeTestMethods(TestInvoker.java:147)
	at org.testng.internal.TestMethodWorker.invokeTestMethods(TestMethodWorker.java:146)
	at org.testng.internal.TestMethodWorker.run(TestMethodWorker.java:128)
	at java.base/java.util.ArrayList.forEach(ArrayList.java:1540)
	at org.testng.TestRunner.privateRun(TestRunner.java:767)
	at org.testng.TestRunner.run(TestRunner.java:588)
	at org.testng.SuiteRunner.runTest(SuiteRunner.java:384)
	at org.testng.SuiteRunner.runSequentially(SuiteRunner.java:378)
	at org.testng.SuiteRunner.privateRun(SuiteRunner.java:337)
	at org.testng.SuiteRunner.run(SuiteRunner.java:286)
	at org.testng.SuiteRunnerWorker.runSuite(SuiteRunnerWorker.java:53)
	at org.testng.SuiteRunnerWorker.run(SuiteRunnerWorker.java:96)
	at org.testng.TestNG.runSuitesSequentially(TestNG.java:1214)
	at org.testng.TestNG.runSuitesLocally(TestNG.java:1136)
	at org.testng.TestNG.runSuites(TestNG.java:1066)
	at org.testng.TestNG.run(TestNG.java:1034)
	at org.testng.remote.AbstractRemoteTestNG.run(AbstractRemoteTestNG.java:115)
	at org.testng.remote.RemoteTestNG.initAndRun(RemoteTestNG.java:251)
	at org.testng.remote.RemoteTestNG.main(RemoteTestNG.java:77)
</pre></div></td>
<td>0</td>
<td>com.gsicommerce.romui.selenium.tests.InventoryOrganizationTests@302552ec</td></tr>
<tr>
<td title='com.gsicommerce.romui.selenium.tests.InventoryOrganizationTests.tearDown()'><b>tearDown</b><br>Test class: com.gsicommerce.romui.selenium.tests.InventoryOrganizationTests<br>Parameters: [TestResult name={null} status=CREATED method=InventoryOrganizationTests.testViewInventoryOrgsRecord()[pri:3, instance:com.gsicommerce.romui.selenium.tests.InventoryOrganizationTests@302552ec] output={null}]</td>
<td><div><pre>java.lang.NullPointerException
	at com.gsicommerce.romui.selenium.utilities.Browser.screenShot(Browser.java:320)
	at com.gsicommerce.romui.selenium.pages.ROMUIBasePage.tearDown(ROMUIBasePage.java:37)
	at java.base/java.util.ArrayList.forEach(ArrayList.java:1540)
... Removed 32 stack frames</pre></div><a href='#' onClick='toggleBox("stack-trace1112075608", this, "Click to show all stack frames", "Click to hide stack frames")'>Click to show all stack frames</a>
<div class='stack-trace' id='stack-trace1112075608'><pre>java.lang.NullPointerException
	at com.gsicommerce.romui.selenium.utilities.Browser.screenShot(Browser.java:320)
	at com.gsicommerce.romui.selenium.pages.ROMUIBasePage.tearDown(ROMUIBasePage.java:37)
	at java.base/jdk.internal.reflect.NativeMethodAccessorImpl.invoke0(Native Method)
	at java.base/jdk.internal.reflect.NativeMethodAccessorImpl.invoke(NativeMethodAccessorImpl.java:62)
	at java.base/jdk.internal.reflect.DelegatingMethodAccessorImpl.invoke(DelegatingMethodAccessorImpl.java:43)
	at java.base/java.lang.reflect.Method.invoke(Method.java:567)
	at org.testng.internal.MethodInvocationHelper.invokeMethod(MethodInvocationHelper.java:135)
	at org.testng.internal.MethodInvocationHelper.invokeMethodConsideringTimeout(MethodInvocationHelper.java:64)
	at org.testng.internal.ConfigInvoker.invokeConfigurationMethod(ConfigInvoker.java:364)
	at org.testng.internal.ConfigInvoker.invokeConfigurations(ConfigInvoker.java:318)
	at org.testng.internal.TestInvoker.runConfigMethods(TestInvoker.java:700)
	at org.testng.internal.TestInvoker.runAfterGroupsConfigurations(TestInvoker.java:676)
	at org.testng.internal.TestInvoker.invokeMethod(TestInvoker.java:547)
	at org.testng.internal.TestInvoker.invokeTestMethod(TestInvoker.java:174)
	at org.testng.internal.MethodRunner.runInSequence(MethodRunner.java:46)
	at org.testng.internal.TestInvoker$MethodInvocationAgent.invoke(TestInvoker.java:821)
	at org.testng.internal.TestInvoker.invokeTestMethods(TestInvoker.java:147)
	at org.testng.internal.TestMethodWorker.invokeTestMethods(TestMethodWorker.java:146)
	at org.testng.internal.TestMethodWorker.run(TestMethodWorker.java:128)
	at java.base/java.util.ArrayList.forEach(ArrayList.java:1540)
	at org.testng.TestRunner.privateRun(TestRunner.java:767)
	at org.testng.TestRunner.run(TestRunner.java:588)
	at org.testng.SuiteRunner.runTest(SuiteRunner.java:384)
	at org.testng.SuiteRunner.runSequentially(SuiteRunner.java:378)
	at org.testng.SuiteRunner.privateRun(SuiteRunner.java:337)
	at org.testng.SuiteRunner.run(SuiteRunner.java:286)
	at org.testng.SuiteRunnerWorker.runSuite(SuiteRunnerWorker.java:53)
	at org.testng.SuiteRunnerWorker.run(SuiteRunnerWorker.java:96)
	at org.testng.TestNG.runSuitesSequentially(TestNG.java:1214)
	at org.testng.TestNG.runSuitesLocally(TestNG.java:1136)
	at org.testng.TestNG.runSuites(TestNG.java:1066)
	at org.testng.TestNG.run(TestNG.java:1034)
	at org.testng.remote.AbstractRemoteTestNG.run(AbstractRemoteTestNG.java:115)
	at org.testng.remote.RemoteTestNG.initAndRun(RemoteTestNG.java:251)
	at org.testng.remote.RemoteTestNG.main(RemoteTestNG.java:77)
</pre></div></td>
<td>0</td>
<td>com.gsicommerce.romui.selenium.tests.InventoryOrganizationTests@302552ec</td></tr>
<tr>
<td title='com.gsicommerce.romui.selenium.tests.InventoryOrganizationTests.tearDown()'><b>tearDown</b><br>Test class: com.gsicommerce.romui.selenium.tests.InventoryOrganizationTests<br>Parameters: [TestResult name={null} status=CREATED method=InventoryOrganizationTests.testEditInventoryOrgsFromView()[pri:4, instance:com.gsicommerce.romui.selenium.tests.InventoryOrganizationTests@302552ec] output={null}]</td>
<td><div><pre>java.lang.NullPointerException
	at com.gsicommerce.romui.selenium.utilities.Browser.screenShot(Browser.java:320)
	at com.gsicommerce.romui.selenium.pages.ROMUIBasePage.tearDown(ROMUIBasePage.java:37)
	at java.base/java.util.ArrayList.forEach(ArrayList.java:1540)
... Removed 32 stack frames</pre></div><a href='#' onClick='toggleBox("stack-trace1164394344", this, "Click to show all stack frames", "Click to hide stack frames")'>Click to show all stack frames</a>
<div class='stack-trace' id='stack-trace1164394344'><pre>java.lang.NullPointerException
	at com.gsicommerce.romui.selenium.utilities.Browser.screenShot(Browser.java:320)
	at com.gsicommerce.romui.selenium.pages.ROMUIBasePage.tearDown(ROMUIBasePage.java:37)
	at java.base/jdk.internal.reflect.NativeMethodAccessorImpl.invoke0(Native Method)
	at java.base/jdk.internal.reflect.NativeMethodAccessorImpl.invoke(NativeMethodAccessorImpl.java:62)
	at java.base/jdk.internal.reflect.DelegatingMethodAccessorImpl.invoke(DelegatingMethodAccessorImpl.java:43)
	at java.base/java.lang.reflect.Method.invoke(Method.java:567)
	at org.testng.internal.MethodInvocationHelper.invokeMethod(MethodInvocationHelper.java:135)
	at org.testng.internal.MethodInvocationHelper.invokeMethodConsideringTimeout(MethodInvocationHelper.java:64)
	at org.testng.internal.ConfigInvoker.invokeConfigurationMethod(ConfigInvoker.java:364)
	at org.testng.internal.ConfigInvoker.invokeConfigurations(ConfigInvoker.java:318)
	at org.testng.internal.TestInvoker.runConfigMethods(TestInvoker.java:700)
	at org.testng.internal.TestInvoker.runAfterGroupsConfigurations(TestInvoker.java:676)
	at org.testng.internal.TestInvoker.invokeMethod(TestInvoker.java:547)
	at org.testng.internal.TestInvoker.invokeTestMethod(TestInvoker.java:174)
	at org.testng.internal.MethodRunner.runInSequence(MethodRunner.java:46)
	at org.testng.internal.TestInvoker$MethodInvocationAgent.invoke(TestInvoker.java:821)
	at org.testng.internal.TestInvoker.invokeTestMethods(TestInvoker.java:147)
	at org.testng.internal.TestMethodWorker.invokeTestMethods(TestMethodWorker.java:146)
	at org.testng.internal.TestMethodWorker.run(TestMethodWorker.java:128)
	at java.base/java.util.ArrayList.forEach(ArrayList.java:1540)
	at org.testng.TestRunner.privateRun(TestRunner.java:767)
	at org.testng.TestRunner.run(TestRunner.java:588)
	at org.testng.SuiteRunner.runTest(SuiteRunner.java:384)
	at org.testng.SuiteRunner.runSequentially(SuiteRunner.java:378)
	at org.testng.SuiteRunner.privateRun(SuiteRunner.java:337)
	at org.testng.SuiteRunner.run(SuiteRunner.java:286)
	at org.testng.SuiteRunnerWorker.runSuite(SuiteRunnerWorker.java:53)
	at org.testng.SuiteRunnerWorker.run(SuiteRunnerWorker.java:96)
	at org.testng.TestNG.runSuitesSequentially(TestNG.java:1214)
	at org.testng.TestNG.runSuitesLocally(TestNG.java:1136)
	at org.testng.TestNG.runSuites(TestNG.java:1066)
	at org.testng.TestNG.run(TestNG.java:1034)
	at org.testng.remote.AbstractRemoteTestNG.run(AbstractRemoteTestNG.java:115)
	at org.testng.remote.RemoteTestNG.initAndRun(RemoteTestNG.java:251)
	at org.testng.remote.RemoteTestNG.main(RemoteTestNG.java:77)
</pre></div></td>
<td>0</td>
<td>com.gsicommerce.romui.selenium.tests.InventoryOrganizationTests@302552ec</td></tr>
</table><p>
<table width='100%' border='1' class='invocation-skipped'>
<tr><td colspan='4' align='center'><b>SKIPPED CONFIGURATIONS</b></td></tr>
<tr><td><b>Test method</b></td>
<td width="30%"><b>Exception</b></td>
<td width="10%"><b>Time (seconds)</b></td>
<td><b>Instance</b></td>
</tr>
<tr>
<td title='com.gsicommerce.romui.selenium.tests.InventoryOrganizationTests.setup()'><b>setup</b><br>Test class: com.gsicommerce.romui.selenium.tests.InventoryOrganizationTests</td>
<td></td>
<td>-1594179839</td>
<td>com.gsicommerce.romui.selenium.tests.InventoryOrganizationTests@302552ec</td></tr>
<tr>
<td title='com.gsicommerce.romui.selenium.tests.InventoryOrganizationTests.setup()'><b>setup</b><br>Test class: com.gsicommerce.romui.selenium.tests.InventoryOrganizationTests</td>
<td></td>
<td>-1594179839</td>
<td>com.gsicommerce.romui.selenium.tests.InventoryOrganizationTests@302552ec</td></tr>
<tr>
<td title='com.gsicommerce.romui.selenium.tests.InventoryOrganizationTests.setup()'><b>setup</b><br>Test class: com.gsicommerce.romui.selenium.tests.InventoryOrganizationTests</td>
<td></td>
<td>-1594179839</td>
<td>com.gsicommerce.romui.selenium.tests.InventoryOrganizationTests@302552ec</td></tr>
</table><p>
<table width='100%' border='1' class='invocation-skipped'>
<tr><td colspan='4' align='center'><b>SKIPPED TESTS</b></td></tr>
<tr><td><b>Test method</b></td>
<td width="30%"><b>Exception</b></td>
<td width="10%"><b>Time (seconds)</b></td>
<td><b>Instance</b></td>
</tr>
<tr>
<td title='com.gsicommerce.romui.selenium.tests.InventoryOrganizationTests.testEditInventoryOrgs()'><b>testEditInventoryOrgs</b><br>Test class: com.gsicommerce.romui.selenium.tests.InventoryOrganizationTests<br>Test method: to Verify user able to Edit Inventory Organization </td>
<td><div><pre>java.lang.IllegalStateException: Failed to create remote webdriver
	at com.gsicommerce.romui.selenium.utilities.Browser.remoteWebDriver(Browser.java:276)
	at com.gsicommerce.romui.selenium.utilities.Browser.buildBrowserInstance(Browser.java:141)
	at com.gsicommerce.romui.selenium.utilities.Browser.getBrowserInstance(Browser.java:58)
	at com.gsicommerce.romui.selenium.utilities.Common.startApplication(Common.java:82)
	at com.gsicommerce.romui.selenium.pages.ROMUIBasePage.setup(ROMUIBasePage.java:28)
	at java.base/java.util.ArrayList.forEach(ArrayList.java:1540)
Caused by: java.lang.RuntimeException: java.net.MalformedURLException: no protocol: null6f739950dbcd5992e19bb6d3a68fd405/videos
	at com.mashape.unirest.http.HttpClientHelper.prepareRequest(HttpClientHelper.java:183)
	at com.mashape.unirest.http.HttpClientHelper.request(HttpClientHelper.java:131)
	at com.mashape.unirest.request.BaseRequest.asJson(BaseRequest.java:68)
	at com.crossbrowsertesting.AutomatedTest.startRecordingVideo(AutomatedTest.java:113)
	at com.gsicommerce.romui.selenium.utilities.Browser.remoteWebDriver(Browser.java:249)
	... 36 more
Caused by: java.net.MalformedURLException: no protocol: null6f739950dbcd5992e19bb6d3a68fd405/videos
	at java.base/java.net.URL.&lt;init&gt;(URL.java:657)
	at java.base/java.net.URL.&lt;init&gt;(URL.java:553)
	at java.base/java.net.URL.&lt;init&gt;(URL.java:500)
	at com.mashape.unirest.http.HttpClientHelper.prepareRequest(HttpClientHelper.java:171)
	... 40 more
... Removed 31 stack frames</pre></div><a href='#' onClick='toggleBox("stack-trace528877978", this, "Click to show all stack frames", "Click to hide stack frames")'>Click to show all stack frames</a>
<div class='stack-trace' id='stack-trace528877978'><pre>java.lang.IllegalStateException: Failed to create remote webdriver
	at com.gsicommerce.romui.selenium.utilities.Browser.remoteWebDriver(Browser.java:276)
	at com.gsicommerce.romui.selenium.utilities.Browser.buildBrowserInstance(Browser.java:141)
	at com.gsicommerce.romui.selenium.utilities.Browser.getBrowserInstance(Browser.java:58)
	at com.gsicommerce.romui.selenium.utilities.Common.startApplication(Common.java:82)
	at com.gsicommerce.romui.selenium.pages.ROMUIBasePage.setup(ROMUIBasePage.java:28)
	at java.base/jdk.internal.reflect.NativeMethodAccessorImpl.invoke0(Native Method)
	at java.base/jdk.internal.reflect.NativeMethodAccessorImpl.invoke(NativeMethodAccessorImpl.java:62)
	at java.base/jdk.internal.reflect.DelegatingMethodAccessorImpl.invoke(DelegatingMethodAccessorImpl.java:43)
	at java.base/java.lang.reflect.Method.invoke(Method.java:567)
	at org.testng.internal.MethodInvocationHelper.invokeMethod(MethodInvocationHelper.java:135)
	at org.testng.internal.MethodInvocationHelper.invokeMethodConsideringTimeout(MethodInvocationHelper.java:64)
	at org.testng.internal.ConfigInvoker.invokeConfigurationMethod(ConfigInvoker.java:364)
	at org.testng.internal.ConfigInvoker.invokeConfigurations(ConfigInvoker.java:318)
	at org.testng.internal.TestInvoker.runConfigMethods(TestInvoker.java:700)
	at org.testng.internal.TestInvoker.invokeMethod(TestInvoker.java:527)
	at org.testng.internal.TestInvoker.invokeTestMethod(TestInvoker.java:174)
	at org.testng.internal.MethodRunner.runInSequence(MethodRunner.java:46)
	at org.testng.internal.TestInvoker$MethodInvocationAgent.invoke(TestInvoker.java:821)
	at org.testng.internal.TestInvoker.invokeTestMethods(TestInvoker.java:147)
	at org.testng.internal.TestMethodWorker.invokeTestMethods(TestMethodWorker.java:146)
	at org.testng.internal.TestMethodWorker.run(TestMethodWorker.java:128)
	at java.base/java.util.ArrayList.forEach(ArrayList.java:1540)
	at org.testng.TestRunner.privateRun(TestRunner.java:767)
	at org.testng.TestRunner.run(TestRunner.java:588)
	at org.testng.SuiteRunner.runTest(SuiteRunner.java:384)
	at org.testng.SuiteRunner.runSequentially(SuiteRunner.java:378)
	at org.testng.SuiteRunner.privateRun(SuiteRunner.java:337)
	at org.testng.SuiteRunner.run(SuiteRunner.java:286)
	at org.testng.SuiteRunnerWorker.runSuite(SuiteRunnerWorker.java:53)
	at org.testng.SuiteRunnerWorker.run(SuiteRunnerWorker.java:96)
	at org.testng.TestNG.runSuitesSequentially(TestNG.java:1214)
	at org.testng.TestNG.runSuitesLocally(TestNG.java:1136)
	at org.testng.TestNG.runSuites(TestNG.java:1066)
	at org.testng.TestNG.run(TestNG.java:1034)
	at org.testng.remote.AbstractRemoteTestNG.run(AbstractRemoteTestNG.java:115)
	at org.testng.remote.RemoteTestNG.initAndRun(RemoteTestNG.java:251)
	at org.testng.remote.RemoteTestNG.main(RemoteTestNG.java:77)
Caused by: java.lang.RuntimeException: java.net.MalformedURLException: no protocol: null6f739950dbcd5992e19bb6d3a68fd405/videos
	at com.mashape.unirest.http.HttpClientHelper.prepareRequest(HttpClientHelper.java:183)
	at com.mashape.unirest.http.HttpClientHelper.request(HttpClientHelper.java:131)
	at com.mashape.unirest.request.BaseRequest.asJson(BaseRequest.java:68)
	at com.crossbrowsertesting.AutomatedTest.startRecordingVideo(AutomatedTest.java:113)
	at com.gsicommerce.romui.selenium.utilities.Browser.remoteWebDriver(Browser.java:249)
	... 36 more
Caused by: java.net.MalformedURLException: no protocol: null6f739950dbcd5992e19bb6d3a68fd405/videos
	at java.base/java.net.URL.&lt;init&gt;(URL.java:657)
	at java.base/java.net.URL.&lt;init&gt;(URL.java:553)
	at java.base/java.net.URL.&lt;init&gt;(URL.java:500)
	at com.mashape.unirest.http.HttpClientHelper.prepareRequest(HttpClientHelper.java:171)
	... 40 more
</pre></div></td>
<td>0</td>
<td>com.gsicommerce.romui.selenium.tests.InventoryOrganizationTests@302552ec</td></tr>
<tr>
<td title='com.gsicommerce.romui.selenium.tests.InventoryOrganizationTests.testEditInventoryOrgsFromView()'><b>testEditInventoryOrgsFromView</b><br>Test class: com.gsicommerce.romui.selenium.tests.InventoryOrganizationTests<br>Test method: to Verify user able to Edit Inventory Organization data from View Page </td>
<td><div><pre>java.lang.NullPointerException
	at com.gsicommerce.romui.selenium.utilities.Browser.screenShot(Browser.java:320)
	at com.gsicommerce.romui.selenium.pages.ROMUIBasePage.tearDown(ROMUIBasePage.java:37)
	at java.base/java.util.ArrayList.forEach(ArrayList.java:1540)
... Removed 32 stack frames</pre></div><a href='#' onClick='toggleBox("stack-trace1366581056", this, "Click to show all stack frames", "Click to hide stack frames")'>Click to show all stack frames</a>
<div class='stack-trace' id='stack-trace1366581056'><pre>java.lang.NullPointerException
	at com.gsicommerce.romui.selenium.utilities.Browser.screenShot(Browser.java:320)
	at com.gsicommerce.romui.selenium.pages.ROMUIBasePage.tearDown(ROMUIBasePage.java:37)
	at java.base/jdk.internal.reflect.NativeMethodAccessorImpl.invoke0(Native Method)
	at java.base/jdk.internal.reflect.NativeMethodAccessorImpl.invoke(NativeMethodAccessorImpl.java:62)
	at java.base/jdk.internal.reflect.DelegatingMethodAccessorImpl.invoke(DelegatingMethodAccessorImpl.java:43)
	at java.base/java.lang.reflect.Method.invoke(Method.java:567)
	at org.testng.internal.MethodInvocationHelper.invokeMethod(MethodInvocationHelper.java:135)
	at org.testng.internal.MethodInvocationHelper.invokeMethodConsideringTimeout(MethodInvocationHelper.java:64)
	at org.testng.internal.ConfigInvoker.invokeConfigurationMethod(ConfigInvoker.java:364)
	at org.testng.internal.ConfigInvoker.invokeConfigurations(ConfigInvoker.java:318)
	at org.testng.internal.TestInvoker.runConfigMethods(TestInvoker.java:700)
	at org.testng.internal.TestInvoker.runAfterGroupsConfigurations(TestInvoker.java:676)
	at org.testng.internal.TestInvoker.invokeMethod(TestInvoker.java:547)
	at org.testng.internal.TestInvoker.invokeTestMethod(TestInvoker.java:174)
	at org.testng.internal.MethodRunner.runInSequence(MethodRunner.java:46)
	at org.testng.internal.TestInvoker$MethodInvocationAgent.invoke(TestInvoker.java:821)
	at org.testng.internal.TestInvoker.invokeTestMethods(TestInvoker.java:147)
	at org.testng.internal.TestMethodWorker.invokeTestMethods(TestMethodWorker.java:146)
	at org.testng.internal.TestMethodWorker.run(TestMethodWorker.java:128)
	at java.base/java.util.ArrayList.forEach(ArrayList.java:1540)
	at org.testng.TestRunner.privateRun(TestRunner.java:767)
	at org.testng.TestRunner.run(TestRunner.java:588)
	at org.testng.SuiteRunner.runTest(SuiteRunner.java:384)
	at org.testng.SuiteRunner.runSequentially(SuiteRunner.java:378)
	at org.testng.SuiteRunner.privateRun(SuiteRunner.java:337)
	at org.testng.SuiteRunner.run(SuiteRunner.java:286)
	at org.testng.SuiteRunnerWorker.runSuite(SuiteRunnerWorker.java:53)
	at org.testng.SuiteRunnerWorker.run(SuiteRunnerWorker.java:96)
	at org.testng.TestNG.runSuitesSequentially(TestNG.java:1214)
	at org.testng.TestNG.runSuitesLocally(TestNG.java:1136)
	at org.testng.TestNG.runSuites(TestNG.java:1066)
	at org.testng.TestNG.run(TestNG.java:1034)
	at org.testng.remote.AbstractRemoteTestNG.run(AbstractRemoteTestNG.java:115)
	at org.testng.remote.RemoteTestNG.initAndRun(RemoteTestNG.java:251)
	at org.testng.remote.RemoteTestNG.main(RemoteTestNG.java:77)
</pre></div></td>
<td>0</td>
<td>com.gsicommerce.romui.selenium.tests.InventoryOrganizationTests@302552ec</td></tr>
<tr>
<td title='com.gsicommerce.romui.selenium.tests.InventoryOrganizationTests.testViewInventoryOrgsRecord()'><b>testViewInventoryOrgsRecord</b><br>Test class: com.gsicommerce.romui.selenium.tests.InventoryOrganizationTests<br>Test method: to Verify user able to view Inventory Organization </td>
<td><div><pre>java.lang.IllegalStateException: Failed to create remote webdriver
	at com.gsicommerce.romui.selenium.utilities.Browser.remoteWebDriver(Browser.java:276)
	at com.gsicommerce.romui.selenium.utilities.Browser.buildBrowserInstance(Browser.java:141)
	at com.gsicommerce.romui.selenium.utilities.Browser.getBrowserInstance(Browser.java:58)
	at com.gsicommerce.romui.selenium.utilities.Common.startApplication(Common.java:82)
	at com.gsicommerce.romui.selenium.pages.ROMUIBasePage.setup(ROMUIBasePage.java:28)
	at java.base/java.util.ArrayList.forEach(ArrayList.java:1540)
Caused by: java.lang.RuntimeException: java.net.MalformedURLException: no protocol: null6f739950dbcd5992e19bb6d3a68fd405/videos
	at com.mashape.unirest.http.HttpClientHelper.prepareRequest(HttpClientHelper.java:183)
	at com.mashape.unirest.http.HttpClientHelper.request(HttpClientHelper.java:131)
	at com.mashape.unirest.request.BaseRequest.asJson(BaseRequest.java:68)
	at com.crossbrowsertesting.AutomatedTest.startRecordingVideo(AutomatedTest.java:113)
	at com.gsicommerce.romui.selenium.utilities.Browser.remoteWebDriver(Browser.java:249)
	... 36 more
Caused by: java.net.MalformedURLException: no protocol: null6f739950dbcd5992e19bb6d3a68fd405/videos
	at java.base/java.net.URL.&lt;init&gt;(URL.java:657)
	at java.base/java.net.URL.&lt;init&gt;(URL.java:553)
	at java.base/java.net.URL.&lt;init&gt;(URL.java:500)
	at com.mashape.unirest.http.HttpClientHelper.prepareRequest(HttpClientHelper.java:171)
	... 40 more
... Removed 31 stack frames</pre></div><a href='#' onClick='toggleBox("stack-trace1418245573", this, "Click to show all stack frames", "Click to hide stack frames")'>Click to show all stack frames</a>
<div class='stack-trace' id='stack-trace1418245573'><pre>java.lang.IllegalStateException: Failed to create remote webdriver
	at com.gsicommerce.romui.selenium.utilities.Browser.remoteWebDriver(Browser.java:276)
	at com.gsicommerce.romui.selenium.utilities.Browser.buildBrowserInstance(Browser.java:141)
	at com.gsicommerce.romui.selenium.utilities.Browser.getBrowserInstance(Browser.java:58)
	at com.gsicommerce.romui.selenium.utilities.Common.startApplication(Common.java:82)
	at com.gsicommerce.romui.selenium.pages.ROMUIBasePage.setup(ROMUIBasePage.java:28)
	at java.base/jdk.internal.reflect.NativeMethodAccessorImpl.invoke0(Native Method)
	at java.base/jdk.internal.reflect.NativeMethodAccessorImpl.invoke(NativeMethodAccessorImpl.java:62)
	at java.base/jdk.internal.reflect.DelegatingMethodAccessorImpl.invoke(DelegatingMethodAccessorImpl.java:43)
	at java.base/java.lang.reflect.Method.invoke(Method.java:567)
	at org.testng.internal.MethodInvocationHelper.invokeMethod(MethodInvocationHelper.java:135)
	at org.testng.internal.MethodInvocationHelper.invokeMethodConsideringTimeout(MethodInvocationHelper.java:64)
	at org.testng.internal.ConfigInvoker.invokeConfigurationMethod(ConfigInvoker.java:364)
	at org.testng.internal.ConfigInvoker.invokeConfigurations(ConfigInvoker.java:318)
	at org.testng.internal.TestInvoker.runConfigMethods(TestInvoker.java:700)
	at org.testng.internal.TestInvoker.invokeMethod(TestInvoker.java:527)
	at org.testng.internal.TestInvoker.invokeTestMethod(TestInvoker.java:174)
	at org.testng.internal.MethodRunner.runInSequence(MethodRunner.java:46)
	at org.testng.internal.TestInvoker$MethodInvocationAgent.invoke(TestInvoker.java:821)
	at org.testng.internal.TestInvoker.invokeTestMethods(TestInvoker.java:147)
	at org.testng.internal.TestMethodWorker.invokeTestMethods(TestMethodWorker.java:146)
	at org.testng.internal.TestMethodWorker.run(TestMethodWorker.java:128)
	at java.base/java.util.ArrayList.forEach(ArrayList.java:1540)
	at org.testng.TestRunner.privateRun(TestRunner.java:767)
	at org.testng.TestRunner.run(TestRunner.java:588)
	at org.testng.SuiteRunner.runTest(SuiteRunner.java:384)
	at org.testng.SuiteRunner.runSequentially(SuiteRunner.java:378)
	at org.testng.SuiteRunner.privateRun(SuiteRunner.java:337)
	at org.testng.SuiteRunner.run(SuiteRunner.java:286)
	at org.testng.SuiteRunnerWorker.runSuite(SuiteRunnerWorker.java:53)
	at org.testng.SuiteRunnerWorker.run(SuiteRunnerWorker.java:96)
	at org.testng.TestNG.runSuitesSequentially(TestNG.java:1214)
	at org.testng.TestNG.runSuitesLocally(TestNG.java:1136)
	at org.testng.TestNG.runSuites(TestNG.java:1066)
	at org.testng.TestNG.run(TestNG.java:1034)
	at org.testng.remote.AbstractRemoteTestNG.run(AbstractRemoteTestNG.java:115)
	at org.testng.remote.RemoteTestNG.initAndRun(RemoteTestNG.java:251)
	at org.testng.remote.RemoteTestNG.main(RemoteTestNG.java:77)
Caused by: java.lang.RuntimeException: java.net.MalformedURLException: no protocol: null6f739950dbcd5992e19bb6d3a68fd405/videos
	at com.mashape.unirest.http.HttpClientHelper.prepareRequest(HttpClientHelper.java:183)
	at com.mashape.unirest.http.HttpClientHelper.request(HttpClientHelper.java:131)
	at com.mashape.unirest.request.BaseRequest.asJson(BaseRequest.java:68)
	at com.crossbrowsertesting.AutomatedTest.startRecordingVideo(AutomatedTest.java:113)
	at com.gsicommerce.romui.selenium.utilities.Browser.remoteWebDriver(Browser.java:249)
	... 36 more
Caused by: java.net.MalformedURLException: no protocol: null6f739950dbcd5992e19bb6d3a68fd405/videos
	at java.base/java.net.URL.&lt;init&gt;(URL.java:657)
	at java.base/java.net.URL.&lt;init&gt;(URL.java:553)
	at java.base/java.net.URL.&lt;init&gt;(URL.java:500)
	at com.mashape.unirest.http.HttpClientHelper.prepareRequest(HttpClientHelper.java:171)
	... 40 more
</pre></div></td>
<td>0</td>
<td>com.gsicommerce.romui.selenium.tests.InventoryOrganizationTests@302552ec</td></tr>
<tr>
<td title='com.gsicommerce.romui.selenium.tests.InventoryOrganizationTests.testverfiyInventoryOrgsRecord()'><b>testverfiyInventoryOrgsRecord</b><br>Test class: com.gsicommerce.romui.selenium.tests.InventoryOrganizationTests<br>Test method: to Verify user able to see Inventory Organization records displayed</td>
<td><div><pre>java.lang.IllegalStateException: Failed to create remote webdriver
	at com.gsicommerce.romui.selenium.utilities.Browser.remoteWebDriver(Browser.java:276)
	at com.gsicommerce.romui.selenium.utilities.Browser.buildBrowserInstance(Browser.java:141)
	at com.gsicommerce.romui.selenium.utilities.Browser.getBrowserInstance(Browser.java:58)
	at com.gsicommerce.romui.selenium.utilities.Common.startApplication(Common.java:82)
	at com.gsicommerce.romui.selenium.pages.ROMUIBasePage.setup(ROMUIBasePage.java:28)
	at java.base/java.util.ArrayList.forEach(ArrayList.java:1540)
Caused by: java.lang.RuntimeException: java.net.MalformedURLException: no protocol: null6f739950dbcd5992e19bb6d3a68fd405/videos
	at com.mashape.unirest.http.HttpClientHelper.prepareRequest(HttpClientHelper.java:183)
	at com.mashape.unirest.http.HttpClientHelper.request(HttpClientHelper.java:131)
	at com.mashape.unirest.request.BaseRequest.asJson(BaseRequest.java:68)
	at com.crossbrowsertesting.AutomatedTest.startRecordingVideo(AutomatedTest.java:113)
	at com.gsicommerce.romui.selenium.utilities.Browser.remoteWebDriver(Browser.java:249)
	... 36 more
Caused by: java.net.MalformedURLException: no protocol: null6f739950dbcd5992e19bb6d3a68fd405/videos
	at java.base/java.net.URL.&lt;init&gt;(URL.java:657)
	at java.base/java.net.URL.&lt;init&gt;(URL.java:553)
	at java.base/java.net.URL.&lt;init&gt;(URL.java:500)
	at com.mashape.unirest.http.HttpClientHelper.prepareRequest(HttpClientHelper.java:171)
	... 40 more
... Removed 31 stack frames</pre></div><a href='#' onClick='toggleBox("stack-trace91220956", this, "Click to show all stack frames", "Click to hide stack frames")'>Click to show all stack frames</a>
<div class='stack-trace' id='stack-trace91220956'><pre>java.lang.IllegalStateException: Failed to create remote webdriver
	at com.gsicommerce.romui.selenium.utilities.Browser.remoteWebDriver(Browser.java:276)
	at com.gsicommerce.romui.selenium.utilities.Browser.buildBrowserInstance(Browser.java:141)
	at com.gsicommerce.romui.selenium.utilities.Browser.getBrowserInstance(Browser.java:58)
	at com.gsicommerce.romui.selenium.utilities.Common.startApplication(Common.java:82)
	at com.gsicommerce.romui.selenium.pages.ROMUIBasePage.setup(ROMUIBasePage.java:28)
	at java.base/jdk.internal.reflect.NativeMethodAccessorImpl.invoke0(Native Method)
	at java.base/jdk.internal.reflect.NativeMethodAccessorImpl.invoke(NativeMethodAccessorImpl.java:62)
	at java.base/jdk.internal.reflect.DelegatingMethodAccessorImpl.invoke(DelegatingMethodAccessorImpl.java:43)
	at java.base/java.lang.reflect.Method.invoke(Method.java:567)
	at org.testng.internal.MethodInvocationHelper.invokeMethod(MethodInvocationHelper.java:135)
	at org.testng.internal.MethodInvocationHelper.invokeMethodConsideringTimeout(MethodInvocationHelper.java:64)
	at org.testng.internal.ConfigInvoker.invokeConfigurationMethod(ConfigInvoker.java:364)
	at org.testng.internal.ConfigInvoker.invokeConfigurations(ConfigInvoker.java:318)
	at org.testng.internal.TestInvoker.runConfigMethods(TestInvoker.java:700)
	at org.testng.internal.TestInvoker.invokeMethod(TestInvoker.java:527)
	at org.testng.internal.TestInvoker.invokeTestMethod(TestInvoker.java:174)
	at org.testng.internal.MethodRunner.runInSequence(MethodRunner.java:46)
	at org.testng.internal.TestInvoker$MethodInvocationAgent.invoke(TestInvoker.java:821)
	at org.testng.internal.TestInvoker.invokeTestMethods(TestInvoker.java:147)
	at org.testng.internal.TestMethodWorker.invokeTestMethods(TestMethodWorker.java:146)
	at org.testng.internal.TestMethodWorker.run(TestMethodWorker.java:128)
	at java.base/java.util.ArrayList.forEach(ArrayList.java:1540)
	at org.testng.TestRunner.privateRun(TestRunner.java:767)
	at org.testng.TestRunner.run(TestRunner.java:588)
	at org.testng.SuiteRunner.runTest(SuiteRunner.java:384)
	at org.testng.SuiteRunner.runSequentially(SuiteRunner.java:378)
	at org.testng.SuiteRunner.privateRun(SuiteRunner.java:337)
	at org.testng.SuiteRunner.run(SuiteRunner.java:286)
	at org.testng.SuiteRunnerWorker.runSuite(SuiteRunnerWorker.java:53)
	at org.testng.SuiteRunnerWorker.run(SuiteRunnerWorker.java:96)
	at org.testng.TestNG.runSuitesSequentially(TestNG.java:1214)
	at org.testng.TestNG.runSuitesLocally(TestNG.java:1136)
	at org.testng.TestNG.runSuites(TestNG.java:1066)
	at org.testng.TestNG.run(TestNG.java:1034)
	at org.testng.remote.AbstractRemoteTestNG.run(AbstractRemoteTestNG.java:115)
	at org.testng.remote.RemoteTestNG.initAndRun(RemoteTestNG.java:251)
	at org.testng.remote.RemoteTestNG.main(RemoteTestNG.java:77)
Caused by: java.lang.RuntimeException: java.net.MalformedURLException: no protocol: null6f739950dbcd5992e19bb6d3a68fd405/videos
	at com.mashape.unirest.http.HttpClientHelper.prepareRequest(HttpClientHelper.java:183)
	at com.mashape.unirest.http.HttpClientHelper.request(HttpClientHelper.java:131)
	at com.mashape.unirest.request.BaseRequest.asJson(BaseRequest.java:68)
	at com.crossbrowsertesting.AutomatedTest.startRecordingVideo(AutomatedTest.java:113)
	at com.gsicommerce.romui.selenium.utilities.Browser.remoteWebDriver(Browser.java:249)
	... 36 more
Caused by: java.net.MalformedURLException: no protocol: null6f739950dbcd5992e19bb6d3a68fd405/videos
	at java.base/java.net.URL.&lt;init&gt;(URL.java:657)
	at java.base/java.net.URL.&lt;init&gt;(URL.java:553)
	at java.base/java.net.URL.&lt;init&gt;(URL.java:500)
	at com.mashape.unirest.http.HttpClientHelper.prepareRequest(HttpClientHelper.java:171)
	... 40 more
</pre></div></td>
<td>0</td>
<td>com.gsicommerce.romui.selenium.tests.InventoryOrganizationTests@302552ec</td></tr>
</table><p>
</body>
</html>