<?xml version="1.0" encoding="UTF-8"?>
<!-- Generated by org.testng.reporters.JUnitXMLReporter -->
<testsuite ignored="0" hostname="KOP-BM5TNF2" failures="0" tests="9" name="InventorySearchTests" time="37.309" errors="0" timestamp="2020-07-07T23:44:36 EDT">
  <testcase classname="com.gsicommerce.romui.selenium.pages.ROMUIBasePage" name="@BeforeMethod setup" time="37.23">
    <failure type="java.lang.IllegalStateException" message="Failed to create remote webdriver">
      <![CDATA[java.lang.IllegalStateException: Failed to create remote webdriver
at com.gsicommerce.romui.selenium.utilities.Browser.remoteWebDriver(Browser.java:276)
at com.gsicommerce.romui.selenium.utilities.Browser.buildBrowserInstance(Browser.java:141)
at com.gsicommerce.romui.selenium.utilities.Browser.getBrowserInstance(Browser.java:58)
at com.gsicommerce.romui.selenium.utilities.Common.startApplication(Common.java:82)
at com.gsicommerce.romui.selenium.pages.ROMUIBasePage.setup(ROMUIBasePage.java:28)
at java.base/java.util.ArrayList.forEach(ArrayList.java:1540)
Caused by: org.openqa.selenium.WebDriverException: Unable to parse remote response: session was ended by the user before it started
at org.openqa.selenium.remote.ProtocolHandshake.createSession(ProtocolHandshake.java:115)
at org.openqa.selenium.remote.ProtocolHandshake.createSession(ProtocolHandshake.java:74)
at org.openqa.selenium.remote.HttpCommandExecutor.execute(HttpCommandExecutor.java:136)
at org.openqa.selenium.remote.RemoteWebDriver.execute(RemoteWebDriver.java:552)
at org.openqa.selenium.remote.RemoteWebDriver.startSession(RemoteWebDriver.java:213)
at org.openqa.selenium.remote.RemoteWebDriver.<init>(RemoteWebDriver.java:131)
at org.openqa.selenium.remote.RemoteWebDriver.<init>(RemoteWebDriver.java:144)
at com.gsicommerce.romui.selenium.utilities.Browser.remoteWebDriver(Browser.java:243)
... 36 more
Caused by: org.openqa.selenium.json.JsonException: Unable to determine type from: s. Last 1 characters read: s
Build info: version: '3.141.59', revision: 'e82be7d358', time: '2018-11-14T08:17:03'
System info: host: 'KOP-BM5TNF2', ip: '10.140.133.212', os.name: 'Windows 10', os.arch: 'amd64', os.version: '10.0', java.version: '12.0.2'
Driver info: driver.version: RemoteWebDriver
at org.openqa.selenium.json.JsonInput.peek(JsonInput.java:122)
at org.openqa.selenium.json.JsonTypeCoercer.lambda$null$6(JsonTypeCoercer.java:140)
at org.openqa.selenium.json.JsonTypeCoercer.coerce(JsonTypeCoercer.java:126)
at org.openqa.selenium.json.Json.toType(Json.java:69)
at org.openqa.selenium.json.Json.toType(Json.java:55)
at org.openqa.selenium.json.Json.toType(Json.java:50)
at org.openqa.selenium.remote.ProtocolHandshake.createSession(ProtocolHandshake.java:112)
... 43 more
... Removed 31 stack frames]]>
    </failure>
  </testcase> <!-- @BeforeMethod setup -->
  <testcase classname="com.gsicommerce.romui.selenium.pages.ROMUIBasePage" name="@AfterMethod tearDown" time="0.002">
    <failure type="java.lang.NullPointerException">
      <![CDATA[java.lang.NullPointerException
at com.gsicommerce.romui.selenium.utilities.Browser.screenShot(Browser.java:320)
at com.gsicommerce.romui.selenium.pages.ROMUIBasePage.tearDown(ROMUIBasePage.java:37)
at java.base/java.util.ArrayList.forEach(ArrayList.java:1540)
... Removed 32 stack frames]]>
    </failure>
  </testcase> <!-- @AfterMethod tearDown -->
  <testcase classname="com.gsicommerce.romui.selenium.pages.ROMUIBasePage" name="@BeforeMethod setup" time="-1.594179876638E9">
    <skipped/>
  </testcase> <!-- @BeforeMethod setup -->
  <testcase classname="com.gsicommerce.romui.selenium.pages.ROMUIBasePage" name="@AfterMethod tearDown" time="0.002">
    <failure type="java.lang.NullPointerException">
      <![CDATA[java.lang.NullPointerException
at com.gsicommerce.romui.selenium.utilities.Browser.screenShot(Browser.java:320)
at com.gsicommerce.romui.selenium.pages.ROMUIBasePage.tearDown(ROMUIBasePage.java:37)
at java.base/java.util.ArrayList.forEach(ArrayList.java:1540)
... Removed 32 stack frames]]>
    </failure>
  </testcase> <!-- @AfterMethod tearDown -->
  <testcase classname="com.gsicommerce.romui.selenium.pages.ROMUIBasePage" name="@BeforeMethod setup" time="-1.594179876645E9">
    <skipped/>
  </testcase> <!-- @BeforeMethod setup -->
  <testcase classname="com.gsicommerce.romui.selenium.pages.ROMUIBasePage" name="@AfterMethod tearDown" time="0.002">
    <failure type="java.lang.NullPointerException">
      <![CDATA[java.lang.NullPointerException
at com.gsicommerce.romui.selenium.utilities.Browser.screenShot(Browser.java:320)
at com.gsicommerce.romui.selenium.pages.ROMUIBasePage.tearDown(ROMUIBasePage.java:37)
at java.base/java.util.ArrayList.forEach(ArrayList.java:1540)
... Removed 32 stack frames]]>
    </failure>
  </testcase> <!-- @AfterMethod tearDown -->
  <testcase classname="com.gsicommerce.romui.selenium.pages.ROMUIBasePage" name="@BeforeMethod setup" time="-1.594179876652E9">
    <skipped/>
  </testcase> <!-- @BeforeMethod setup -->
  <testcase classname="com.gsicommerce.romui.selenium.pages.ROMUIBasePage" name="@AfterMethod tearDown" time="0.002">
    <failure type="java.lang.NullPointerException">
      <![CDATA[java.lang.NullPointerException
at com.gsicommerce.romui.selenium.utilities.Browser.screenShot(Browser.java:320)
at com.gsicommerce.romui.selenium.pages.ROMUIBasePage.tearDown(ROMUIBasePage.java:37)
at java.base/java.util.ArrayList.forEach(ArrayList.java:1540)
... Removed 32 stack frames]]>
    </failure>
  </testcase> <!-- @AfterMethod tearDown -->
  <testcase classname="com.gsicommerce.romui.selenium.pages.ROMUIBasePage" name="@BeforeMethod setup" time="-1.59417987666E9">
    <skipped/>
  </testcase> <!-- @BeforeMethod setup -->
  <testcase classname="com.gsicommerce.romui.selenium.pages.ROMUIBasePage" name="@AfterMethod tearDown" time="0.002">
    <failure type="java.lang.NullPointerException">
      <![CDATA[java.lang.NullPointerException
at com.gsicommerce.romui.selenium.utilities.Browser.screenShot(Browser.java:320)
at com.gsicommerce.romui.selenium.pages.ROMUIBasePage.tearDown(ROMUIBasePage.java:37)
at java.base/java.util.ArrayList.forEach(ArrayList.java:1540)
... Removed 32 stack frames]]>
    </failure>
  </testcase> <!-- @AfterMethod tearDown -->
  <testcase classname="com.gsicommerce.romui.selenium.pages.ROMUIBasePage" name="@BeforeMethod setup" time="-1.594179876667E9">
    <skipped/>
  </testcase> <!-- @BeforeMethod setup -->
  <testcase classname="com.gsicommerce.romui.selenium.pages.ROMUIBasePage" name="@AfterMethod tearDown" time="0.003">
    <failure type="java.lang.NullPointerException">
      <![CDATA[java.lang.NullPointerException
at com.gsicommerce.romui.selenium.utilities.Browser.screenShot(Browser.java:320)
at com.gsicommerce.romui.selenium.pages.ROMUIBasePage.tearDown(ROMUIBasePage.java:37)
at java.base/java.util.ArrayList.forEach(ArrayList.java:1540)
... Removed 32 stack frames]]>
    </failure>
  </testcase> <!-- @AfterMethod tearDown -->
  <testcase classname="com.gsicommerce.romui.selenium.pages.ROMUIBasePage" name="@BeforeMethod setup" time="-1.594179876678E9">
    <skipped/>
  </testcase> <!-- @BeforeMethod setup -->
  <testcase classname="com.gsicommerce.romui.selenium.pages.ROMUIBasePage" name="@AfterMethod tearDown" time="0.002">
    <failure type="java.lang.NullPointerException">
      <![CDATA[java.lang.NullPointerException
at com.gsicommerce.romui.selenium.utilities.Browser.screenShot(Browser.java:320)
at com.gsicommerce.romui.selenium.pages.ROMUIBasePage.tearDown(ROMUIBasePage.java:37)
at java.base/java.util.ArrayList.forEach(ArrayList.java:1540)
... Removed 31 stack frames]]>
    </failure>
  </testcase> <!-- @AfterMethod tearDown -->
  <testcase classname="com.gsicommerce.romui.selenium.pages.ROMUIBasePage" name="@BeforeMethod setup" time="-1.594179876687E9">
    <skipped/>
  </testcase> <!-- @BeforeMethod setup -->
  <testcase classname="com.gsicommerce.romui.selenium.pages.ROMUIBasePage" name="@AfterMethod tearDown" time="0.002">
    <failure type="java.lang.NullPointerException">
      <![CDATA[java.lang.NullPointerException
at com.gsicommerce.romui.selenium.utilities.Browser.screenShot(Browser.java:320)
at com.gsicommerce.romui.selenium.pages.ROMUIBasePage.tearDown(ROMUIBasePage.java:37)
at java.base/java.util.ArrayList.forEach(ArrayList.java:1540)
... Removed 31 stack frames]]>
    </failure>
  </testcase> <!-- @AfterMethod tearDown -->
  <testcase classname="com.gsicommerce.romui.selenium.pages.ROMUIBasePage" name="@BeforeMethod setup" time="-1.594179876696E9">
    <skipped/>
  </testcase> <!-- @BeforeMethod setup -->
  <testcase classname="com.gsicommerce.romui.selenium.pages.ROMUIBasePage" name="@AfterMethod tearDown" time="0.002">
    <failure type="java.lang.NullPointerException">
      <![CDATA[java.lang.NullPointerException
at com.gsicommerce.romui.selenium.utilities.Browser.screenShot(Browser.java:320)
at com.gsicommerce.romui.selenium.pages.ROMUIBasePage.tearDown(ROMUIBasePage.java:37)
at java.base/java.util.ArrayList.forEach(ArrayList.java:1540)
... Removed 31 stack frames]]>
    </failure>
  </testcase> <!-- @AfterMethod tearDown -->
  <testcase classname="com.gsicommerce.romui.selenium.tests.InventorySearchTests" name="testAddInventoryforItemSearch" time="0.0">
    <skipped/>
  </testcase> <!-- testAddInventoryforItemSearch -->
  <testcase classname="com.gsicommerce.romui.selenium.tests.InventorySearchTests" name="testAddInventoryforProductIDSearch" time="0.0">
    <skipped/>
  </testcase> <!-- testAddInventoryforProductIDSearch -->
  <testcase classname="com.gsicommerce.romui.selenium.tests.InventorySearchTests" name="testAddInventoryforStyleIDSearch" time="0.0">
    <skipped/>
  </testcase> <!-- testAddInventoryforStyleIDSearch -->
  <testcase classname="com.gsicommerce.romui.selenium.tests.InventorySearchTests" name="testAddInventoryforStatusSearch" time="0.0">
    <skipped/>
  </testcase> <!-- testAddInventoryforStatusSearch -->
  <testcase classname="com.gsicommerce.romui.selenium.tests.InventorySearchTests" name="testAddInventoryForMultipleSelection" time="0.0">
    <skipped/>
  </testcase> <!-- testAddInventoryForMultipleSelection -->
  <testcase classname="com.gsicommerce.romui.selenium.tests.InventorySearchTests" name="testVerifyInventorySearch" time="0.0">
    <skipped/>
  </testcase> <!-- testVerifyInventorySearch -->
  <testcase classname="com.gsicommerce.romui.selenium.tests.InventorySearchTests" name="testVerifyAjustInventory" time="0.0">
    <skipped/>
  </testcase> <!-- testVerifyAjustInventory -->
  <testcase classname="com.gsicommerce.romui.selenium.tests.InventorySearchTests" name="testVerifyMoveInventory" time="0.0">
    <skipped/>
  </testcase> <!-- testVerifyMoveInventory -->
  <testcase classname="com.gsicommerce.romui.selenium.tests.InventorySearchTests" name="testVerifyViewAudit" time="0.0">
    <skipped/>
  </testcase> <!-- testVerifyViewAudit -->
</testsuite> <!-- InventorySearchTests -->
