<?xml version="1.0" encoding="UTF-8"?>
<!-- Generated by org.testng.reporters.JUnitXMLReporter -->
<testsuite ignored="0" hostname="KOP-BM5TNF2" failures="0" tests="4" name="InventoryOrganizationTests" time="109.664" errors="0" timestamp="2020-07-07T23:43:59 EDT">
  <testcase classname="com.gsicommerce.romui.selenium.pages.ROMUIBasePage" name="@BeforeMethod setup" time="109.643">
    <failure type="java.lang.IllegalStateException" message="Failed to create remote webdriver">
      <![CDATA[java.lang.IllegalStateException: Failed to create remote webdriver
at com.gsicommerce.romui.selenium.utilities.Browser.remoteWebDriver(Browser.java:276)
at com.gsicommerce.romui.selenium.utilities.Browser.buildBrowserInstance(Browser.java:141)
at com.gsicommerce.romui.selenium.utilities.Browser.getBrowserInstance(Browser.java:58)
at com.gsicommerce.romui.selenium.utilities.Common.startApplication(Common.java:82)
at com.gsicommerce.romui.selenium.pages.ROMUIBasePage.setup(ROMUIBasePage.java:28)
at java.base/java.util.ArrayList.forEach(ArrayList.java:1540)
Caused by: java.lang.RuntimeException: java.net.MalformedURLException: no protocol: null6f739950dbcd5992e19bb6d3a68fd405/videos
at com.mashape.unirest.http.HttpClientHelper.prepareRequest(HttpClientHelper.java:183)
at com.mashape.unirest.http.HttpClientHelper.request(HttpClientHelper.java:131)
at com.mashape.unirest.request.BaseRequest.asJson(BaseRequest.java:68)
at com.crossbrowsertesting.AutomatedTest.startRecordingVideo(AutomatedTest.java:113)
at com.gsicommerce.romui.selenium.utilities.Browser.remoteWebDriver(Browser.java:249)
... 36 more
Caused by: java.net.MalformedURLException: no protocol: null6f739950dbcd5992e19bb6d3a68fd405/videos
at java.base/java.net.URL.<init>(URL.java:657)
at java.base/java.net.URL.<init>(URL.java:553)
at java.base/java.net.URL.<init>(URL.java:500)
at com.mashape.unirest.http.HttpClientHelper.prepareRequest(HttpClientHelper.java:171)
... 40 more
... Removed 31 stack frames]]>
    </failure>
  </testcase> <!-- @BeforeMethod setup -->
  <testcase classname="com.gsicommerce.romui.selenium.pages.ROMUIBasePage" name="@AfterMethod tearDown" time="0.001">
    <failure type="java.lang.NullPointerException">
      <![CDATA[java.lang.NullPointerException
at com.gsicommerce.romui.selenium.utilities.Browser.screenShot(Browser.java:320)
at com.gsicommerce.romui.selenium.pages.ROMUIBasePage.tearDown(ROMUIBasePage.java:37)
at java.base/java.util.ArrayList.forEach(ArrayList.java:1540)
... Removed 32 stack frames]]>
    </failure>
  </testcase> <!-- @AfterMethod tearDown -->
  <testcase classname="com.gsicommerce.romui.selenium.pages.ROMUIBasePage" name="@BeforeMethod setup" time="-1.594179839192E9">
    <skipped/>
  </testcase> <!-- @BeforeMethod setup -->
  <testcase classname="com.gsicommerce.romui.selenium.pages.ROMUIBasePage" name="@AfterMethod tearDown" time="0.001">
    <failure type="java.lang.NullPointerException">
      <![CDATA[java.lang.NullPointerException
at com.gsicommerce.romui.selenium.utilities.Browser.screenShot(Browser.java:320)
at com.gsicommerce.romui.selenium.pages.ROMUIBasePage.tearDown(ROMUIBasePage.java:37)
at java.base/java.util.ArrayList.forEach(ArrayList.java:1540)
... Removed 32 stack frames]]>
    </failure>
  </testcase> <!-- @AfterMethod tearDown -->
  <testcase classname="com.gsicommerce.romui.selenium.pages.ROMUIBasePage" name="@BeforeMethod setup" time="-1.594179839197E9">
    <skipped/>
  </testcase> <!-- @BeforeMethod setup -->
  <testcase classname="com.gsicommerce.romui.selenium.pages.ROMUIBasePage" name="@AfterMethod tearDown" time="0.001">
    <failure type="java.lang.NullPointerException">
      <![CDATA[java.lang.NullPointerException
at com.gsicommerce.romui.selenium.utilities.Browser.screenShot(Browser.java:320)
at com.gsicommerce.romui.selenium.pages.ROMUIBasePage.tearDown(ROMUIBasePage.java:37)
at java.base/java.util.ArrayList.forEach(ArrayList.java:1540)
... Removed 32 stack frames]]>
    </failure>
  </testcase> <!-- @AfterMethod tearDown -->
  <testcase classname="com.gsicommerce.romui.selenium.pages.ROMUIBasePage" name="@BeforeMethod setup" time="-1.594179839203E9">
    <skipped/>
  </testcase> <!-- @BeforeMethod setup -->
  <testcase classname="com.gsicommerce.romui.selenium.pages.ROMUIBasePage" name="@AfterMethod tearDown" time="0.001">
    <failure type="java.lang.NullPointerException">
      <![CDATA[java.lang.NullPointerException
at com.gsicommerce.romui.selenium.utilities.Browser.screenShot(Browser.java:320)
at com.gsicommerce.romui.selenium.pages.ROMUIBasePage.tearDown(ROMUIBasePage.java:37)
at java.base/java.util.ArrayList.forEach(ArrayList.java:1540)
... Removed 32 stack frames]]>
    </failure>
  </testcase> <!-- @AfterMethod tearDown -->
  <testcase classname="com.gsicommerce.romui.selenium.tests.InventoryOrganizationTests" name="testverfiyInventoryOrgsRecord" time="0.0">
    <skipped/>
  </testcase> <!-- testverfiyInventoryOrgsRecord -->
  <testcase classname="com.gsicommerce.romui.selenium.tests.InventoryOrganizationTests" name="testEditInventoryOrgs" time="0.0">
    <skipped/>
  </testcase> <!-- testEditInventoryOrgs -->
  <testcase classname="com.gsicommerce.romui.selenium.tests.InventoryOrganizationTests" name="testViewInventoryOrgsRecord" time="0.0">
    <skipped/>
  </testcase> <!-- testViewInventoryOrgsRecord -->
  <testcase classname="com.gsicommerce.romui.selenium.tests.InventoryOrganizationTests" name="testEditInventoryOrgsFromView" time="0.0">
    <skipped/>
  </testcase> <!-- testEditInventoryOrgsFromView -->
</testsuite> <!-- InventoryOrganizationTests -->
