<?xml version="1.0" encoding="UTF-8"?>
<!-- Generated by org.testng.reporters.JUnitXMLReporter -->
<testsuite ignored="0" hostname="KOP-BM5TNF2" failures="0" tests="1" name="OrderCreateTests" time="0.089" errors="0" timestamp="2020-07-06T19:58:13 EDT">
  <testcase classname="com.gsicommerce.romui.selenium.pages.ROMUIBasePage" name="@BeforeMethod setup" time="0.046">
    <failure type="java.lang.NoSuchMethodError" message="com.google.common.collect.ImmutableList.toImmutableList()Ljava/util/stream/Collector;">
      <![CDATA[java.lang.NoSuchMethodError: com.google.common.collect.ImmutableList.toImmutableList()Ljava/util/stream/Collector;
at org.openqa.selenium.chrome.ChromeOptions.asMap(ChromeOptions.java:292)
at org.openqa.selenium.MutableCapabilities.merge(MutableCapabilities.java:73)
at org.openqa.selenium.chrome.ChromeOptions.merge(ChromeOptions.java:91)
at org.openqa.selenium.chrome.ChromeOptions.merge(ChromeOptions.java:71)
at org.openqa.selenium.MutableCapabilities.setCapability(MutableCapabilities.java:96)
at com.gsicommerce.romui.selenium.utilities.Browser.buildBrowserInstance(Browser.java:89)
at com.gsicommerce.romui.selenium.utilities.Browser.getBrowserInstance(Browser.java:54)
at com.gsicommerce.romui.selenium.utilities.Common.startApplication(Common.java:86)
at com.gsicommerce.romui.selenium.pages.ROMUIBasePage.setup(ROMUIBasePage.java:28)
at java.base/java.util.ArrayList.forEach(ArrayList.java:1540)
... Removed 31 stack frames]]>
    </failure>
  </testcase> <!-- @BeforeMethod setup -->
  <testcase classname="com.gsicommerce.romui.selenium.pages.ROMUIBasePage" name="@AfterMethod tearDown" time="0.003">
    <failure type="java.lang.NullPointerException">
      <![CDATA[java.lang.NullPointerException
at com.gsicommerce.romui.selenium.utilities.Browser.screenShot(Browser.java:296)
at com.gsicommerce.romui.selenium.pages.ROMUIBasePage.tearDown(ROMUIBasePage.java:37)
at java.base/java.util.ArrayList.forEach(ArrayList.java:1540)
... Removed 32 stack frames]]>
    </failure>
  </testcase> <!-- @AfterMethod tearDown -->
  <testcase classname="com.gsicommerce.romui.selenium.tests.OrderCreateTests" name="testCreateOrder" time="0.0">
    <skipped/>
  </testcase> <!-- testCreateOrder -->
</testsuite> <!-- OrderCreateTests -->
