<?xml version="1.0" encoding="UTF-8"?>
<!-- Generated by org.testng.reporters.JUnitXMLReporter -->
<testsuite ignored="13" hostname="KOP-BM5TNF2" failures="1" tests="1" name="OrdersTests" time="61.238" errors="0" timestamp="2020-06-17T22:37:24 EDT">
  <testcase classname="com.gsicommerce.romui.selenium.tests.OrdersTests" name="testAddZCOrder" time="49.579">
    <failure type="org.openqa.selenium.NoSuchElementException" message="no such element: Unable to locate element: {&amp;quot;method&amp;quot;:&amp;quot;css selector&amp;quot;,&amp;quot;selector&amp;quot;:&amp;quot;#orders_line_item_quantity&amp;quot;}
  (Session info: chrome=83.0.4103.106)
For documentation on this error, please visit: https://www.seleniumhq.org/exceptions/no_such_element.html
Build info: version: &amp;apos;3.141.59&amp;apos;, revision: &amp;apos;e82be7d358&amp;apos;, time: &amp;apos;2018-11-14T08:17:03&amp;apos;
System info: host: &amp;apos;KOP-BM5TNF2&amp;apos;, ip: &amp;apos;10.140.135.15&amp;apos;, os.name: &amp;apos;Windows 10&amp;apos;, os.arch: &amp;apos;amd64&amp;apos;, os.version: &amp;apos;10.0&amp;apos;, java.version: &amp;apos;12.0.2&amp;apos;
Driver info: org.openqa.selenium.chrome.ChromeDriver
Capabilities {acceptInsecureCerts: false, browserName: chrome, browserVersion: 83.0.4103.106, chrome: {chromedriverVersion: 83.0.4103.39 (ccbf011cb2d2b..., userDataDir: C:\Users\shedubey\AppData\L...}, goog:chromeOptions: {debuggerAddress: localhost:56384}, javascriptEnabled: true, networkConnectionEnabled: false, pageLoadStrategy: normal, platform: WINDOWS, platformName: WINDOWS, proxy: Proxy(), setWindowRect: true, strictFileInteractability: false, timeouts: {implicit: 0, pageLoad: 300000, script: 30000}, unhandledPromptBehavior: dismiss and notify, webauthn:virtualAuthenticators: true}
Session ID: 59f71c199ad06ac62aa3d99e04b98efe
*** Element info: {Using=css selector, value=#orders_line_item_quantity}">
      <![CDATA[org.openqa.selenium.NoSuchElementException: no such element: Unable to locate element: {"method":"css selector","selector":"#orders_line_item_quantity"}
  (Session info: chrome=83.0.4103.106)
For documentation on this error, please visit: https://www.seleniumhq.org/exceptions/no_such_element.html
Build info: version: '3.141.59', revision: 'e82be7d358', time: '2018-11-14T08:17:03'
System info: host: 'KOP-BM5TNF2', ip: '10.140.135.15', os.name: 'Windows 10', os.arch: 'amd64', os.version: '10.0', java.version: '12.0.2'
Driver info: org.openqa.selenium.chrome.ChromeDriver
Capabilities {acceptInsecureCerts: false, browserName: chrome, browserVersion: 83.0.4103.106, chrome: {chromedriverVersion: 83.0.4103.39 (ccbf011cb2d2b..., userDataDir: C:\Users\shedubey\AppData\L...}, goog:chromeOptions: {debuggerAddress: localhost:56384}, javascriptEnabled: true, networkConnectionEnabled: false, pageLoadStrategy: normal, platform: WINDOWS, platformName: WINDOWS, proxy: Proxy(), setWindowRect: true, strictFileInteractability: false, timeouts: {implicit: 0, pageLoad: 300000, script: 30000}, unhandledPromptBehavior: dismiss and notify, webauthn:virtualAuthenticators: true}
Session ID: 59f71c199ad06ac62aa3d99e04b98efe
*** Element info: {Using=css selector, value=#orders_line_item_quantity}
at org.openqa.selenium.remote.http.W3CHttpResponseCodec.createException(W3CHttpResponseCodec.java:187)
at org.openqa.selenium.remote.http.W3CHttpResponseCodec.decode(W3CHttpResponseCodec.java:122)
at org.openqa.selenium.remote.http.W3CHttpResponseCodec.decode(W3CHttpResponseCodec.java:49)
at org.openqa.selenium.remote.HttpCommandExecutor.execute(HttpCommandExecutor.java:158)
at org.openqa.selenium.remote.service.DriverCommandExecutor.execute(DriverCommandExecutor.java:83)
at org.openqa.selenium.remote.RemoteWebDriver.execute(RemoteWebDriver.java:552)
at org.openqa.selenium.remote.RemoteWebDriver.findElement(RemoteWebDriver.java:323)
at org.openqa.selenium.remote.RemoteWebDriver.findElementByCssSelector(RemoteWebDriver.java:420)
at org.openqa.selenium.By$ByCssSelector.findElement(By.java:431)
at org.openqa.selenium.remote.RemoteWebDriver.findElement(RemoteWebDriver.java:315)
at org.openqa.selenium.support.pagefactory.DefaultElementLocator.findElement(DefaultElementLocator.java:69)
at org.openqa.selenium.support.pagefactory.internal.LocatingElementHandler.invoke(LocatingElementHandler.java:38)
at com.sun.proxy.$Proxy14.clear(Unknown Source)
at com.gsicommerce.romui.selenium.utilities.Action.enter(Action.java:810)
at com.gsicommerce.romui.selenium.pages.ordermanagement.OrdersPage.addItem(OrdersPage.java:570)
at com.gsicommerce.romui.selenium.pages.ordermanagement.OrdersPage.addZeroCostOrder(OrdersPage.java:498)
at com.gsicommerce.romui.selenium.tests.OrdersTests.testAddZCOrder(OrdersTests.java:216)
at java.base/java.util.ArrayList.forEach(ArrayList.java:1540)
... Removed 32 stack frames]]>
    </failure>
  </testcase> <!-- testAddZCOrder -->
  <testcase classname="com.gsicommerce.romui.selenium.tests.OrdersTests" name="testSearchOrderByEmail" time="0.0">
    <ignored/>
  </testcase> <!-- testSearchOrderByEmail -->
  <testcase classname="com.gsicommerce.romui.selenium.tests.OrdersTests" name="testViewOrderByCustomername" time="0.0">
    <ignored/>
  </testcase> <!-- testViewOrderByCustomername -->
  <testcase classname="com.gsicommerce.romui.selenium.tests.OrdersTests" name="testViewOrderByEmail" time="0.0">
    <ignored/>
  </testcase> <!-- testViewOrderByEmail -->
  <testcase classname="com.gsicommerce.romui.selenium.tests.OrdersTests" name="testCreateReturnOrder" time="0.0">
    <ignored/>
  </testcase> <!-- testCreateReturnOrder -->
  <testcase classname="com.gsicommerce.romui.selenium.tests.OrdersTests" name="testViewOrderByStatus" time="0.0">
    <ignored/>
  </testcase> <!-- testViewOrderByStatus -->
  <testcase classname="com.gsicommerce.romui.selenium.tests.OrdersTests" name="testViewOrderByFulfillment" time="0.0">
    <ignored/>
  </testcase> <!-- testViewOrderByFulfillment -->
  <testcase classname="com.gsicommerce.romui.selenium.tests.OrdersTests" name="testSearchOrderByOrderStatus" time="0.0">
    <ignored/>
  </testcase> <!-- testSearchOrderByOrderStatus -->
  <testcase classname="com.gsicommerce.romui.selenium.tests.OrdersTests" name="testSearchOrderByCustomerName" time="0.0">
    <ignored/>
  </testcase> <!-- testSearchOrderByCustomerName -->
  <testcase classname="com.gsicommerce.romui.selenium.tests.OrdersTests" name="testOrderSearchFormValidation" time="0.0">
    <ignored/>
  </testcase> <!-- testOrderSearchFormValidation -->
  <testcase classname="com.gsicommerce.romui.selenium.tests.OrdersTests" name="testSearchOrderbyNumber" time="0.0">
    <ignored/>
  </testcase> <!-- testSearchOrderbyNumber -->
  <testcase classname="com.gsicommerce.romui.selenium.tests.OrdersTests" name="testViewOrder" time="0.0">
    <ignored/>
  </testcase> <!-- testViewOrder -->
  <testcase classname="com.gsicommerce.romui.selenium.tests.OrdersTests" name="testEditSearch" time="0.0">
    <ignored/>
  </testcase> <!-- testEditSearch -->
  <testcase classname="com.gsicommerce.romui.selenium.tests.OrdersTests" name="testSearchOrderByFullfillmentNumber" time="0.0">
    <ignored/>
  </testcase> <!-- testSearchOrderByFullfillmentNumber -->
</testsuite> <!-- OrdersTests -->
