<?xml version="1.0" encoding="UTF-8"?>
<!-- Generated by org.testng.reporters.JUnitXMLReporter -->
<testsuite ignored="18" hostname="KOP-BM5TNF2" failures="1" tests="1" name="OrdersTestsfirefox" time="77.846" errors="0" timestamp="2020-07-15T09:17:10 EDT">
  <testcase classname="com.gsicommerce.romui.selenium.tests.OrdersTests" name="testSearchOrderbyNumber" time="44.13">
    <failure type="org.openqa.selenium.ElementNotInteractableException" message="Element &amp;lt;input id=&amp;quot;client_store_search&amp;quot; class=&amp;quot;form-control&amp;quot; name=&amp;quot;client_store_search&amp;quot; type=&amp;quot;search&amp;quot;&amp;gt; could not be scrolled into view
Build info: version: &amp;apos;3.141.59&amp;apos;, revision: &amp;apos;e82be7d358&amp;apos;, time: &amp;apos;2018-11-14T08:17:03&amp;apos;
System info: host: &amp;apos;KOP-BM5TNF2&amp;apos;, ip: &amp;apos;10.140.133.202&amp;apos;, os.name: &amp;apos;Windows 10&amp;apos;, os.arch: &amp;apos;amd64&amp;apos;, os.version: &amp;apos;10.0&amp;apos;, java.version: &amp;apos;12.0.2&amp;apos;
Driver info: org.openqa.selenium.remote.RemoteWebDriver
Capabilities {acceptInsecureCerts: true, browserName: firefox, browserVersion: 76.0, javascriptEnabled: true, moz:accessibilityChecks: false, moz:buildID: 20200429185419, moz:geckodriverVersion: 0.26.0, moz:headless: false, moz:processID: 7516, moz:profile: C:\Users\you\AppData\Local\..., moz:shutdownTimeout: 60000, moz:useNonSpecCompliantPointerOrigin: false, moz:webdriverClick: true, pageLoadStrategy: normal, platform: WINDOWS, platformName: WINDOWS, platformVersion: 10.0, rotatable: false, setWindowRect: true, strictFileInteractability: false, timeouts: {implicit: 0, pageLoad: 300000, script: 30000}, unhandledPromptBehavior: dismiss and notify, webdriver.remote.sessionid: 7ffb41a7-a689-4841-846e-a80...}
Session ID: 7ffb41a7-a689-4841-846e-a8008d5465cf">
      <![CDATA[org.openqa.selenium.ElementNotInteractableException: Element <input id="client_store_search" class="form-control" name="client_store_search" type="search"> could not be scrolled into view
Build info: version: '3.141.59', revision: 'e82be7d358', time: '2018-11-14T08:17:03'
System info: host: 'KOP-BM5TNF2', ip: '10.140.133.202', os.name: 'Windows 10', os.arch: 'amd64', os.version: '10.0', java.version: '12.0.2'
Driver info: org.openqa.selenium.remote.RemoteWebDriver
Capabilities {acceptInsecureCerts: true, browserName: firefox, browserVersion: 76.0, javascriptEnabled: true, moz:accessibilityChecks: false, moz:buildID: 20200429185419, moz:geckodriverVersion: 0.26.0, moz:headless: false, moz:processID: 7516, moz:profile: C:\Users\you\AppData\Local\..., moz:shutdownTimeout: 60000, moz:useNonSpecCompliantPointerOrigin: false, moz:webdriverClick: true, pageLoadStrategy: normal, platform: WINDOWS, platformName: WINDOWS, platformVersion: 10.0, rotatable: false, setWindowRect: true, strictFileInteractability: false, timeouts: {implicit: 0, pageLoad: 300000, script: 30000}, unhandledPromptBehavior: dismiss and notify, webdriver.remote.sessionid: 7ffb41a7-a689-4841-846e-a80...}
Session ID: 7ffb41a7-a689-4841-846e-a8008d5465cf
at org.openqa.selenium.remote.http.W3CHttpResponseCodec.createException(W3CHttpResponseCodec.java:187)
at org.openqa.selenium.remote.http.W3CHttpResponseCodec.decode(W3CHttpResponseCodec.java:122)
at org.openqa.selenium.remote.http.W3CHttpResponseCodec.decode(W3CHttpResponseCodec.java:49)
at org.openqa.selenium.remote.HttpCommandExecutor.execute(HttpCommandExecutor.java:158)
at org.openqa.selenium.remote.RemoteWebDriver.execute(RemoteWebDriver.java:552)
at org.openqa.selenium.remote.RemoteWebElement.execute(RemoteWebElement.java:285)
at org.openqa.selenium.remote.RemoteWebElement.clear(RemoteWebElement.java:124)
at org.openqa.selenium.support.pagefactory.internal.LocatingElementHandler.invoke(LocatingElementHandler.java:51)
at com.sun.proxy.$Proxy14.clear(Unknown Source)
at com.gsicommerce.romui.selenium.utilities.Action.enter(Action.java:782)
at com.gsicommerce.romui.selenium.pages.LoginPage.selectNode(LoginPage.java:108)
at com.gsicommerce.romui.selenium.tests.OrdersTests.testSearchOrderbyNumber(OrdersTests.java:22)
at java.base/java.util.ArrayList.forEach(ArrayList.java:1540)
... Removed 36 stack frames]]>
    </failure>
  </testcase> <!-- testSearchOrderbyNumber -->
  <testcase classname="com.gsicommerce.romui.selenium.tests.OrdersTests" name="testOrderAuditsByFulfillmentOrder" time="0.0">
    <ignored/>
  </testcase> <!-- testOrderAuditsByFulfillmentOrder -->
  <testcase classname="com.gsicommerce.romui.selenium.tests.OrdersTests" name="testOrderAuditsByEmail" time="0.0">
    <ignored/>
  </testcase> <!-- testOrderAuditsByEmail -->
  <testcase classname="com.gsicommerce.romui.selenium.tests.OrdersTests" name="testSearchOrderByEmail" time="0.0">
    <ignored/>
  </testcase> <!-- testSearchOrderByEmail -->
  <testcase classname="com.gsicommerce.romui.selenium.tests.OrdersTests" name="testOrderAuditsByCustomerName" time="0.0">
    <ignored/>
  </testcase> <!-- testOrderAuditsByCustomerName -->
  <testcase classname="com.gsicommerce.romui.selenium.tests.OrdersTests" name="testViewOrderByCustomername" time="0.0">
    <ignored/>
  </testcase> <!-- testViewOrderByCustomername -->
  <testcase classname="com.gsicommerce.romui.selenium.tests.OrdersTests" name="testViewOrderByEmail" time="0.0">
    <ignored/>
  </testcase> <!-- testViewOrderByEmail -->
  <testcase classname="com.gsicommerce.romui.selenium.tests.OrdersTests" name="testCreateReturnOrder" time="0.0">
    <ignored/>
  </testcase> <!-- testCreateReturnOrder -->
  <testcase classname="com.gsicommerce.romui.selenium.tests.OrdersTests" name="testViewOrderByFulfillment" time="0.0">
    <ignored/>
  </testcase> <!-- testViewOrderByFulfillment -->
  <testcase classname="com.gsicommerce.romui.selenium.tests.OrdersTests" name="testViewOrderByStatus" time="0.0">
    <ignored/>
  </testcase> <!-- testViewOrderByStatus -->
  <testcase classname="com.gsicommerce.romui.selenium.tests.OrdersTests" name="testSearchOrderByOrderStatus" time="0.0">
    <ignored/>
  </testcase> <!-- testSearchOrderByOrderStatus -->
  <testcase classname="com.gsicommerce.romui.selenium.tests.OrdersTests" name="testOrderAuditsByOrderStatus" time="0.0">
    <ignored/>
  </testcase> <!-- testOrderAuditsByOrderStatus -->
  <testcase classname="com.gsicommerce.romui.selenium.tests.OrdersTests" name="testAddZCOrder" time="0.0">
    <ignored/>
  </testcase> <!-- testAddZCOrder -->
  <testcase classname="com.gsicommerce.romui.selenium.tests.OrdersTests" name="testSearchOrderByCustomerName" time="0.0">
    <ignored/>
  </testcase> <!-- testSearchOrderByCustomerName -->
  <testcase classname="com.gsicommerce.romui.selenium.tests.OrdersTests" name="testOrderSearchFormValidation" time="0.0">
    <ignored/>
  </testcase> <!-- testOrderSearchFormValidation -->
  <testcase classname="com.gsicommerce.romui.selenium.tests.OrdersTests" name="testOrderAuditsByOrderNumberSearch" time="0.0">
    <ignored/>
  </testcase> <!-- testOrderAuditsByOrderNumberSearch -->
  <testcase classname="com.gsicommerce.romui.selenium.tests.OrdersTests" name="testViewOrder" time="0.0">
    <ignored/>
  </testcase> <!-- testViewOrder -->
  <testcase classname="com.gsicommerce.romui.selenium.tests.OrdersTests" name="testEditSearch" time="0.0">
    <ignored/>
  </testcase> <!-- testEditSearch -->
  <testcase classname="com.gsicommerce.romui.selenium.tests.OrdersTests" name="testSearchOrderByFullfillmentNumber" time="0.0">
    <ignored/>
  </testcase> <!-- testSearchOrderByFullfillmentNumber -->
</testsuite> <!-- OrdersTestsfirefox -->
