<?xml version="1.0" encoding="UTF-8"?>
<!-- Generated by org.testng.reporters.JUnitXMLReporter -->
<testsuite ignored="9" hostname="KOP-BM5TNF2" failures="1" tests="2" name="PipelinesTests" time="107.411" errors="0" timestamp="2020-05-31T22:26:54 EDT">
  <testcase classname="com.gsicommerce.romui.selenium.tests.PipelinesTests" name="testAddPipeline" time="72.498"/>
  <testcase classname="com.gsicommerce.romui.selenium.tests.PipelinesTests" name="testPipelineFormValidation" time="19.001">
    <failure type="org.openqa.selenium.NoSuchElementException" message="no such element: Unable to locate element: {&amp;quot;method&amp;quot;:&amp;quot;css selector&amp;quot;,&amp;quot;selector&amp;quot;:&amp;quot;[data-pipeline-submit-button=&amp;apos;skip&amp;apos;][type=&amp;apos;submit&amp;apos;]&amp;quot;}
  (Session info: chrome=83.0.4103.61)
For documentation on this error, please visit: https://www.seleniumhq.org/exceptions/no_such_element.html
Build info: version: &amp;apos;3.141.59&amp;apos;, revision: &amp;apos;e82be7d358&amp;apos;, time: &amp;apos;2018-11-14T08:17:03&amp;apos;
System info: host: &amp;apos;KOP-BM5TNF2&amp;apos;, ip: &amp;apos;10.140.133.147&amp;apos;, os.name: &amp;apos;Windows 10&amp;apos;, os.arch: &amp;apos;amd64&amp;apos;, os.version: &amp;apos;10.0&amp;apos;, java.version: &amp;apos;12.0.2&amp;apos;
Driver info: org.openqa.selenium.chrome.ChromeDriver
Capabilities {acceptInsecureCerts: false, browserName: chrome, browserVersion: 83.0.4103.61, chrome: {chromedriverVersion: 83.0.4103.39 (ccbf011cb2d2b..., userDataDir: C:\Users\shedubey\AppData\L...}, goog:chromeOptions: {debuggerAddress: localhost:55066}, javascriptEnabled: true, networkConnectionEnabled: false, pageLoadStrategy: normal, platform: WINDOWS, platformName: WINDOWS, proxy: Proxy(), setWindowRect: true, strictFileInteractability: false, timeouts: {implicit: 0, pageLoad: 300000, script: 30000}, unhandledPromptBehavior: dismiss and notify, webauthn:virtualAuthenticators: true}
Session ID: 2726b5cfaa52c8a330b40d55897a06f3
*** Element info: {Using=css selector, value=[data-pipeline-submit-button=&amp;apos;skip&amp;apos;][type=&amp;apos;submit&amp;apos;]}">
      <![CDATA[org.openqa.selenium.NoSuchElementException: no such element: Unable to locate element: {"method":"css selector","selector":"[data-pipeline-submit-button='skip'][type='submit']"}
  (Session info: chrome=83.0.4103.61)
For documentation on this error, please visit: https://www.seleniumhq.org/exceptions/no_such_element.html
Build info: version: '3.141.59', revision: 'e82be7d358', time: '2018-11-14T08:17:03'
System info: host: 'KOP-BM5TNF2', ip: '10.140.133.147', os.name: 'Windows 10', os.arch: 'amd64', os.version: '10.0', java.version: '12.0.2'
Driver info: org.openqa.selenium.chrome.ChromeDriver
Capabilities {acceptInsecureCerts: false, browserName: chrome, browserVersion: 83.0.4103.61, chrome: {chromedriverVersion: 83.0.4103.39 (ccbf011cb2d2b..., userDataDir: C:\Users\shedubey\AppData\L...}, goog:chromeOptions: {debuggerAddress: localhost:55066}, javascriptEnabled: true, networkConnectionEnabled: false, pageLoadStrategy: normal, platform: WINDOWS, platformName: WINDOWS, proxy: Proxy(), setWindowRect: true, strictFileInteractability: false, timeouts: {implicit: 0, pageLoad: 300000, script: 30000}, unhandledPromptBehavior: dismiss and notify, webauthn:virtualAuthenticators: true}
Session ID: 2726b5cfaa52c8a330b40d55897a06f3
*** Element info: {Using=css selector, value=[data-pipeline-submit-button='skip'][type='submit']}
at org.openqa.selenium.remote.http.W3CHttpResponseCodec.createException(W3CHttpResponseCodec.java:187)
at org.openqa.selenium.remote.http.W3CHttpResponseCodec.decode(W3CHttpResponseCodec.java:122)
at org.openqa.selenium.remote.http.W3CHttpResponseCodec.decode(W3CHttpResponseCodec.java:49)
at org.openqa.selenium.remote.HttpCommandExecutor.execute(HttpCommandExecutor.java:158)
at org.openqa.selenium.remote.service.DriverCommandExecutor.execute(DriverCommandExecutor.java:83)
at org.openqa.selenium.remote.RemoteWebDriver.execute(RemoteWebDriver.java:552)
at org.openqa.selenium.remote.RemoteWebDriver.findElement(RemoteWebDriver.java:323)
at org.openqa.selenium.remote.RemoteWebDriver.findElementByCssSelector(RemoteWebDriver.java:420)
at org.openqa.selenium.By$ByCssSelector.findElement(By.java:431)
at org.openqa.selenium.remote.RemoteWebDriver.findElement(RemoteWebDriver.java:315)
at org.openqa.selenium.support.pagefactory.DefaultElementLocator.findElement(DefaultElementLocator.java:69)
at org.openqa.selenium.support.pagefactory.internal.LocatingElementHandler.invoke(LocatingElementHandler.java:38)
at com.sun.proxy.$Proxy14.click(Unknown Source)
at com.gsicommerce.romui.selenium.pages.ordermanagement.PipelinesPage.pipelineFormValidation(PipelinesPage.java:487)
at com.gsicommerce.romui.selenium.tests.PipelinesTests.testPipelineFormValidation(PipelinesTests.java:189)
at java.base/java.util.ArrayList.forEach(ArrayList.java:1540)
... Removed 32 stack frames]]>
    </failure>
  </testcase> <!-- testPipelineFormValidation -->
  <testcase classname="com.gsicommerce.romui.selenium.tests.PipelinesTests" name="testEditPipeline" time="0.0">
    <ignored/>
  </testcase> <!-- testEditPipeline -->
  <testcase classname="com.gsicommerce.romui.selenium.tests.PipelinesTests" name="testeditPipelineActive" time="0.0">
    <ignored/>
  </testcase> <!-- testeditPipelineActive -->
  <testcase classname="com.gsicommerce.romui.selenium.tests.PipelinesTests" name="testDeletePipeline" time="0.0">
    <ignored/>
  </testcase> <!-- testDeletePipeline -->
  <testcase classname="com.gsicommerce.romui.selenium.tests.PipelinesTests" name="testCopyPipelineActiveStatus" time="0.0">
    <ignored/>
  </testcase> <!-- testCopyPipelineActiveStatus -->
  <testcase classname="com.gsicommerce.romui.selenium.tests.PipelinesTests" name="testeditPipelineInActive" time="0.0">
    <ignored/>
  </testcase> <!-- testeditPipelineInActive -->
  <testcase classname="com.gsicommerce.romui.selenium.tests.PipelinesTests" name="testCopyPipelineInActiveStatus" time="0.0">
    <ignored/>
  </testcase> <!-- testCopyPipelineInActiveStatus -->
  <testcase classname="com.gsicommerce.romui.selenium.tests.PipelinesTests" name="testEditPipelineConfiguration" time="0.0">
    <ignored/>
  </testcase> <!-- testEditPipelineConfiguration -->
  <testcase classname="com.gsicommerce.romui.selenium.tests.PipelinesTests" name="testCopyPipeline" time="0.0">
    <ignored/>
  </testcase> <!-- testCopyPipeline -->
  <testcase classname="com.gsicommerce.romui.selenium.tests.PipelinesTests" name="testViewPipeline" time="0.0">
    <ignored/>
  </testcase> <!-- testViewPipeline -->
</testsuite> <!-- PipelinesTests -->
