<?xml version="1.0" encoding="UTF-8"?>
<!-- Generated by org.testng.reporters.JUnitXMLReporter -->
<testsuite ignored="8" hostname="KOP-BM5TNF2" failures="3" tests="7" name="SafetyStockConfigsTests" time="302.791" errors="0" timestamp="2020-06-26T18:47:36 EDT">
  <testcase classname="com.gsicommerce.romui.selenium.tests.SafetyStockConfigsTests" name="testaddSafetyStockByNodeItem" time="39.711"/>
  <testcase classname="com.gsicommerce.romui.selenium.tests.SafetyStockConfigsTests" name="testaddSafetyStockByNodeTypeItem" time="45.881">
    <failure type="org.openqa.selenium.NoSuchElementException" message="no such element: Unable to locate element: {&amp;quot;method&amp;quot;:&amp;quot;css selector&amp;quot;,&amp;quot;selector&amp;quot;:&amp;quot;span.ss-icon.ss-navigateright.ss-black-tie-bold&amp;quot;}
  (Session info: chrome=83.0.4103.116)
For documentation on this error, please visit: https://www.seleniumhq.org/exceptions/no_such_element.html
Build info: version: &amp;apos;3.141.59&amp;apos;, revision: &amp;apos;e82be7d358&amp;apos;, time: &amp;apos;2018-11-14T08:17:03&amp;apos;
System info: host: &amp;apos;KOP-BM5TNF2&amp;apos;, ip: &amp;apos;10.140.133.56&amp;apos;, os.name: &amp;apos;Windows 10&amp;apos;, os.arch: &amp;apos;amd64&amp;apos;, os.version: &amp;apos;10.0&amp;apos;, java.version: &amp;apos;12.0.2&amp;apos;
Driver info: org.openqa.selenium.chrome.ChromeDriver
Capabilities {acceptInsecureCerts: false, browserName: chrome, browserVersion: 83.0.4103.116, chrome: {chromedriverVersion: 83.0.4103.39 (ccbf011cb2d2b..., userDataDir: C:\Users\shedubey\AppData\L...}, goog:chromeOptions: {debuggerAddress: localhost:50865}, javascriptEnabled: true, networkConnectionEnabled: false, pageLoadStrategy: normal, platform: WINDOWS, platformName: WINDOWS, proxy: Proxy(), setWindowRect: true, strictFileInteractability: false, timeouts: {implicit: 0, pageLoad: 300000, script: 30000}, unhandledPromptBehavior: dismiss and notify, webauthn:virtualAuthenticators: true}
Session ID: 678357116a2ceb19b70b166efa5194ea
*** Element info: {Using=css selector, value=span.ss-icon.ss-navigateright.ss-black-tie-bold}">
      <![CDATA[org.openqa.selenium.NoSuchElementException: no such element: Unable to locate element: {"method":"css selector","selector":"span.ss-icon.ss-navigateright.ss-black-tie-bold"}
  (Session info: chrome=83.0.4103.116)
For documentation on this error, please visit: https://www.seleniumhq.org/exceptions/no_such_element.html
Build info: version: '3.141.59', revision: 'e82be7d358', time: '2018-11-14T08:17:03'
System info: host: 'KOP-BM5TNF2', ip: '10.140.133.56', os.name: 'Windows 10', os.arch: 'amd64', os.version: '10.0', java.version: '12.0.2'
Driver info: org.openqa.selenium.chrome.ChromeDriver
Capabilities {acceptInsecureCerts: false, browserName: chrome, browserVersion: 83.0.4103.116, chrome: {chromedriverVersion: 83.0.4103.39 (ccbf011cb2d2b..., userDataDir: C:\Users\shedubey\AppData\L...}, goog:chromeOptions: {debuggerAddress: localhost:50865}, javascriptEnabled: true, networkConnectionEnabled: false, pageLoadStrategy: normal, platform: WINDOWS, platformName: WINDOWS, proxy: Proxy(), setWindowRect: true, strictFileInteractability: false, timeouts: {implicit: 0, pageLoad: 300000, script: 30000}, unhandledPromptBehavior: dismiss and notify, webauthn:virtualAuthenticators: true}
Session ID: 678357116a2ceb19b70b166efa5194ea
*** Element info: {Using=css selector, value=span.ss-icon.ss-navigateright.ss-black-tie-bold}
at org.openqa.selenium.remote.http.W3CHttpResponseCodec.createException(W3CHttpResponseCodec.java:187)
at org.openqa.selenium.remote.http.W3CHttpResponseCodec.decode(W3CHttpResponseCodec.java:122)
at org.openqa.selenium.remote.http.W3CHttpResponseCodec.decode(W3CHttpResponseCodec.java:49)
at org.openqa.selenium.remote.HttpCommandExecutor.execute(HttpCommandExecutor.java:158)
at org.openqa.selenium.remote.service.DriverCommandExecutor.execute(DriverCommandExecutor.java:83)
at org.openqa.selenium.remote.RemoteWebDriver.execute(RemoteWebDriver.java:552)
at org.openqa.selenium.remote.RemoteWebDriver.findElement(RemoteWebDriver.java:323)
at org.openqa.selenium.remote.RemoteWebDriver.findElementByCssSelector(RemoteWebDriver.java:420)
at org.openqa.selenium.By$ByCssSelector.findElement(By.java:431)
at org.openqa.selenium.remote.RemoteWebDriver.findElement(RemoteWebDriver.java:315)
at org.openqa.selenium.support.pagefactory.DefaultElementLocator.findElement(DefaultElementLocator.java:69)
at org.openqa.selenium.support.pagefactory.internal.LocatingElementHandler.invoke(LocatingElementHandler.java:38)
at com.sun.proxy.$Proxy14.isEnabled(Unknown Source)
at com.gsicommerce.romui.selenium.pages.ordermanagement.CommonElementsPage.clickNextPage(CommonElementsPage.java:131)
at com.gsicommerce.romui.selenium.pages.ordermanagement.CommonElementsPage.getRowNo(CommonElementsPage.java:143)
at com.gsicommerce.romui.selenium.pages.ordermanagement.SafetyStockConfigsPage.addSafetyStock(SafetyStockConfigsPage.java:172)
at com.gsicommerce.romui.selenium.tests.SafetyStockConfigsTests.testaddSafetyStockByNodeTypeItem(SafetyStockConfigsTests.java:142)
at java.base/java.util.ArrayList.forEach(ArrayList.java:1540)
... Removed 32 stack frames]]>
    </failure>
  </testcase> <!-- testaddSafetyStockByNodeTypeItem -->
  <testcase classname="com.gsicommerce.romui.selenium.tests.SafetyStockConfigsTests" name="testaddSafetyStockByNodeItemAttribute" time="35.007"/>
  <testcase classname="com.gsicommerce.romui.selenium.tests.SafetyStockConfigsTests" name="testaddSafetyStockByNodeTypeItemAttribute" time="30.63"/>
  <testcase classname="com.gsicommerce.romui.selenium.tests.SafetyStockConfigsTests" name="testaddSafetyStockByGLOBALNODETYPE" time="16.198"/>
  <testcase classname="com.gsicommerce.romui.selenium.tests.SafetyStockConfigsTests" name="testaddSafetyStockByGLOBALSUPPLYTYPE" time="24.027">
    <failure type="org.openqa.selenium.NoSuchElementException" message="no such element: Unable to locate element: {&amp;quot;method&amp;quot;:&amp;quot;css selector&amp;quot;,&amp;quot;selector&amp;quot;:&amp;quot;#store_fulfillment_safety_stock_rule_safety_stock_condition_attributes_fulfillment_type_id&amp;quot;}
  (Session info: chrome=83.0.4103.116)
For documentation on this error, please visit: https://www.seleniumhq.org/exceptions/no_such_element.html
Build info: version: &amp;apos;3.141.59&amp;apos;, revision: &amp;apos;e82be7d358&amp;apos;, time: &amp;apos;2018-11-14T08:17:03&amp;apos;
System info: host: &amp;apos;KOP-BM5TNF2&amp;apos;, ip: &amp;apos;10.140.133.56&amp;apos;, os.name: &amp;apos;Windows 10&amp;apos;, os.arch: &amp;apos;amd64&amp;apos;, os.version: &amp;apos;10.0&amp;apos;, java.version: &amp;apos;12.0.2&amp;apos;
Driver info: org.openqa.selenium.chrome.ChromeDriver
Capabilities {acceptInsecureCerts: false, browserName: chrome, browserVersion: 83.0.4103.116, chrome: {chromedriverVersion: 83.0.4103.39 (ccbf011cb2d2b..., userDataDir: C:\Users\shedubey\AppData\L...}, goog:chromeOptions: {debuggerAddress: localhost:51195}, javascriptEnabled: true, networkConnectionEnabled: false, pageLoadStrategy: normal, platform: WINDOWS, platformName: WINDOWS, proxy: Proxy(), setWindowRect: true, strictFileInteractability: false, timeouts: {implicit: 0, pageLoad: 300000, script: 30000}, unhandledPromptBehavior: dismiss and notify, webauthn:virtualAuthenticators: true}
Session ID: adfb5d6bc6d4b4146315c4879edcfcd3
*** Element info: {Using=css selector, value=#store_fulfillment_safety_stock_rule_safety_stock_condition_attributes_fulfillment_type_id}">
      <![CDATA[org.openqa.selenium.NoSuchElementException: no such element: Unable to locate element: {"method":"css selector","selector":"#store_fulfillment_safety_stock_rule_safety_stock_condition_attributes_fulfillment_type_id"}
  (Session info: chrome=83.0.4103.116)
For documentation on this error, please visit: https://www.seleniumhq.org/exceptions/no_such_element.html
Build info: version: '3.141.59', revision: 'e82be7d358', time: '2018-11-14T08:17:03'
System info: host: 'KOP-BM5TNF2', ip: '10.140.133.56', os.name: 'Windows 10', os.arch: 'amd64', os.version: '10.0', java.version: '12.0.2'
Driver info: org.openqa.selenium.chrome.ChromeDriver
Capabilities {acceptInsecureCerts: false, browserName: chrome, browserVersion: 83.0.4103.116, chrome: {chromedriverVersion: 83.0.4103.39 (ccbf011cb2d2b..., userDataDir: C:\Users\shedubey\AppData\L...}, goog:chromeOptions: {debuggerAddress: localhost:51195}, javascriptEnabled: true, networkConnectionEnabled: false, pageLoadStrategy: normal, platform: WINDOWS, platformName: WINDOWS, proxy: Proxy(), setWindowRect: true, strictFileInteractability: false, timeouts: {implicit: 0, pageLoad: 300000, script: 30000}, unhandledPromptBehavior: dismiss and notify, webauthn:virtualAuthenticators: true}
Session ID: adfb5d6bc6d4b4146315c4879edcfcd3
*** Element info: {Using=css selector, value=#store_fulfillment_safety_stock_rule_safety_stock_condition_attributes_fulfillment_type_id}
at org.openqa.selenium.remote.http.W3CHttpResponseCodec.createException(W3CHttpResponseCodec.java:187)
at org.openqa.selenium.remote.http.W3CHttpResponseCodec.decode(W3CHttpResponseCodec.java:122)
at org.openqa.selenium.remote.http.W3CHttpResponseCodec.decode(W3CHttpResponseCodec.java:49)
at org.openqa.selenium.remote.HttpCommandExecutor.execute(HttpCommandExecutor.java:158)
at org.openqa.selenium.remote.service.DriverCommandExecutor.execute(DriverCommandExecutor.java:83)
at org.openqa.selenium.remote.RemoteWebDriver.execute(RemoteWebDriver.java:552)
at org.openqa.selenium.remote.RemoteWebDriver.findElement(RemoteWebDriver.java:323)
at org.openqa.selenium.remote.RemoteWebDriver.findElementByCssSelector(RemoteWebDriver.java:420)
at org.openqa.selenium.By$ByCssSelector.findElement(By.java:431)
at org.openqa.selenium.remote.RemoteWebDriver.findElement(RemoteWebDriver.java:315)
at org.openqa.selenium.support.pagefactory.DefaultElementLocator.findElement(DefaultElementLocator.java:69)
at org.openqa.selenium.support.pagefactory.internal.LocatingElementHandler.invoke(LocatingElementHandler.java:38)
at com.sun.proxy.$Proxy14.getTagName(Unknown Source)
at org.openqa.selenium.support.ui.Select.<init>(Select.java:45)
at com.gsicommerce.romui.selenium.utilities.Action.selectByVisibleText(Action.java:746)
at com.gsicommerce.romui.selenium.pages.ordermanagement.SafetyStockConfigsPage.addSafetyStock(SafetyStockConfigsPage.java:156)
at com.gsicommerce.romui.selenium.tests.SafetyStockConfigsTests.testaddSafetyStockByGLOBALSUPPLYTYPE(SafetyStockConfigsTests.java:202)
at java.base/java.util.ArrayList.forEach(ArrayList.java:1540)
... Removed 32 stack frames]]>
    </failure>
  </testcase> <!-- testaddSafetyStockByGLOBALSUPPLYTYPE -->
  <testcase classname="com.gsicommerce.romui.selenium.tests.SafetyStockConfigsTests" name="testaddSafetyStockByAGGREGRATEDGLOBAL" time="36.849">
    <failure type="org.openqa.selenium.NoSuchElementException" message="Cannot locate element with text: AGGREGRATED GLOBAL
For documentation on this error, please visit: https://www.seleniumhq.org/exceptions/no_such_element.html
Build info: version: &amp;apos;3.141.59&amp;apos;, revision: &amp;apos;e82be7d358&amp;apos;, time: &amp;apos;2018-11-14T08:17:03&amp;apos;
System info: host: &amp;apos;KOP-BM5TNF2&amp;apos;, ip: &amp;apos;10.140.133.56&amp;apos;, os.name: &amp;apos;Windows 10&amp;apos;, os.arch: &amp;apos;amd64&amp;apos;, os.version: &amp;apos;10.0&amp;apos;, java.version: &amp;apos;12.0.2&amp;apos;
Driver info: driver.version: unknown">
      <![CDATA[org.openqa.selenium.NoSuchElementException: Cannot locate element with text: AGGREGRATED GLOBAL
For documentation on this error, please visit: https://www.seleniumhq.org/exceptions/no_such_element.html
Build info: version: '3.141.59', revision: 'e82be7d358', time: '2018-11-14T08:17:03'
System info: host: 'KOP-BM5TNF2', ip: '10.140.133.56', os.name: 'Windows 10', os.arch: 'amd64', os.version: '10.0', java.version: '12.0.2'
Driver info: driver.version: unknown
at org.openqa.selenium.support.ui.Select.selectByVisibleText(Select.java:147)
at com.gsicommerce.romui.selenium.utilities.Action.selectByVisibleText(Action.java:747)
at com.gsicommerce.romui.selenium.pages.ordermanagement.SafetyStockConfigsPage.addSafetyStock(SafetyStockConfigsPage.java:108)
at com.gsicommerce.romui.selenium.tests.SafetyStockConfigsTests.testaddSafetyStockByAGGREGRATEDGLOBAL(SafetyStockConfigsTests.java:217)
at java.base/java.util.ArrayList.forEach(ArrayList.java:1540)
... Removed 27 stack frames]]>
    </failure>
  </testcase> <!-- testaddSafetyStockByAGGREGRATEDGLOBAL -->
  <testcase classname="com.gsicommerce.romui.selenium.tests.SafetyStockConfigsTests" name="testSafetyStockSearchByNodeItemAttribute" time="0.0">
    <ignored/>
  </testcase> <!-- testSafetyStockSearchByNodeItemAttribute -->
  <testcase classname="com.gsicommerce.romui.selenium.tests.SafetyStockConfigsTests" name="testSafetyStockSearchByGlobalNodeType" time="0.0">
    <ignored/>
  </testcase> <!-- testSafetyStockSearchByGlobalNodeType -->
  <testcase classname="com.gsicommerce.romui.selenium.tests.SafetyStockConfigsTests" name="testSafetyStockSearchByNodeItemFulfillType" time="0.0">
    <ignored/>
  </testcase> <!-- testSafetyStockSearchByNodeItemFulfillType -->
  <testcase classname="com.gsicommerce.romui.selenium.tests.SafetyStockConfigsTests" name="testSafetyStockSearchByGlobalSupplyType" time="0.0">
    <ignored/>
  </testcase> <!-- testSafetyStockSearchByGlobalSupplyType -->
  <testcase classname="com.gsicommerce.romui.selenium.tests.SafetyStockConfigsTests" name="testSafetyStockSearchByNodeTypeItem" time="0.0">
    <ignored/>
  </testcase> <!-- testSafetyStockSearchByNodeTypeItem -->
  <testcase classname="com.gsicommerce.romui.selenium.tests.SafetyStockConfigsTests" name="testSafetyStockSearchByAggregatedGlobal" time="0.0">
    <ignored/>
  </testcase> <!-- testSafetyStockSearchByAggregatedGlobal -->
  <testcase classname="com.gsicommerce.romui.selenium.tests.SafetyStockConfigsTests" name="testSafetyStockSearchByNodeItem" time="0.0">
    <ignored/>
  </testcase> <!-- testSafetyStockSearchByNodeItem -->
  <testcase classname="com.gsicommerce.romui.selenium.tests.SafetyStockConfigsTests" name="testSafetyStockSearchByNodeTypeItemAttribute" time="0.0">
    <ignored/>
  </testcase> <!-- testSafetyStockSearchByNodeTypeItemAttribute -->
</testsuite> <!-- SafetyStockConfigsTests -->
