<html>
<head>
<title>TestNG:  SafetyStockConfigsTests</title>
<link href="../testng.css" rel="stylesheet" type="text/css" />
<link href="../my-testng.css" rel="stylesheet" type="text/css" />

<style type="text/css">
.log { display: none;} 
.stack-trace { display: none;} 
</style>
<script type="text/javascript">
<!--
function flip(e) {
  current = e.style.display;
  if (current == 'block') {
    e.style.display = 'none';
    return 0;
  }
  else {
    e.style.display = 'block';
    return 1;
  }
}

function toggleBox(szDivId, elem, msg1, msg2)
{
  var res = -1;  if (document.getElementById) {
    res = flip(document.getElementById(szDivId));
  }
  else if (document.all) {
    // this is the way old msie versions work
    res = flip(document.all[szDivId]);
  }
  if(elem) {
    if(res == 0) elem.innerHTML = msg1; else elem.innerHTML = msg2;
  }

}

function toggleAllBoxes() {
  if (document.getElementsByTagName) {
    d = document.getElementsByTagName('div');
    for (i = 0; i < d.length; i++) {
      if (d[i].className == 'log') {
        flip(d[i]);
      }
    }
  }
}

// -->
</script>

</head>
<body>
<h2 align='center'>SafetyStockConfigsTests</h2><table border='1' align="center">
<tr>
<td>Tests passed/Failed/Skipped:</td><td>9/2/0</td>
</tr><tr>
<td>Started on:</td><td>Wed Jul 01 15:32:04 EDT 2020</td>
</tr>
<tr><td>Total time:</td><td>506 seconds (506288 ms)</td>
</tr><tr>
<td>Included groups:</td><td></td>
</tr><tr>
<td>Excluded groups:</td><td></td>
</tr>
</table><p/>
<small><i>(Hover the method name to see the test class name)</i></small><p/>
<table width='100%' border='1' class='invocation-failed'>
<tr><td colspan='4' align='center'><b>FAILED TESTS</b></td></tr>
<tr><td><b>Test method</b></td>
<td width="30%"><b>Exception</b></td>
<td width="10%"><b>Time (seconds)</b></td>
<td><b>Instance</b></td>
</tr>
<tr>
<td title='com.gsicommerce.romui.selenium.tests.SafetyStockConfigsTests.testDeleteSafetyStockByNodeTypeItemAttribute()'><b>testDeleteSafetyStockByNodeTypeItemAttribute</b><br>Test class: com.gsicommerce.romui.selenium.tests.SafetyStockConfigsTests<br>Test method: to Verify delete Safety stock through NodeTypeItemAttribute in Manage Safety Stock Configuration page</td>
<td><div><pre>org.openqa.selenium.ElementNotInteractableException: element not interactable
  (Session info: chrome=83.0.4103.116)
Build info: version: &apos;3.141.59&apos;, revision: &apos;e82be7d358&apos;, time: &apos;2018-11-14T08:17:03&apos;
System info: host: &apos;KOP-BM5TNF2&apos;, ip: &apos;10.140.132.212&apos;, os.name: &apos;Windows 10&apos;, os.arch: &apos;amd64&apos;, os.version: &apos;10.0&apos;, java.version: &apos;12.0.2&apos;
Driver info: org.openqa.selenium.chrome.ChromeDriver
Capabilities {acceptInsecureCerts: false, browserName: chrome, browserVersion: 83.0.4103.116, chrome: {chromedriverVersion: 83.0.4103.39 (ccbf011cb2d2b..., userDataDir: C:\Users\shedubey\AppData\L...}, goog:chromeOptions: {debuggerAddress: localhost:50858}, javascriptEnabled: true, networkConnectionEnabled: false, pageLoadStrategy: normal, platform: WINDOWS, platformName: WINDOWS, proxy: Proxy(), setWindowRect: true, strictFileInteractability: false, timeouts: {implicit: 0, pageLoad: 300000, script: 30000}, unhandledPromptBehavior: dismiss and notify, webauthn:virtualAuthenticators: true}
Session ID: bd12b6dc8ced175f6c0932f79133432f
	at org.openqa.selenium.remote.http.W3CHttpResponseCodec.createException(W3CHttpResponseCodec.java:187)
	at org.openqa.selenium.remote.http.W3CHttpResponseCodec.decode(W3CHttpResponseCodec.java:122)
	at org.openqa.selenium.remote.http.W3CHttpResponseCodec.decode(W3CHttpResponseCodec.java:49)
	at org.openqa.selenium.remote.HttpCommandExecutor.execute(HttpCommandExecutor.java:158)
	at org.openqa.selenium.remote.service.DriverCommandExecutor.execute(DriverCommandExecutor.java:83)
	at org.openqa.selenium.remote.RemoteWebDriver.execute(RemoteWebDriver.java:552)
	at org.openqa.selenium.remote.RemoteWebElement.execute(RemoteWebElement.java:285)
	at org.openqa.selenium.remote.RemoteWebElement.click(RemoteWebElement.java:84)
	at org.openqa.selenium.support.pagefactory.internal.LocatingElementHandler.invoke(LocatingElementHandler.java:51)
	at com.sun.proxy.$Proxy14.click(Unknown Source)
	at com.gsicommerce.romui.selenium.pages.ordermanagement.OrderManagementMenusPage.clickOnSafetyStockConfig(OrderManagementMenusPage.java:267)
	at com.gsicommerce.romui.selenium.tests.SafetyStockConfigsTests.testDeleteSafetyStockByNodeTypeItemAttribute(SafetyStockConfigsTests.java:224)
	at java.base/java.util.ArrayList.forEach(ArrayList.java:1540)
... Removed 36 stack frames</pre></div><a href='#' onClick='toggleBox("stack-trace263574324", this, "Click to show all stack frames", "Click to hide stack frames")'>Click to show all stack frames</a>
<div class='stack-trace' id='stack-trace263574324'><pre>org.openqa.selenium.ElementNotInteractableException: element not interactable
  (Session info: chrome=83.0.4103.116)
Build info: version: &apos;3.141.59&apos;, revision: &apos;e82be7d358&apos;, time: &apos;2018-11-14T08:17:03&apos;
System info: host: &apos;KOP-BM5TNF2&apos;, ip: &apos;10.140.132.212&apos;, os.name: &apos;Windows 10&apos;, os.arch: &apos;amd64&apos;, os.version: &apos;10.0&apos;, java.version: &apos;12.0.2&apos;
Driver info: org.openqa.selenium.chrome.ChromeDriver
Capabilities {acceptInsecureCerts: false, browserName: chrome, browserVersion: 83.0.4103.116, chrome: {chromedriverVersion: 83.0.4103.39 (ccbf011cb2d2b..., userDataDir: C:\Users\shedubey\AppData\L...}, goog:chromeOptions: {debuggerAddress: localhost:50858}, javascriptEnabled: true, networkConnectionEnabled: false, pageLoadStrategy: normal, platform: WINDOWS, platformName: WINDOWS, proxy: Proxy(), setWindowRect: true, strictFileInteractability: false, timeouts: {implicit: 0, pageLoad: 300000, script: 30000}, unhandledPromptBehavior: dismiss and notify, webauthn:virtualAuthenticators: true}
Session ID: bd12b6dc8ced175f6c0932f79133432f
	at java.base/jdk.internal.reflect.NativeConstructorAccessorImpl.newInstance0(Native Method)
	at java.base/jdk.internal.reflect.NativeConstructorAccessorImpl.newInstance(NativeConstructorAccessorImpl.java:62)
	at java.base/jdk.internal.reflect.DelegatingConstructorAccessorImpl.newInstance(DelegatingConstructorAccessorImpl.java:45)
	at java.base/java.lang.reflect.Constructor.newInstanceWithCaller(Constructor.java:500)
	at java.base/java.lang.reflect.Constructor.newInstance(Constructor.java:481)
	at org.openqa.selenium.remote.http.W3CHttpResponseCodec.createException(W3CHttpResponseCodec.java:187)
	at org.openqa.selenium.remote.http.W3CHttpResponseCodec.decode(W3CHttpResponseCodec.java:122)
	at org.openqa.selenium.remote.http.W3CHttpResponseCodec.decode(W3CHttpResponseCodec.java:49)
	at org.openqa.selenium.remote.HttpCommandExecutor.execute(HttpCommandExecutor.java:158)
	at org.openqa.selenium.remote.service.DriverCommandExecutor.execute(DriverCommandExecutor.java:83)
	at org.openqa.selenium.remote.RemoteWebDriver.execute(RemoteWebDriver.java:552)
	at org.openqa.selenium.remote.RemoteWebElement.execute(RemoteWebElement.java:285)
	at org.openqa.selenium.remote.RemoteWebElement.click(RemoteWebElement.java:84)
	at java.base/jdk.internal.reflect.NativeMethodAccessorImpl.invoke0(Native Method)
	at java.base/jdk.internal.reflect.NativeMethodAccessorImpl.invoke(NativeMethodAccessorImpl.java:62)
	at java.base/jdk.internal.reflect.DelegatingMethodAccessorImpl.invoke(DelegatingMethodAccessorImpl.java:43)
	at java.base/java.lang.reflect.Method.invoke(Method.java:567)
	at org.openqa.selenium.support.pagefactory.internal.LocatingElementHandler.invoke(LocatingElementHandler.java:51)
	at com.sun.proxy.$Proxy14.click(Unknown Source)
	at com.gsicommerce.romui.selenium.pages.ordermanagement.OrderManagementMenusPage.clickOnSafetyStockConfig(OrderManagementMenusPage.java:267)
	at com.gsicommerce.romui.selenium.tests.SafetyStockConfigsTests.testDeleteSafetyStockByNodeTypeItemAttribute(SafetyStockConfigsTests.java:224)
	at java.base/jdk.internal.reflect.NativeMethodAccessorImpl.invoke0(Native Method)
	at java.base/jdk.internal.reflect.NativeMethodAccessorImpl.invoke(NativeMethodAccessorImpl.java:62)
	at java.base/jdk.internal.reflect.DelegatingMethodAccessorImpl.invoke(DelegatingMethodAccessorImpl.java:43)
	at java.base/java.lang.reflect.Method.invoke(Method.java:567)
	at org.testng.internal.MethodInvocationHelper.invokeMethod(MethodInvocationHelper.java:135)
	at org.testng.internal.TestInvoker.invokeMethod(TestInvoker.java:598)
	at org.testng.internal.TestInvoker.invokeTestMethod(TestInvoker.java:174)
	at org.testng.internal.MethodRunner.runInSequence(MethodRunner.java:46)
	at org.testng.internal.TestInvoker$MethodInvocationAgent.invoke(TestInvoker.java:821)
	at org.testng.internal.TestInvoker.invokeTestMethods(TestInvoker.java:147)
	at org.testng.internal.TestMethodWorker.invokeTestMethods(TestMethodWorker.java:146)
	at org.testng.internal.TestMethodWorker.run(TestMethodWorker.java:128)
	at java.base/java.util.ArrayList.forEach(ArrayList.java:1540)
	at org.testng.TestRunner.privateRun(TestRunner.java:767)
	at org.testng.TestRunner.run(TestRunner.java:588)
	at org.testng.SuiteRunner.runTest(SuiteRunner.java:384)
	at org.testng.SuiteRunner.runSequentially(SuiteRunner.java:378)
	at org.testng.SuiteRunner.privateRun(SuiteRunner.java:337)
	at org.testng.SuiteRunner.run(SuiteRunner.java:286)
	at org.testng.SuiteRunnerWorker.runSuite(SuiteRunnerWorker.java:53)
	at org.testng.SuiteRunnerWorker.run(SuiteRunnerWorker.java:96)
	at org.testng.TestNG.runSuitesSequentially(TestNG.java:1214)
	at org.testng.TestNG.runSuitesLocally(TestNG.java:1136)
	at org.testng.TestNG.runSuites(TestNG.java:1066)
	at org.testng.TestNG.run(TestNG.java:1034)
	at org.testng.remote.AbstractRemoteTestNG.run(AbstractRemoteTestNG.java:115)
	at org.testng.remote.RemoteTestNG.initAndRun(RemoteTestNG.java:251)
	at org.testng.remote.RemoteTestNG.main(RemoteTestNG.java:77)
</pre></div></td>
<td>21</td>
<td>com.gsicommerce.romui.selenium.tests.SafetyStockConfigsTests@5542c4ed</td></tr>
<tr>
<td title='com.gsicommerce.romui.selenium.tests.SafetyStockConfigsTests.testSafetyStockSearchBy()'><b>testSafetyStockSearchBy</b><br>Test class: com.gsicommerce.romui.selenium.tests.SafetyStockConfigsTests<br>Test method: to Verify Safety stock is searched through type in Manage Safety Stock Configuration page<br/>
<a href="#Output-812448650" onClick='toggleBox("Output-812448650", this, "Show output", "Hide output");'>Show output</a>

<a href="#Output-812448650" onClick="toggleAllBoxes();">Show all outputs</a>
<div class='log' id="Output-812448650">
Get Total No of Rows in the webtable<br/>
Get Total No of Rows in the webtable<br/>
Get Total No of Rows in the webtable<br/>
Get Total No of Rows in the webtable<br/>
Get Total No of Rows in the webtable<br/>
</div>
</td>
<td><div><pre>org.openqa.selenium.NoSuchElementException: no such element: Unable to locate element: {&quot;method&quot;:&quot;css selector&quot;,&quot;selector&quot;:&quot;.reflow-table&quot;}
  (Session info: chrome=83.0.4103.116)
For documentation on this error, please visit: https://www.seleniumhq.org/exceptions/no_such_element.html
Build info: version: &apos;3.141.59&apos;, revision: &apos;e82be7d358&apos;, time: &apos;2018-11-14T08:17:03&apos;
System info: host: &apos;KOP-BM5TNF2&apos;, ip: &apos;10.140.132.212&apos;, os.name: &apos;Windows 10&apos;, os.arch: &apos;amd64&apos;, os.version: &apos;10.0&apos;, java.version: &apos;12.0.2&apos;
Driver info: org.openqa.selenium.chrome.ChromeDriver
Capabilities {acceptInsecureCerts: false, browserName: chrome, browserVersion: 83.0.4103.116, chrome: {chromedriverVersion: 83.0.4103.39 (ccbf011cb2d2b..., userDataDir: C:\Users\shedubey\AppData\L...}, goog:chromeOptions: {debuggerAddress: localhost:51038}, javascriptEnabled: true, networkConnectionEnabled: false, pageLoadStrategy: normal, platform: WINDOWS, platformName: WINDOWS, proxy: Proxy(), setWindowRect: true, strictFileInteractability: false, timeouts: {implicit: 0, pageLoad: 300000, script: 30000}, unhandledPromptBehavior: dismiss and notify, webauthn:virtualAuthenticators: true}
Session ID: debb64d72a0a2489f6a240c027b73e51
*** Element info: {Using=css selector, value=.reflow-table}
	at org.openqa.selenium.remote.http.W3CHttpResponseCodec.createException(W3CHttpResponseCodec.java:187)
	at org.openqa.selenium.remote.http.W3CHttpResponseCodec.decode(W3CHttpResponseCodec.java:122)
	at org.openqa.selenium.remote.http.W3CHttpResponseCodec.decode(W3CHttpResponseCodec.java:49)
	at org.openqa.selenium.remote.HttpCommandExecutor.execute(HttpCommandExecutor.java:158)
	at org.openqa.selenium.remote.service.DriverCommandExecutor.execute(DriverCommandExecutor.java:83)
	at org.openqa.selenium.remote.RemoteWebDriver.execute(RemoteWebDriver.java:552)
	at org.openqa.selenium.remote.RemoteWebDriver.findElement(RemoteWebDriver.java:323)
	at org.openqa.selenium.remote.RemoteWebDriver.findElementByCssSelector(RemoteWebDriver.java:420)
	at org.openqa.selenium.By$ByCssSelector.findElement(By.java:431)
	at org.openqa.selenium.remote.RemoteWebDriver.findElement(RemoteWebDriver.java:315)
	at org.openqa.selenium.support.pagefactory.DefaultElementLocator.findElement(DefaultElementLocator.java:69)
	at org.openqa.selenium.support.pagefactory.internal.LocatingElementHandler.invoke(LocatingElementHandler.java:38)
	at com.sun.proxy.$Proxy14.findElements(Unknown Source)
	at com.gsicommerce.romui.selenium.utilities.Webtable.&lt;init&gt;(Webtable.java:25)
	at com.gsicommerce.romui.selenium.pages.ordermanagement.CommonElementsPage.nodeWebTable(CommonElementsPage.java:84)
	at com.gsicommerce.romui.selenium.pages.ordermanagement.CommonElementsPage.getTotalRows(CommonElementsPage.java:178)
	at com.gsicommerce.romui.selenium.pages.ordermanagement.SafetyStockConfigsPage.verfiySafetyStockRecord(SafetyStockConfigsPage.java:423)
	at com.gsicommerce.romui.selenium.tests.SafetyStockConfigsTests.testSafetyStockSearchBy(SafetyStockConfigsTests.java:430)
	at java.base/java.util.ArrayList.forEach(ArrayList.java:1540)
... Removed 32 stack frames</pre></div><a href='#' onClick='toggleBox("stack-trace812448650", this, "Click to show all stack frames", "Click to hide stack frames")'>Click to show all stack frames</a>
<div class='stack-trace' id='stack-trace812448650'><pre>org.openqa.selenium.NoSuchElementException: no such element: Unable to locate element: {&quot;method&quot;:&quot;css selector&quot;,&quot;selector&quot;:&quot;.reflow-table&quot;}
  (Session info: chrome=83.0.4103.116)
For documentation on this error, please visit: https://www.seleniumhq.org/exceptions/no_such_element.html
Build info: version: &apos;3.141.59&apos;, revision: &apos;e82be7d358&apos;, time: &apos;2018-11-14T08:17:03&apos;
System info: host: &apos;KOP-BM5TNF2&apos;, ip: &apos;10.140.132.212&apos;, os.name: &apos;Windows 10&apos;, os.arch: &apos;amd64&apos;, os.version: &apos;10.0&apos;, java.version: &apos;12.0.2&apos;
Driver info: org.openqa.selenium.chrome.ChromeDriver
Capabilities {acceptInsecureCerts: false, browserName: chrome, browserVersion: 83.0.4103.116, chrome: {chromedriverVersion: 83.0.4103.39 (ccbf011cb2d2b..., userDataDir: C:\Users\shedubey\AppData\L...}, goog:chromeOptions: {debuggerAddress: localhost:51038}, javascriptEnabled: true, networkConnectionEnabled: false, pageLoadStrategy: normal, platform: WINDOWS, platformName: WINDOWS, proxy: Proxy(), setWindowRect: true, strictFileInteractability: false, timeouts: {implicit: 0, pageLoad: 300000, script: 30000}, unhandledPromptBehavior: dismiss and notify, webauthn:virtualAuthenticators: true}
Session ID: debb64d72a0a2489f6a240c027b73e51
*** Element info: {Using=css selector, value=.reflow-table}
	at java.base/jdk.internal.reflect.NativeConstructorAccessorImpl.newInstance0(Native Method)
	at java.base/jdk.internal.reflect.NativeConstructorAccessorImpl.newInstance(NativeConstructorAccessorImpl.java:62)
	at java.base/jdk.internal.reflect.DelegatingConstructorAccessorImpl.newInstance(DelegatingConstructorAccessorImpl.java:45)
	at java.base/java.lang.reflect.Constructor.newInstanceWithCaller(Constructor.java:500)
	at java.base/java.lang.reflect.Constructor.newInstance(Constructor.java:481)
	at org.openqa.selenium.remote.http.W3CHttpResponseCodec.createException(W3CHttpResponseCodec.java:187)
	at org.openqa.selenium.remote.http.W3CHttpResponseCodec.decode(W3CHttpResponseCodec.java:122)
	at org.openqa.selenium.remote.http.W3CHttpResponseCodec.decode(W3CHttpResponseCodec.java:49)
	at org.openqa.selenium.remote.HttpCommandExecutor.execute(HttpCommandExecutor.java:158)
	at org.openqa.selenium.remote.service.DriverCommandExecutor.execute(DriverCommandExecutor.java:83)
	at org.openqa.selenium.remote.RemoteWebDriver.execute(RemoteWebDriver.java:552)
	at org.openqa.selenium.remote.RemoteWebDriver.findElement(RemoteWebDriver.java:323)
	at org.openqa.selenium.remote.RemoteWebDriver.findElementByCssSelector(RemoteWebDriver.java:420)
	at org.openqa.selenium.By$ByCssSelector.findElement(By.java:431)
	at org.openqa.selenium.remote.RemoteWebDriver.findElement(RemoteWebDriver.java:315)
	at org.openqa.selenium.support.pagefactory.DefaultElementLocator.findElement(DefaultElementLocator.java:69)
	at org.openqa.selenium.support.pagefactory.internal.LocatingElementHandler.invoke(LocatingElementHandler.java:38)
	at com.sun.proxy.$Proxy14.findElements(Unknown Source)
	at com.gsicommerce.romui.selenium.utilities.Webtable.&lt;init&gt;(Webtable.java:25)
	at com.gsicommerce.romui.selenium.pages.ordermanagement.CommonElementsPage.nodeWebTable(CommonElementsPage.java:84)
	at com.gsicommerce.romui.selenium.pages.ordermanagement.CommonElementsPage.getTotalRows(CommonElementsPage.java:178)
	at com.gsicommerce.romui.selenium.pages.ordermanagement.SafetyStockConfigsPage.verfiySafetyStockRecord(SafetyStockConfigsPage.java:423)
	at com.gsicommerce.romui.selenium.tests.SafetyStockConfigsTests.testSafetyStockSearchBy(SafetyStockConfigsTests.java:430)
	at java.base/jdk.internal.reflect.NativeMethodAccessorImpl.invoke0(Native Method)
	at java.base/jdk.internal.reflect.NativeMethodAccessorImpl.invoke(NativeMethodAccessorImpl.java:62)
	at java.base/jdk.internal.reflect.DelegatingMethodAccessorImpl.invoke(DelegatingMethodAccessorImpl.java:43)
	at java.base/java.lang.reflect.Method.invoke(Method.java:567)
	at org.testng.internal.MethodInvocationHelper.invokeMethod(MethodInvocationHelper.java:135)
	at org.testng.internal.TestInvoker.invokeMethod(TestInvoker.java:598)
	at org.testng.internal.TestInvoker.invokeTestMethod(TestInvoker.java:174)
	at org.testng.internal.MethodRunner.runInSequence(MethodRunner.java:46)
	at org.testng.internal.TestInvoker$MethodInvocationAgent.invoke(TestInvoker.java:821)
	at org.testng.internal.TestInvoker.invokeTestMethods(TestInvoker.java:147)
	at org.testng.internal.TestMethodWorker.invokeTestMethods(TestMethodWorker.java:146)
	at org.testng.internal.TestMethodWorker.run(TestMethodWorker.java:128)
	at java.base/java.util.ArrayList.forEach(ArrayList.java:1540)
	at org.testng.TestRunner.privateRun(TestRunner.java:767)
	at org.testng.TestRunner.run(TestRunner.java:588)
	at org.testng.SuiteRunner.runTest(SuiteRunner.java:384)
	at org.testng.SuiteRunner.runSequentially(SuiteRunner.java:378)
	at org.testng.SuiteRunner.privateRun(SuiteRunner.java:337)
	at org.testng.SuiteRunner.run(SuiteRunner.java:286)
	at org.testng.SuiteRunnerWorker.runSuite(SuiteRunnerWorker.java:53)
	at org.testng.SuiteRunnerWorker.run(SuiteRunnerWorker.java:96)
	at org.testng.TestNG.runSuitesSequentially(TestNG.java:1214)
	at org.testng.TestNG.runSuitesLocally(TestNG.java:1136)
	at org.testng.TestNG.runSuites(TestNG.java:1066)
	at org.testng.TestNG.run(TestNG.java:1034)
	at org.testng.remote.AbstractRemoteTestNG.run(AbstractRemoteTestNG.java:115)
	at org.testng.remote.RemoteTestNG.initAndRun(RemoteTestNG.java:251)
	at org.testng.remote.RemoteTestNG.main(RemoteTestNG.java:77)
</pre></div></td>
<td>40</td>
<td>com.gsicommerce.romui.selenium.tests.SafetyStockConfigsTests@5542c4ed</td></tr>
</table><p>
<table width='100%' border='1' class='invocation-passed'>
<tr><td colspan='4' align='center'><b>PASSED TESTS</b></td></tr>
<tr><td><b>Test method</b></td>
<td width="30%"><b>Exception</b></td>
<td width="10%"><b>Time (seconds)</b></td>
<td><b>Instance</b></td>
</tr>
<tr>
<td title='com.gsicommerce.romui.selenium.tests.SafetyStockConfigsTests.testDeleteSafetyStockByGLOBALNODETYPE()'><b>testDeleteSafetyStockByGLOBALNODETYPE</b><br>Test class: com.gsicommerce.romui.selenium.tests.SafetyStockConfigsTests<br>Test method: to Verify delete Safety stock through GLOBALNODETYPE in Manage Safety Stock Configuration page<br/>
<a href="#Output-474212430" onClick='toggleBox("Output-474212430", this, "Show output", "Hide output");'>Show output</a>

<a href="#Output-474212430" onClick="toggleAllBoxes();">Show all outputs</a>
<div class='log' id="Output-474212430">
There is no page limit option displayed<br/>
page limit drop down value is selected<br/>
Getting the column value of the first row<br/>
Getting the column value of the first row<br/>
Action icon for span element is clicked on<br/>
</div>
</td>
<td></td>
<td>29</td>
<td>com.gsicommerce.romui.selenium.tests.SafetyStockConfigsTests@5542c4ed</td></tr>
<tr>
<td title='com.gsicommerce.romui.selenium.tests.SafetyStockConfigsTests.testDeleteSafetyStockByNodeItem()'><b>testDeleteSafetyStockByNodeItem</b><br>Test class: com.gsicommerce.romui.selenium.tests.SafetyStockConfigsTests<br>Test method: to Verify delete Safety stock through Node Item in Manage Safety Stock Configuration page<br/>
<a href="#Output-904612411" onClick='toggleBox("Output-904612411", this, "Show output", "Hide output");'>Show output</a>

<a href="#Output-904612411" onClick="toggleAllBoxes();">Show all outputs</a>
<div class='log' id="Output-904612411">
There is no page limit option displayed<br/>
page limit drop down value is selected<br/>
Getting the column value of the first row<br/>
Getting the column value of the first row<br/>
Action icon for span element is clicked on<br/>
</div>
</td>
<td></td>
<td>30</td>
<td>com.gsicommerce.romui.selenium.tests.SafetyStockConfigsTests@5542c4ed</td></tr>
<tr>
<td title='com.gsicommerce.romui.selenium.tests.SafetyStockConfigsTests.testDeleteSafetyStockByNodeItemAttribute()'><b>testDeleteSafetyStockByNodeItemAttribute</b><br>Test class: com.gsicommerce.romui.selenium.tests.SafetyStockConfigsTests<br>Test method: to Verify delete Safety stock through NodeItemAttributeNode in Manage Safety Stock Configuration page<br/>
<a href="#Output-146174144" onClick='toggleBox("Output-146174144", this, "Show output", "Hide output");'>Show output</a>

<a href="#Output-146174144" onClick="toggleAllBoxes();">Show all outputs</a>
<div class='log' id="Output-146174144">
There is no page limit option displayed<br/>
page limit drop down value is selected<br/>
There is no page limit option displayed<br/>
page limit drop down value is selected<br/>
Getting the column value of the first row<br/>
Getting the column value of the first row<br/>
Action icon for span element is clicked on<br/>
</div>
</td>
<td></td>
<td>42</td>
<td>com.gsicommerce.romui.selenium.tests.SafetyStockConfigsTests@5542c4ed</td></tr>
<tr>
<td title='com.gsicommerce.romui.selenium.tests.SafetyStockConfigsTests.testDeleteSafetyStockByNodeTypeItem()'><b>testDeleteSafetyStockByNodeTypeItem</b><br>Test class: com.gsicommerce.romui.selenium.tests.SafetyStockConfigsTests<br>Test method: to Verify delete Safety stock through Node type Item in Manage Safety Stock Configuration page<br/>
<a href="#Output-1918121287" onClick='toggleBox("Output-1918121287", this, "Show output", "Hide output");'>Show output</a>

<a href="#Output-1918121287" onClick="toggleAllBoxes();">Show all outputs</a>
<div class='log' id="Output-1918121287">
There is no page limit option displayed<br/>
page limit drop down value is selected<br/>
Getting the column value of the first row<br/>
Getting the column value of the first row<br/>
Action icon for span element is clicked on<br/>
</div>
</td>
<td></td>
<td>31</td>
<td>com.gsicommerce.romui.selenium.tests.SafetyStockConfigsTests@5542c4ed</td></tr>
<tr>
<td title='com.gsicommerce.romui.selenium.tests.SafetyStockConfigsTests.testEditSafetyStockByGLOBALNODETYPE()'><b>testEditSafetyStockByGLOBALNODETYPE</b><br>Test class: com.gsicommerce.romui.selenium.tests.SafetyStockConfigsTests<br>Test method: to Verify edit Safety stock through GLOBALNODETYPE in Manage Safety Stock Configuration page<br/>
<a href="#Output-1468876586" onClick='toggleBox("Output-1468876586", this, "Show output", "Hide output");'>Show output</a>

<a href="#Output-1468876586" onClick="toggleAllBoxes();">Show all outputs</a>
<div class='log' id="Output-1468876586">
There is no page limit option displayed<br/>
page limit drop down value is selected<br/>
Getting the column value of the first row<br/>
Getting the column value of the first row<br/>
View Order icon is clicked on<br/>
</div>
</td>
<td></td>
<td>33</td>
<td>com.gsicommerce.romui.selenium.tests.SafetyStockConfigsTests@5542c4ed</td></tr>
<tr>
<td title='com.gsicommerce.romui.selenium.tests.SafetyStockConfigsTests.testEditSafetyStockByNodeItem()'><b>testEditSafetyStockByNodeItem</b><br>Test class: com.gsicommerce.romui.selenium.tests.SafetyStockConfigsTests<br>Test method: to Verify edit Safety stock through Node Item in Manage Safety Stock Configuration page<br/>
<a href="#Output-1414934182" onClick='toggleBox("Output-1414934182", this, "Show output", "Hide output");'>Show output</a>

<a href="#Output-1414934182" onClick="toggleAllBoxes();">Show all outputs</a>
<div class='log' id="Output-1414934182">
There is no page limit option displayed<br/>
page limit drop down value is selected<br/>
Getting the column value of the first row<br/>
Getting the column value of the first row<br/>
View Order icon is clicked on<br/>
</div>
</td>
<td></td>
<td>37</td>
<td>com.gsicommerce.romui.selenium.tests.SafetyStockConfigsTests@5542c4ed</td></tr>
<tr>
<td title='com.gsicommerce.romui.selenium.tests.SafetyStockConfigsTests.testEditSafetyStockByNodeItemAttribute()'><b>testEditSafetyStockByNodeItemAttribute</b><br>Test class: com.gsicommerce.romui.selenium.tests.SafetyStockConfigsTests<br>Test method: to Verify edit Safety stock through NodeItemAttribute in Manage Safety Stock Configuration page<br/>
<a href="#Output-145833361" onClick='toggleBox("Output-145833361", this, "Show output", "Hide output");'>Show output</a>

<a href="#Output-145833361" onClick="toggleAllBoxes();">Show all outputs</a>
<div class='log' id="Output-145833361">
There is no page limit option displayed<br/>
page limit drop down value is selected<br/>
There is no page limit option displayed<br/>
page limit drop down value is selected<br/>
Getting the column value of the first row<br/>
Getting the column value of the first row<br/>
View Order icon is clicked on<br/>
</div>
</td>
<td></td>
<td>47</td>
<td>com.gsicommerce.romui.selenium.tests.SafetyStockConfigsTests@5542c4ed</td></tr>
<tr>
<td title='com.gsicommerce.romui.selenium.tests.SafetyStockConfigsTests.testEditSafetyStockByNodeTypeItem()'><b>testEditSafetyStockByNodeTypeItem</b><br>Test class: com.gsicommerce.romui.selenium.tests.SafetyStockConfigsTests<br>Test method: to Verify edit Safety stock through Node type Item in Manage Safety Stock Configuration page<br/>
<a href="#Output-345703799" onClick='toggleBox("Output-345703799", this, "Show output", "Hide output");'>Show output</a>

<a href="#Output-345703799" onClick="toggleAllBoxes();">Show all outputs</a>
<div class='log' id="Output-345703799">
There is no page limit option displayed<br/>
page limit drop down value is selected<br/>
Getting the column value of the first row<br/>
Getting the column value of the first row<br/>
View Order icon is clicked on<br/>
</div>
</td>
<td></td>
<td>32</td>
<td>com.gsicommerce.romui.selenium.tests.SafetyStockConfigsTests@5542c4ed</td></tr>
<tr>
<td title='com.gsicommerce.romui.selenium.tests.SafetyStockConfigsTests.testEditSafetyStockByNodeTypeItemAttribute()'><b>testEditSafetyStockByNodeTypeItemAttribute</b><br>Test class: com.gsicommerce.romui.selenium.tests.SafetyStockConfigsTests<br>Test method: to Verify edit Safety stock through NodeTypeItemAttribute in Manage Safety Stock Configuration page<br/>
<a href="#Output-440641678" onClick='toggleBox("Output-440641678", this, "Show output", "Hide output");'>Show output</a>

<a href="#Output-440641678" onClick="toggleAllBoxes();">Show all outputs</a>
<div class='log' id="Output-440641678">
There is no page limit option displayed<br/>
page limit drop down value is selected<br/>
Getting the column value of the first row<br/>
Getting the column value of the first row<br/>
View Order icon is clicked on<br/>
</div>
</td>
<td></td>
<td>36</td>
<td>com.gsicommerce.romui.selenium.tests.SafetyStockConfigsTests@5542c4ed</td></tr>
</table><p>
</body>
</html>