<?xml version="1.0" encoding="UTF-8"?>
<!-- Generated by org.testng.reporters.JUnitXMLReporter -->
<testsuite ignored="0" hostname="KOP-BM5TNF2" failures="1" tests="4" name="SellerConfigsTestsfirefox" time="37.119" errors="0" timestamp="2020-07-14T14:52:26 EDT">
  <testcase classname="com.gsicommerce.romui.selenium.pages.ROMUIBasePage" name="@BeforeMethod setup" time="0.441">
    <failure type="java.lang.IllegalStateException" message="Failed to create remote webdriver">
      <![CDATA[java.lang.IllegalStateException: Failed to create remote webdriver
at com.gsicommerce.romui.selenium.utilities.Browser.remoteWebDriver(Browser.java:259)
at com.gsicommerce.romui.selenium.utilities.Browser.buildBrowserInstance(Browser.java:130)
at com.gsicommerce.romui.selenium.utilities.Browser.getBrowserInstance(Browser.java:57)
at com.gsicommerce.romui.selenium.utilities.Common.startApplication(Common.java:82)
at com.gsicommerce.romui.selenium.pages.ROMUIBasePage.setup(ROMUIBasePage.java:28)
at java.base/java.util.ArrayList.forEach(ArrayList.java:1540)
at java.base/java.util.concurrent.FutureTask.run(FutureTask.java:264)
at java.base/java.util.concurrent.ThreadPoolExecutor.runWorker(ThreadPoolExecutor.java:1128)
at java.base/java.util.concurrent.ThreadPoolExecutor$Worker.run(ThreadPoolExecutor.java:628)
at java.base/java.lang.Thread.run(Thread.java:835)
Caused by: org.openqa.selenium.WebDriverException: Unable to parse remote response: Failed when trying to check whether the selenium caps were good. Account has reached the maximum number of queued automated  tests: 1
at org.openqa.selenium.remote.ProtocolHandshake.createSession(ProtocolHandshake.java:115)
at org.openqa.selenium.remote.ProtocolHandshake.createSession(ProtocolHandshake.java:74)
at org.openqa.selenium.remote.HttpCommandExecutor.execute(HttpCommandExecutor.java:136)
at org.openqa.selenium.remote.RemoteWebDriver.execute(RemoteWebDriver.java:552)
at org.openqa.selenium.remote.RemoteWebDriver.startSession(RemoteWebDriver.java:213)
at org.openqa.selenium.remote.RemoteWebDriver.<init>(RemoteWebDriver.java:131)
at org.openqa.selenium.remote.RemoteWebDriver.<init>(RemoteWebDriver.java:144)
at com.gsicommerce.romui.selenium.utilities.Browser.remoteWebDriver(Browser.java:172)
... 31 more
Caused by: org.openqa.selenium.json.JsonException: Unable to determine type from: F. Last 1 characters read: F
Build info: version: '3.141.59', revision: 'e82be7d358', time: '2018-11-14T08:17:03'
System info: host: 'KOP-BM5TNF2', ip: '10.140.135.194', os.name: 'Windows 10', os.arch: 'amd64', os.version: '10.0', java.version: '12.0.2'
Driver info: driver.version: RemoteWebDriver
at org.openqa.selenium.json.JsonInput.peek(JsonInput.java:122)
at org.openqa.selenium.json.JsonTypeCoercer.lambda$null$6(JsonTypeCoercer.java:140)
at org.openqa.selenium.json.JsonTypeCoercer.coerce(JsonTypeCoercer.java:126)
at org.openqa.selenium.json.Json.toType(Json.java:69)
at org.openqa.selenium.json.Json.toType(Json.java:55)
at org.openqa.selenium.json.Json.toType(Json.java:50)
at org.openqa.selenium.remote.ProtocolHandshake.createSession(ProtocolHandshake.java:112)
... 38 more
... Removed 22 stack frames]]>
    </failure>
  </testcase> <!-- @BeforeMethod setup -->
  <testcase classname="com.gsicommerce.romui.selenium.pages.ROMUIBasePage" name="@BeforeMethod setup" time="-1.594752745444E9">
    <skipped/>
  </testcase> <!-- @BeforeMethod setup -->
  <testcase classname="com.gsicommerce.romui.selenium.pages.ROMUIBasePage" name="@BeforeMethod setup" time="-1.594752745928E9">
    <skipped/>
  </testcase> <!-- @BeforeMethod setup -->
  <testcase classname="com.gsicommerce.romui.selenium.tests.SellerConfigsTests" name="testVerifyManageSellerConfig" time="20.964">
    <failure type="org.openqa.selenium.NoSuchElementException" message="Unable to locate element: #login_form_username
For documentation on this error, please visit: https://www.seleniumhq.org/exceptions/no_such_element.html
Build info: version: &amp;apos;3.141.59&amp;apos;, revision: &amp;apos;e82be7d358&amp;apos;, time: &amp;apos;2018-11-14T08:17:03&amp;apos;
System info: host: &amp;apos;KOP-BM5TNF2&amp;apos;, ip: &amp;apos;10.140.135.194&amp;apos;, os.name: &amp;apos;Windows 10&amp;apos;, os.arch: &amp;apos;amd64&amp;apos;, os.version: &amp;apos;10.0&amp;apos;, java.version: &amp;apos;12.0.2&amp;apos;
Driver info: org.openqa.selenium.remote.RemoteWebDriver
Capabilities {acceptInsecureCerts: true, browserName: firefox, browserVersion: 76.0, javascriptEnabled: true, moz:accessibilityChecks: false, moz:buildID: 20200429185419, moz:geckodriverVersion: 0.26.0, moz:headless: false, moz:processID: 3780, moz:profile: C:\Users\you\AppData\Local\..., moz:shutdownTimeout: 60000, moz:useNonSpecCompliantPointerOrigin: false, moz:webdriverClick: true, pageLoadStrategy: normal, platform: WINDOWS, platformName: WINDOWS, platformVersion: 10.0, rotatable: false, setWindowRect: true, strictFileInteractability: false, timeouts: {implicit: 0, pageLoad: 300000, script: 30000}, unhandledPromptBehavior: dismiss and notify, webdriver.remote.sessionid: 113abc44-1983-4e77-8c53-bd4...}
Session ID: 113abc44-1983-4e77-8c53-bd436d599f75
*** Element info: {Using=css selector, value=#login_form_username}">
      <![CDATA[org.openqa.selenium.NoSuchElementException: Unable to locate element: #login_form_username
For documentation on this error, please visit: https://www.seleniumhq.org/exceptions/no_such_element.html
Build info: version: '3.141.59', revision: 'e82be7d358', time: '2018-11-14T08:17:03'
System info: host: 'KOP-BM5TNF2', ip: '10.140.135.194', os.name: 'Windows 10', os.arch: 'amd64', os.version: '10.0', java.version: '12.0.2'
Driver info: org.openqa.selenium.remote.RemoteWebDriver
Capabilities {acceptInsecureCerts: true, browserName: firefox, browserVersion: 76.0, javascriptEnabled: true, moz:accessibilityChecks: false, moz:buildID: 20200429185419, moz:geckodriverVersion: 0.26.0, moz:headless: false, moz:processID: 3780, moz:profile: C:\Users\you\AppData\Local\..., moz:shutdownTimeout: 60000, moz:useNonSpecCompliantPointerOrigin: false, moz:webdriverClick: true, pageLoadStrategy: normal, platform: WINDOWS, platformName: WINDOWS, platformVersion: 10.0, rotatable: false, setWindowRect: true, strictFileInteractability: false, timeouts: {implicit: 0, pageLoad: 300000, script: 30000}, unhandledPromptBehavior: dismiss and notify, webdriver.remote.sessionid: 113abc44-1983-4e77-8c53-bd4...}
Session ID: 113abc44-1983-4e77-8c53-bd436d599f75
*** Element info: {Using=css selector, value=#login_form_username}
at org.openqa.selenium.remote.http.W3CHttpResponseCodec.createException(W3CHttpResponseCodec.java:187)
at org.openqa.selenium.remote.http.W3CHttpResponseCodec.decode(W3CHttpResponseCodec.java:122)
at org.openqa.selenium.remote.http.W3CHttpResponseCodec.decode(W3CHttpResponseCodec.java:49)
at org.openqa.selenium.remote.HttpCommandExecutor.execute(HttpCommandExecutor.java:158)
at org.openqa.selenium.remote.RemoteWebDriver.execute(RemoteWebDriver.java:552)
at org.openqa.selenium.remote.RemoteWebDriver.findElement(RemoteWebDriver.java:323)
at org.openqa.selenium.remote.RemoteWebDriver.findElementByCssSelector(RemoteWebDriver.java:420)
at org.openqa.selenium.By$ByCssSelector.findElement(By.java:431)
at org.openqa.selenium.remote.RemoteWebDriver.findElement(RemoteWebDriver.java:315)
at org.openqa.selenium.support.pagefactory.DefaultElementLocator.findElement(DefaultElementLocator.java:69)
at org.openqa.selenium.support.pagefactory.internal.LocatingElementHandler.invoke(LocatingElementHandler.java:38)
at com.sun.proxy.$Proxy14.sendKeys(Unknown Source)
at com.gsicommerce.romui.selenium.pages.LoginPage.login(LoginPage.java:67)
at com.gsicommerce.romui.selenium.tests.SellerConfigsTests.testVerifyManageSellerConfig(SellerConfigsTests.java:24)
at java.base/java.util.ArrayList.forEach(ArrayList.java:1540)
at java.base/java.util.concurrent.FutureTask.run(FutureTask.java:264)
at java.base/java.util.concurrent.ThreadPoolExecutor.runWorker(ThreadPoolExecutor.java:1128)
at java.base/java.util.concurrent.ThreadPoolExecutor$Worker.run(ThreadPoolExecutor.java:628)
at java.base/java.lang.Thread.run(Thread.java:835)
... Removed 22 stack frames]]>
    </failure>
  </testcase> <!-- testVerifyManageSellerConfig -->
  <testcase classname="com.gsicommerce.romui.selenium.tests.SellerConfigsTests" name="testEditSeller" time="0.0">
    <skipped/>
  </testcase> <!-- testEditSeller -->
  <testcase classname="com.gsicommerce.romui.selenium.tests.SellerConfigsTests" name="testViewSeller" time="0.0">
    <skipped/>
  </testcase> <!-- testViewSeller -->
  <testcase classname="com.gsicommerce.romui.selenium.tests.SellerConfigsTests" name="testEditSellerFromViewPage" time="0.0">
    <skipped/>
  </testcase> <!-- testEditSellerFromViewPage -->
</testsuite> <!-- SellerConfigsTestsfirefox -->
