<!DOCTYPE html>

<html>
  <head>
  <meta charset='utf-8'>
  <title>TestNG reports</title>

    <link type="text/css" href="testng-reports1.css" rel="stylesheet" id="ultra" />
    <link type="text/css" href="testng-reports.css" rel="stylesheet" id="retro" disabled="false"/>
    <script type="text/javascript" src="jquery-3.4.1.min.js"></script>
    <script type="text/javascript" src="testng-reports.js"></script>
    <script type="text/javascript" src="https://www.google.com/jsapi"></script>
    <script type='text/javascript'>
      google.load('visualization', '1', {packages:['table']});
      google.setOnLoadCallback(drawTable);
      var suiteTableInitFunctions = new Array();
      var suiteTableData = new Array();
    </script>
    <!--
      <script type="text/javascript" src="jquery-ui/js/jquery-ui-1.8.16.custom.min.js"></script>
     -->
  </head>

  <body>
    <div class="top-banner-root">
      <span class="top-banner-title-font">Test results</span>
      <button id="button" class="button">Switch Retro Theme</button> <!-- button -->
      <br/>
      <span class="top-banner-font-1">1 suite, 11 failed tests</span>
    </div> <!-- top-banner-root -->
    <div class="navigator-root">
      <div class="navigator-suite-header">
        <span>All suites</span>
        <a href="#" title="Collapse/expand all the suites" class="collapse-all-link">
          <img src="collapseall.gif" class="collapse-all-icon">
          </img> <!-- collapse-all-icon -->
        </a> <!-- collapse-all-link -->
      </div> <!-- navigator-suite-header -->
      <div class="suite">
        <div class="rounded-window">
          <div class="suite-header light-rounded-window-top">
            <a href="#" panel-name="suite-Suite" class="navigator-link">
              <span class="suite-name border-failed">Suite</span>
            </a> <!-- navigator-link -->
          </div> <!-- suite-header light-rounded-window-top -->
          <div class="navigator-suite-content">
            <div class="suite-section-title">
              <span>Info</span>
            </div> <!-- suite-section-title -->
            <div class="suite-section-content">
              <ul>
                <li>
                  <a href="#" panel-name="test-xml-Suite" class="navigator-link ">
                    <span>C:\Users\shedubey\Desktop\ROM\ROMUI_Automation\ROMUI-sheela\src\test\resources\testsuites\TestSuite-OrdersTests.xml</span>
                  </a> <!-- navigator-link  -->
                </li>
                <li>
                  <a href="#" panel-name="testlist-Suite" class="navigator-link ">
                    <span class="test-stats">1 test</span>
                  </a> <!-- navigator-link  -->
                </li>
                <li>
                  <a href="#" panel-name="group-Suite" class="navigator-link ">
                    <span>0 groups</span>
                  </a> <!-- navigator-link  -->
                </li>
                <li>
                  <a href="#" panel-name="times-Suite" class="navigator-link ">
                    <span>Times</span>
                  </a> <!-- navigator-link  -->
                </li>
                <li>
                  <a href="#" panel-name="reporter-Suite" class="navigator-link ">
                    <span>Reporter output</span>
                  </a> <!-- navigator-link  -->
                </li>
                <li>
                  <a href="#" panel-name="ignored-methods-Suite" class="navigator-link ">
                    <span>Ignored methods</span>
                  </a> <!-- navigator-link  -->
                </li>
                <li>
                  <a href="#" panel-name="chronological-Suite" class="navigator-link ">
                    <span>Chronological view</span>
                  </a> <!-- navigator-link  -->
                </li>
              </ul>
            </div> <!-- suite-section-content -->
            <div class="result-section">
              <div class="suite-section-title">
                <span>Results</span>
              </div> <!-- suite-section-title -->
              <div class="suite-section-content">
                <ul>
                  <li>
                    <span class="method-stats">19 methods, 11 failed,   8 passed</span>
                  </li>
                  <li>
                    <span class="method-list-title failed">Failed methods</span>
                    <span class="show-or-hide-methods failed">
                      <a href="#" panel-name="suite-Suite" class="hide-methods failed suite-Suite"> (hide)</a> <!-- hide-methods failed suite-Suite -->
                      <a href="#" panel-name="suite-Suite" class="show-methods failed suite-Suite"> (show)</a> <!-- show-methods failed suite-Suite -->
                    </span>
                    <div class="method-list-content failed suite-Suite">
                      <span>
                        <img src="failed.png" width="3%"/>
                        <a href="#" panel-name="suite-Suite" title="com.gsicommerce.romui.selenium.tests.OrdersTests" class="method navigator-link" hash-for-method="testAddZCOrder">testAddZCOrder</a> <!-- method navigator-link -->
                      </span>
                      <br/>
                      <span>
                        <img src="failed.png" width="3%"/>
                        <a href="#" panel-name="suite-Suite" title="com.gsicommerce.romui.selenium.tests.OrdersTests" class="method navigator-link" hash-for-method="testCreateReturnOrder">testCreateReturnOrder</a> <!-- method navigator-link -->
                      </span>
                      <br/>
                      <span>
                        <img src="failed.png" width="3%"/>
                        <a href="#" panel-name="suite-Suite" title="com.gsicommerce.romui.selenium.tests.OrdersTests" class="method navigator-link" hash-for-method="testEditSearch">testEditSearch</a> <!-- method navigator-link -->
                      </span>
                      <br/>
                      <span>
                        <img src="failed.png" width="3%"/>
                        <a href="#" panel-name="suite-Suite" title="com.gsicommerce.romui.selenium.tests.OrdersTests" class="method navigator-link" hash-for-method="testOrderAuditsByCustomerName">testOrderAuditsByCustomerName</a> <!-- method navigator-link -->
                      </span>
                      <br/>
                      <span>
                        <img src="failed.png" width="3%"/>
                        <a href="#" panel-name="suite-Suite" title="com.gsicommerce.romui.selenium.tests.OrdersTests" class="method navigator-link" hash-for-method="testOrderAuditsByOrderStatus">testOrderAuditsByOrderStatus</a> <!-- method navigator-link -->
                      </span>
                      <br/>
                      <span>
                        <img src="failed.png" width="3%"/>
                        <a href="#" panel-name="suite-Suite" title="com.gsicommerce.romui.selenium.tests.OrdersTests" class="method navigator-link" hash-for-method="testSearchOrderByCustomerName">testSearchOrderByCustomerName</a> <!-- method navigator-link -->
                      </span>
                      <br/>
                      <span>
                        <img src="failed.png" width="3%"/>
                        <a href="#" panel-name="suite-Suite" title="com.gsicommerce.romui.selenium.tests.OrdersTests" class="method navigator-link" hash-for-method="testSearchOrderByEmail">testSearchOrderByEmail</a> <!-- method navigator-link -->
                      </span>
                      <br/>
                      <span>
                        <img src="failed.png" width="3%"/>
                        <a href="#" panel-name="suite-Suite" title="com.gsicommerce.romui.selenium.tests.OrdersTests" class="method navigator-link" hash-for-method="testSearchOrderByFullfillmentNumber">testSearchOrderByFullfillmentNumber</a> <!-- method navigator-link -->
                      </span>
                      <br/>
                      <span>
                        <img src="failed.png" width="3%"/>
                        <a href="#" panel-name="suite-Suite" title="com.gsicommerce.romui.selenium.tests.OrdersTests" class="method navigator-link" hash-for-method="testSearchOrderByOrderStatus">testSearchOrderByOrderStatus</a> <!-- method navigator-link -->
                      </span>
                      <br/>
                      <span>
                        <img src="failed.png" width="3%"/>
                        <a href="#" panel-name="suite-Suite" title="com.gsicommerce.romui.selenium.tests.OrdersTests" class="method navigator-link" hash-for-method="testViewOrder">testViewOrder</a> <!-- method navigator-link -->
                      </span>
                      <br/>
                      <span>
                        <img src="failed.png" width="3%"/>
                        <a href="#" panel-name="suite-Suite" title="com.gsicommerce.romui.selenium.tests.OrdersTests" class="method navigator-link" hash-for-method="testViewOrderByCustomername">testViewOrderByCustomername</a> <!-- method navigator-link -->
                      </span>
                      <br/>
                    </div> <!-- method-list-content failed suite-Suite -->
                  </li>
                  <li>
                    <span class="method-list-title passed">Passed methods</span>
                    <span class="show-or-hide-methods passed">
                      <a href="#" panel-name="suite-Suite" class="hide-methods passed suite-Suite"> (hide)</a> <!-- hide-methods passed suite-Suite -->
                      <a href="#" panel-name="suite-Suite" class="show-methods passed suite-Suite"> (show)</a> <!-- show-methods passed suite-Suite -->
                    </span>
                    <div class="method-list-content passed suite-Suite">
                      <span>
                        <img src="passed.png" width="3%"/>
                        <a href="#" panel-name="suite-Suite" title="com.gsicommerce.romui.selenium.tests.OrdersTests" class="method navigator-link" hash-for-method="testOrderAuditsByEmail">testOrderAuditsByEmail</a> <!-- method navigator-link -->
                      </span>
                      <br/>
                      <span>
                        <img src="passed.png" width="3%"/>
                        <a href="#" panel-name="suite-Suite" title="com.gsicommerce.romui.selenium.tests.OrdersTests" class="method navigator-link" hash-for-method="testOrderAuditsByFulfillmentOrder">testOrderAuditsByFulfillmentOrder</a> <!-- method navigator-link -->
                      </span>
                      <br/>
                      <span>
                        <img src="passed.png" width="3%"/>
                        <a href="#" panel-name="suite-Suite" title="com.gsicommerce.romui.selenium.tests.OrdersTests" class="method navigator-link" hash-for-method="testOrderAuditsByOrderNumberSearch">testOrderAuditsByOrderNumberSearch</a> <!-- method navigator-link -->
                      </span>
                      <br/>
                      <span>
                        <img src="passed.png" width="3%"/>
                        <a href="#" panel-name="suite-Suite" title="com.gsicommerce.romui.selenium.tests.OrdersTests" class="method navigator-link" hash-for-method="testOrderSearchFormValidation">testOrderSearchFormValidation</a> <!-- method navigator-link -->
                      </span>
                      <br/>
                      <span>
                        <img src="passed.png" width="3%"/>
                        <a href="#" panel-name="suite-Suite" title="com.gsicommerce.romui.selenium.tests.OrdersTests" class="method navigator-link" hash-for-method="testSearchOrderbyNumber">testSearchOrderbyNumber</a> <!-- method navigator-link -->
                      </span>
                      <br/>
                      <span>
                        <img src="passed.png" width="3%"/>
                        <a href="#" panel-name="suite-Suite" title="com.gsicommerce.romui.selenium.tests.OrdersTests" class="method navigator-link" hash-for-method="testViewOrderByEmail">testViewOrderByEmail</a> <!-- method navigator-link -->
                      </span>
                      <br/>
                      <span>
                        <img src="passed.png" width="3%"/>
                        <a href="#" panel-name="suite-Suite" title="com.gsicommerce.romui.selenium.tests.OrdersTests" class="method navigator-link" hash-for-method="testViewOrderByFulfillment">testViewOrderByFulfillment</a> <!-- method navigator-link -->
                      </span>
                      <br/>
                      <span>
                        <img src="passed.png" width="3%"/>
                        <a href="#" panel-name="suite-Suite" title="com.gsicommerce.romui.selenium.tests.OrdersTests" class="method navigator-link" hash-for-method="testViewOrderByStatus">testViewOrderByStatus</a> <!-- method navigator-link -->
                      </span>
                      <br/>
                    </div> <!-- method-list-content passed suite-Suite -->
                  </li>
                </ul>
              </div> <!-- suite-section-content -->
            </div> <!-- result-section -->
          </div> <!-- navigator-suite-content -->
        </div> <!-- rounded-window -->
      </div> <!-- suite -->
    </div> <!-- navigator-root -->
    <div class="wrapper">
      <div class="main-panel-root">
        <div panel-name="suite-Suite" class="panel Suite">
          <div class="suite-Suite-class-failed">
            <div class="main-panel-header rounded-window-top">
              <img src="failed.png"/>
              <span class="class-name">com.gsicommerce.romui.selenium.tests.OrdersTests</span>
            </div> <!-- main-panel-header rounded-window-top -->
            <div class="main-panel-content rounded-window-bottom">
              <div class="method">
                <div class="method-content">
                  <a name="testAddZCOrder">
                  </a> <!-- testAddZCOrder -->
                  <span class="method-name">testAddZCOrder</span>
                  <div class="stack-trace">org.openqa.selenium.NoSuchElementException: no such element: Unable to locate element: {&quot;method&quot;:&quot;css selector&quot;,&quot;selector&quot;:&quot;[type=&apos;button&apos;][data-create-zero-cost-order=&apos;true&apos;]&quot;}
  (Session info: chrome=83.0.4103.116)
For documentation on this error, please visit: https://www.seleniumhq.org/exceptions/no_such_element.html
Build info: version: &apos;3.141.59&apos;, revision: &apos;e82be7d358&apos;, time: &apos;2018-11-14T08:17:03&apos;
System info: host: &apos;KOP-BM5TNF2&apos;, ip: &apos;10.140.133.80&apos;, os.name: &apos;Windows 10&apos;, os.arch: &apos;amd64&apos;, os.version: &apos;10.0&apos;, java.version: &apos;12.0.2&apos;
Driver info: org.openqa.selenium.chrome.ChromeDriver
Capabilities {acceptInsecureCerts: false, browserName: chrome, browserVersion: 83.0.4103.116, chrome: {chromedriverVersion: 83.0.4103.39 (ccbf011cb2d2b..., userDataDir: C:\Users\shedubey\AppData\L...}, goog:chromeOptions: {debuggerAddress: localhost:60426}, javascriptEnabled: true, networkConnectionEnabled: false, pageLoadStrategy: normal, platform: WINDOWS, platformName: WINDOWS, proxy: Proxy(), setWindowRect: true, strictFileInteractability: false, timeouts: {implicit: 0, pageLoad: 300000, script: 30000}, unhandledPromptBehavior: dismiss and notify, webauthn:virtualAuthenticators: true}
Session ID: 3f08442318afcb908108b1bac94b7ae4
*** Element info: {Using=css selector, value=[type=&apos;button&apos;][data-create-zero-cost-order=&apos;true&apos;]}
	at org.openqa.selenium.remote.http.W3CHttpResponseCodec.createException(W3CHttpResponseCodec.java:187)
	at org.openqa.selenium.remote.http.W3CHttpResponseCodec.decode(W3CHttpResponseCodec.java:122)
	at org.openqa.selenium.remote.http.W3CHttpResponseCodec.decode(W3CHttpResponseCodec.java:49)
	at org.openqa.selenium.remote.HttpCommandExecutor.execute(HttpCommandExecutor.java:158)
	at org.openqa.selenium.remote.service.DriverCommandExecutor.execute(DriverCommandExecutor.java:83)
	at org.openqa.selenium.remote.RemoteWebDriver.execute(RemoteWebDriver.java:552)
	at org.openqa.selenium.remote.RemoteWebDriver.findElement(RemoteWebDriver.java:323)
	at org.openqa.selenium.remote.RemoteWebDriver.findElementByCssSelector(RemoteWebDriver.java:420)
	at org.openqa.selenium.By$ByCssSelector.findElement(By.java:431)
	at org.openqa.selenium.remote.RemoteWebDriver.findElement(RemoteWebDriver.java:315)
	at org.openqa.selenium.support.pagefactory.DefaultElementLocator.findElement(DefaultElementLocator.java:69)
	at org.openqa.selenium.support.pagefactory.internal.LocatingElementHandler.invoke(LocatingElementHandler.java:38)
	at com.sun.proxy.$Proxy14.getWrappedElement(Unknown Source)
	at org.openqa.selenium.remote.internal.WebElementToJsonConverter.apply(WebElementToJsonConverter.java:50)
	at java.base/java.util.stream.ReferencePipeline$3$1.accept(ReferencePipeline.java:195)
	at java.base/java.util.Spliterators$ArraySpliterator.forEachRemaining(Spliterators.java:948)
	at java.base/java.util.stream.AbstractPipeline.copyInto(AbstractPipeline.java:484)
	at java.base/java.util.stream.AbstractPipeline.wrapAndCopyInto(AbstractPipeline.java:474)
	at java.base/java.util.stream.ReduceOps$ReduceOp.evaluateSequential(ReduceOps.java:913)
	at java.base/java.util.stream.AbstractPipeline.evaluate(AbstractPipeline.java:234)
	at java.base/java.util.stream.ReferencePipeline.collect(ReferencePipeline.java:578)
	at org.openqa.selenium.remote.RemoteWebDriver.executeScript(RemoteWebDriver.java:484)
	at com.gsicommerce.romui.selenium.utilities.Action.clickUsingJavaScipt(Action.java:851)
	at com.gsicommerce.romui.selenium.pages.ordermanagement.OrdersPage.addZeroCostOrder(OrdersPage.java:612)
	at com.gsicommerce.romui.selenium.tests.OrdersTests.testAddZCOrder(OrdersTests.java:216)
	at java.base/java.util.ArrayList.forEach(ArrayList.java:1540)
... Removed 32 stack frames
</div> <!-- stack-trace -->
                  <em>
(To Verify User able to Add Zero Cost Order via UI.)                  </em>
                </div> <!-- method-content -->
              </div> <!-- method -->
              <div class="method">
                <div class="method-content">
                  <a name="testCreateReturnOrder">
                  </a> <!-- testCreateReturnOrder -->
                  <span class="method-name">testCreateReturnOrder</span>
                  <div class="stack-trace">org.openqa.selenium.ElementNotInteractableException: element not interactable
  (Session info: chrome=83.0.4103.116)
Build info: version: &apos;3.141.59&apos;, revision: &apos;e82be7d358&apos;, time: &apos;2018-11-14T08:17:03&apos;
System info: host: &apos;KOP-BM5TNF2&apos;, ip: &apos;10.140.133.80&apos;, os.name: &apos;Windows 10&apos;, os.arch: &apos;amd64&apos;, os.version: &apos;10.0&apos;, java.version: &apos;12.0.2&apos;
Driver info: org.openqa.selenium.chrome.ChromeDriver
Capabilities {acceptInsecureCerts: false, browserName: chrome, browserVersion: 83.0.4103.116, chrome: {chromedriverVersion: 83.0.4103.39 (ccbf011cb2d2b..., userDataDir: C:\Users\shedubey\AppData\L...}, goog:chromeOptions: {debuggerAddress: localhost:60513}, javascriptEnabled: true, networkConnectionEnabled: false, pageLoadStrategy: normal, platform: WINDOWS, platformName: WINDOWS, proxy: Proxy(), setWindowRect: true, strictFileInteractability: false, timeouts: {implicit: 0, pageLoad: 300000, script: 30000}, unhandledPromptBehavior: dismiss and notify, webauthn:virtualAuthenticators: true}
Session ID: 1c74dec7d17bd1669f8e3081ff37728d
	at org.openqa.selenium.remote.http.W3CHttpResponseCodec.createException(W3CHttpResponseCodec.java:187)
	at org.openqa.selenium.remote.http.W3CHttpResponseCodec.decode(W3CHttpResponseCodec.java:122)
	at org.openqa.selenium.remote.http.W3CHttpResponseCodec.decode(W3CHttpResponseCodec.java:49)
	at org.openqa.selenium.remote.HttpCommandExecutor.execute(HttpCommandExecutor.java:158)
	at org.openqa.selenium.remote.service.DriverCommandExecutor.execute(DriverCommandExecutor.java:83)
	at org.openqa.selenium.remote.RemoteWebDriver.execute(RemoteWebDriver.java:552)
	at org.openqa.selenium.remote.RemoteWebElement.execute(RemoteWebElement.java:285)
	at org.openqa.selenium.remote.RemoteWebElement.clear(RemoteWebElement.java:124)
	at org.openqa.selenium.support.pagefactory.internal.LocatingElementHandler.invoke(LocatingElementHandler.java:51)
	at com.sun.proxy.$Proxy14.clear(Unknown Source)
	at com.gsicommerce.romui.selenium.utilities.Action.enter(Action.java:782)
	at com.gsicommerce.romui.selenium.pages.ordermanagement.OrdersPage.searchOrderforReturn(OrdersPage.java:722)
	at com.gsicommerce.romui.selenium.pages.ordermanagement.OrdersPage.createReturnOrder(OrdersPage.java:732)
	at com.gsicommerce.romui.selenium.tests.OrdersTests.testCreateReturnOrder(OrdersTests.java:230)
	at java.base/java.util.ArrayList.forEach(ArrayList.java:1540)
... Removed 36 stack frames
</div> <!-- stack-trace -->
                  <em>
(To Verify Create Return order)                  </em>
                </div> <!-- method-content -->
              </div> <!-- method -->
              <div class="method">
                <div class="method-content">
                  <a name="testEditSearch">
                  </a> <!-- testEditSearch -->
                  <span class="method-name">testEditSearch</span>
                  <div class="stack-trace">org.openqa.selenium.ElementNotInteractableException: element not interactable
  (Session info: chrome=83.0.4103.116)
Build info: version: &apos;3.141.59&apos;, revision: &apos;e82be7d358&apos;, time: &apos;2018-11-14T08:17:03&apos;
System info: host: &apos;KOP-BM5TNF2&apos;, ip: &apos;10.140.133.80&apos;, os.name: &apos;Windows 10&apos;, os.arch: &apos;amd64&apos;, os.version: &apos;10.0&apos;, java.version: &apos;12.0.2&apos;
Driver info: org.openqa.selenium.chrome.ChromeDriver
Capabilities {acceptInsecureCerts: false, browserName: chrome, browserVersion: 83.0.4103.116, chrome: {chromedriverVersion: 83.0.4103.39 (ccbf011cb2d2b..., userDataDir: C:\Users\shedubey\AppData\L...}, goog:chromeOptions: {debuggerAddress: localhost:59721}, javascriptEnabled: true, networkConnectionEnabled: false, pageLoadStrategy: normal, platform: WINDOWS, platformName: WINDOWS, proxy: Proxy(), setWindowRect: true, strictFileInteractability: false, timeouts: {implicit: 0, pageLoad: 300000, script: 30000}, unhandledPromptBehavior: dismiss and notify, webauthn:virtualAuthenticators: true}
Session ID: d1a2db80df3b46a56e054283b91137dd
	at org.openqa.selenium.remote.http.W3CHttpResponseCodec.createException(W3CHttpResponseCodec.java:187)
	at org.openqa.selenium.remote.http.W3CHttpResponseCodec.decode(W3CHttpResponseCodec.java:122)
	at org.openqa.selenium.remote.http.W3CHttpResponseCodec.decode(W3CHttpResponseCodec.java:49)
	at org.openqa.selenium.remote.HttpCommandExecutor.execute(HttpCommandExecutor.java:158)
	at org.openqa.selenium.remote.service.DriverCommandExecutor.execute(DriverCommandExecutor.java:83)
	at org.openqa.selenium.remote.RemoteWebDriver.execute(RemoteWebDriver.java:552)
	at org.openqa.selenium.remote.RemoteWebElement.execute(RemoteWebElement.java:285)
	at org.openqa.selenium.remote.RemoteWebElement.clear(RemoteWebElement.java:124)
	at org.openqa.selenium.support.pagefactory.internal.LocatingElementHandler.invoke(LocatingElementHandler.java:51)
	at com.sun.proxy.$Proxy14.clear(Unknown Source)
	at com.gsicommerce.romui.selenium.utilities.Action.enter(Action.java:782)
	at com.gsicommerce.romui.selenium.pages.ordermanagement.OrdersPage.searchOrderBy(OrdersPage.java:294)
	at com.gsicommerce.romui.selenium.pages.ordermanagement.OrdersPage.clickEditSearch(OrdersPage.java:433)
	at com.gsicommerce.romui.selenium.tests.OrdersTests.testEditSearch(OrdersTests.java:100)
	at java.base/java.util.ArrayList.forEach(ArrayList.java:1540)
... Removed 36 stack frames
</div> <!-- stack-trace -->
                  <em>
(to Verify edit search order )                  </em>
                </div> <!-- method-content -->
              </div> <!-- method -->
              <div class="method">
                <div class="method-content">
                  <a name="testOrderAuditsByCustomerName">
                  </a> <!-- testOrderAuditsByCustomerName -->
                  <span class="method-name">testOrderAuditsByCustomerName</span>
                  <div class="stack-trace">org.openqa.selenium.ElementNotInteractableException: element not interactable: Element is not currently visible and may not be manipulated
  (Session info: chrome=83.0.4103.116)
Build info: version: &apos;3.141.59&apos;, revision: &apos;e82be7d358&apos;, time: &apos;2018-11-14T08:17:03&apos;
System info: host: &apos;KOP-BM5TNF2&apos;, ip: &apos;10.140.133.80&apos;, os.name: &apos;Windows 10&apos;, os.arch: &apos;amd64&apos;, os.version: &apos;10.0&apos;, java.version: &apos;12.0.2&apos;
Driver info: org.openqa.selenium.chrome.ChromeDriver
Capabilities {acceptInsecureCerts: false, browserName: chrome, browserVersion: 83.0.4103.116, chrome: {chromedriverVersion: 83.0.4103.39 (ccbf011cb2d2b..., userDataDir: C:\Users\shedubey\AppData\L...}, goog:chromeOptions: {debuggerAddress: localhost:60839}, javascriptEnabled: true, networkConnectionEnabled: false, pageLoadStrategy: normal, platform: WINDOWS, platformName: WINDOWS, proxy: Proxy(), setWindowRect: true, strictFileInteractability: false, timeouts: {implicit: 0, pageLoad: 300000, script: 30000}, unhandledPromptBehavior: dismiss and notify, webauthn:virtualAuthenticators: true}
Session ID: 78d3129f6840e2e34c6fe728d8defaff
	at org.openqa.selenium.remote.http.W3CHttpResponseCodec.createException(W3CHttpResponseCodec.java:187)
	at org.openqa.selenium.remote.http.W3CHttpResponseCodec.decode(W3CHttpResponseCodec.java:122)
	at org.openqa.selenium.remote.http.W3CHttpResponseCodec.decode(W3CHttpResponseCodec.java:49)
	at org.openqa.selenium.remote.HttpCommandExecutor.execute(HttpCommandExecutor.java:158)
	at org.openqa.selenium.remote.service.DriverCommandExecutor.execute(DriverCommandExecutor.java:83)
	at org.openqa.selenium.remote.RemoteWebDriver.execute(RemoteWebDriver.java:552)
	at org.openqa.selenium.remote.RemoteWebElement.execute(RemoteWebElement.java:285)
	at org.openqa.selenium.remote.RemoteWebElement.click(RemoteWebElement.java:84)
	at org.openqa.selenium.support.ui.Select.setSelected(Select.java:311)
	at org.openqa.selenium.support.ui.Select.selectByVisibleText(Select.java:116)
	at com.gsicommerce.romui.selenium.utilities.Action.selectByVisibleText(Action.java:750)
	at com.gsicommerce.romui.selenium.pages.ordermanagement.OrdersPage.searchOrderBy(OrdersPage.java:290)
	at com.gsicommerce.romui.selenium.pages.ordermanagement.OrdersPage.verifyOrderAudits(OrdersPage.java:831)
	at com.gsicommerce.romui.selenium.tests.OrdersTests.testOrderAuditsByCustomerName(OrdersTests.java:280)
	at java.base/java.util.ArrayList.forEach(ArrayList.java:1540)
... Removed 32 stack frames
</div> <!-- stack-trace -->
                  <em>
(To Verify Order Audits by Customer Name search)                  </em>
                </div> <!-- method-content -->
              </div> <!-- method -->
              <div class="method">
                <div class="method-content">
                  <a name="testOrderAuditsByOrderStatus">
                  </a> <!-- testOrderAuditsByOrderStatus -->
                  <span class="method-name">testOrderAuditsByOrderStatus</span>
                  <div class="stack-trace">org.openqa.selenium.ElementNotInteractableException: element not interactable: Element is not currently visible and may not be manipulated
  (Session info: chrome=83.0.4103.116)
Build info: version: &apos;3.141.59&apos;, revision: &apos;e82be7d358&apos;, time: &apos;2018-11-14T08:17:03&apos;
System info: host: &apos;KOP-BM5TNF2&apos;, ip: &apos;10.140.133.80&apos;, os.name: &apos;Windows 10&apos;, os.arch: &apos;amd64&apos;, os.version: &apos;10.0&apos;, java.version: &apos;12.0.2&apos;
Driver info: org.openqa.selenium.chrome.ChromeDriver
Capabilities {acceptInsecureCerts: false, browserName: chrome, browserVersion: 83.0.4103.116, chrome: {chromedriverVersion: 83.0.4103.39 (ccbf011cb2d2b..., userDataDir: C:\Users\shedubey\AppData\L...}, goog:chromeOptions: {debuggerAddress: localhost:61033}, javascriptEnabled: true, networkConnectionEnabled: false, pageLoadStrategy: normal, platform: WINDOWS, platformName: WINDOWS, proxy: Proxy(), setWindowRect: true, strictFileInteractability: false, timeouts: {implicit: 0, pageLoad: 300000, script: 30000}, unhandledPromptBehavior: dismiss and notify, webauthn:virtualAuthenticators: true}
Session ID: 86f9b0f0ed7607d7ceccf8ad68dd3d91
	at org.openqa.selenium.remote.http.W3CHttpResponseCodec.createException(W3CHttpResponseCodec.java:187)
	at org.openqa.selenium.remote.http.W3CHttpResponseCodec.decode(W3CHttpResponseCodec.java:122)
	at org.openqa.selenium.remote.http.W3CHttpResponseCodec.decode(W3CHttpResponseCodec.java:49)
	at org.openqa.selenium.remote.HttpCommandExecutor.execute(HttpCommandExecutor.java:158)
	at org.openqa.selenium.remote.service.DriverCommandExecutor.execute(DriverCommandExecutor.java:83)
	at org.openqa.selenium.remote.RemoteWebDriver.execute(RemoteWebDriver.java:552)
	at org.openqa.selenium.remote.RemoteWebElement.execute(RemoteWebElement.java:285)
	at org.openqa.selenium.remote.RemoteWebElement.click(RemoteWebElement.java:84)
	at org.openqa.selenium.support.ui.Select.setSelected(Select.java:311)
	at org.openqa.selenium.support.ui.Select.selectByVisibleText(Select.java:116)
	at com.gsicommerce.romui.selenium.utilities.Action.selectByVisibleText(Action.java:750)
	at com.gsicommerce.romui.selenium.pages.ordermanagement.OrdersPage.searchOrderBy(OrdersPage.java:290)
	at com.gsicommerce.romui.selenium.pages.ordermanagement.OrdersPage.verifyOrderAudits(OrdersPage.java:879)
	at com.gsicommerce.romui.selenium.tests.OrdersTests.testOrderAuditsByOrderStatus(OrdersTests.java:311)
	at java.base/java.util.ArrayList.forEach(ArrayList.java:1540)
... Removed 32 stack frames
</div> <!-- stack-trace -->
                  <em>
(To Verify Order Audits by Order Status search)                  </em>
                </div> <!-- method-content -->
              </div> <!-- method -->
              <div class="method">
                <div class="method-content">
                  <a name="testSearchOrderByCustomerName">
                  </a> <!-- testSearchOrderByCustomerName -->
                  <span class="method-name">testSearchOrderByCustomerName</span>
                  <div class="stack-trace">org.openqa.selenium.ElementNotInteractableException: element not interactable: Element is not currently visible and may not be manipulated
  (Session info: chrome=83.0.4103.116)
Build info: version: &apos;3.141.59&apos;, revision: &apos;e82be7d358&apos;, time: &apos;2018-11-14T08:17:03&apos;
System info: host: &apos;KOP-BM5TNF2&apos;, ip: &apos;10.140.133.80&apos;, os.name: &apos;Windows 10&apos;, os.arch: &apos;amd64&apos;, os.version: &apos;10.0&apos;, java.version: &apos;12.0.2&apos;
Driver info: org.openqa.selenium.chrome.ChromeDriver
Capabilities {acceptInsecureCerts: false, browserName: chrome, browserVersion: 83.0.4103.116, chrome: {chromedriverVersion: 83.0.4103.39 (ccbf011cb2d2b..., userDataDir: C:\Users\shedubey\AppData\L...}, goog:chromeOptions: {debuggerAddress: localhost:59456}, javascriptEnabled: true, networkConnectionEnabled: false, pageLoadStrategy: normal, platform: WINDOWS, platformName: WINDOWS, proxy: Proxy(), setWindowRect: true, strictFileInteractability: false, timeouts: {implicit: 0, pageLoad: 300000, script: 30000}, unhandledPromptBehavior: dismiss and notify, webauthn:virtualAuthenticators: true}
Session ID: feae2828fbf6638993005267b5380c90
	at org.openqa.selenium.remote.http.W3CHttpResponseCodec.createException(W3CHttpResponseCodec.java:187)
	at org.openqa.selenium.remote.http.W3CHttpResponseCodec.decode(W3CHttpResponseCodec.java:122)
	at org.openqa.selenium.remote.http.W3CHttpResponseCodec.decode(W3CHttpResponseCodec.java:49)
	at org.openqa.selenium.remote.HttpCommandExecutor.execute(HttpCommandExecutor.java:158)
	at org.openqa.selenium.remote.service.DriverCommandExecutor.execute(DriverCommandExecutor.java:83)
	at org.openqa.selenium.remote.RemoteWebDriver.execute(RemoteWebDriver.java:552)
	at org.openqa.selenium.remote.RemoteWebElement.execute(RemoteWebElement.java:285)
	at org.openqa.selenium.remote.RemoteWebElement.click(RemoteWebElement.java:84)
	at org.openqa.selenium.support.ui.Select.setSelected(Select.java:311)
	at org.openqa.selenium.support.ui.Select.selectByVisibleText(Select.java:116)
	at com.gsicommerce.romui.selenium.utilities.Action.selectByVisibleText(Action.java:750)
	at com.gsicommerce.romui.selenium.pages.ordermanagement.OrdersPage.searchOrderBy(OrdersPage.java:290)
	at com.gsicommerce.romui.selenium.tests.OrdersTests.testSearchOrderByCustomerName(OrdersTests.java:57)
	at java.base/java.util.ArrayList.forEach(ArrayList.java:1540)
... Removed 32 stack frames
</div> <!-- stack-trace -->
                  <em>
(to Verify search order by Customer Name)                  </em>
                </div> <!-- method-content -->
              </div> <!-- method -->
              <div class="method">
                <div class="method-content">
                  <a name="testSearchOrderByEmail">
                  </a> <!-- testSearchOrderByEmail -->
                  <span class="method-name">testSearchOrderByEmail</span>
                  <div class="stack-trace">org.openqa.selenium.ElementNotInteractableException: element not interactable: Element is not currently visible and may not be manipulated
  (Session info: chrome=83.0.4103.116)
Build info: version: &apos;3.141.59&apos;, revision: &apos;e82be7d358&apos;, time: &apos;2018-11-14T08:17:03&apos;
System info: host: &apos;KOP-BM5TNF2&apos;, ip: &apos;10.140.133.80&apos;, os.name: &apos;Windows 10&apos;, os.arch: &apos;amd64&apos;, os.version: &apos;10.0&apos;, java.version: &apos;12.0.2&apos;
Driver info: org.openqa.selenium.chrome.ChromeDriver
Capabilities {acceptInsecureCerts: false, browserName: chrome, browserVersion: 83.0.4103.116, chrome: {chromedriverVersion: 83.0.4103.39 (ccbf011cb2d2b..., userDataDir: C:\Users\shedubey\AppData\L...}, goog:chromeOptions: {debuggerAddress: localhost:59540}, javascriptEnabled: true, networkConnectionEnabled: false, pageLoadStrategy: normal, platform: WINDOWS, platformName: WINDOWS, proxy: Proxy(), setWindowRect: true, strictFileInteractability: false, timeouts: {implicit: 0, pageLoad: 300000, script: 30000}, unhandledPromptBehavior: dismiss and notify, webauthn:virtualAuthenticators: true}
Session ID: eb2208f21ea308cad5477c61536efead
	at org.openqa.selenium.remote.http.W3CHttpResponseCodec.createException(W3CHttpResponseCodec.java:187)
	at org.openqa.selenium.remote.http.W3CHttpResponseCodec.decode(W3CHttpResponseCodec.java:122)
	at org.openqa.selenium.remote.http.W3CHttpResponseCodec.decode(W3CHttpResponseCodec.java:49)
	at org.openqa.selenium.remote.HttpCommandExecutor.execute(HttpCommandExecutor.java:158)
	at org.openqa.selenium.remote.service.DriverCommandExecutor.execute(DriverCommandExecutor.java:83)
	at org.openqa.selenium.remote.RemoteWebDriver.execute(RemoteWebDriver.java:552)
	at org.openqa.selenium.remote.RemoteWebElement.execute(RemoteWebElement.java:285)
	at org.openqa.selenium.remote.RemoteWebElement.click(RemoteWebElement.java:84)
	at org.openqa.selenium.support.ui.Select.setSelected(Select.java:311)
	at org.openqa.selenium.support.ui.Select.selectByVisibleText(Select.java:116)
	at com.gsicommerce.romui.selenium.utilities.Action.selectByVisibleText(Action.java:750)
	at com.gsicommerce.romui.selenium.pages.ordermanagement.OrdersPage.searchOrderBy(OrdersPage.java:290)
	at com.gsicommerce.romui.selenium.tests.OrdersTests.testSearchOrderByEmail(OrdersTests.java:72)
	at java.base/java.util.ArrayList.forEach(ArrayList.java:1540)
... Removed 32 stack frames
</div> <!-- stack-trace -->
                  <em>
(to Verify search order by Email id)                  </em>
                </div> <!-- method-content -->
              </div> <!-- method -->
              <div class="method">
                <div class="method-content">
                  <a name="testSearchOrderByFullfillmentNumber">
                  </a> <!-- testSearchOrderByFullfillmentNumber -->
                  <span class="method-name">testSearchOrderByFullfillmentNumber</span>
                  <div class="stack-trace">org.openqa.selenium.ElementNotInteractableException: element not interactable: Element is not currently visible and may not be manipulated
  (Session info: chrome=83.0.4103.116)
Build info: version: &apos;3.141.59&apos;, revision: &apos;e82be7d358&apos;, time: &apos;2018-11-14T08:17:03&apos;
System info: host: &apos;KOP-BM5TNF2&apos;, ip: &apos;10.140.133.80&apos;, os.name: &apos;Windows 10&apos;, os.arch: &apos;amd64&apos;, os.version: &apos;10.0&apos;, java.version: &apos;12.0.2&apos;
Driver info: org.openqa.selenium.chrome.ChromeDriver
Capabilities {acceptInsecureCerts: false, browserName: chrome, browserVersion: 83.0.4103.116, chrome: {chromedriverVersion: 83.0.4103.39 (ccbf011cb2d2b..., userDataDir: C:\Users\shedubey\AppData\L...}, goog:chromeOptions: {debuggerAddress: localhost:59362}, javascriptEnabled: true, networkConnectionEnabled: false, pageLoadStrategy: normal, platform: WINDOWS, platformName: WINDOWS, proxy: Proxy(), setWindowRect: true, strictFileInteractability: false, timeouts: {implicit: 0, pageLoad: 300000, script: 30000}, unhandledPromptBehavior: dismiss and notify, webauthn:virtualAuthenticators: true}
Session ID: 46c6812bf8d97cc0dca046f06419f749
	at org.openqa.selenium.remote.http.W3CHttpResponseCodec.createException(W3CHttpResponseCodec.java:187)
	at org.openqa.selenium.remote.http.W3CHttpResponseCodec.decode(W3CHttpResponseCodec.java:122)
	at org.openqa.selenium.remote.http.W3CHttpResponseCodec.decode(W3CHttpResponseCodec.java:49)
	at org.openqa.selenium.remote.HttpCommandExecutor.execute(HttpCommandExecutor.java:158)
	at org.openqa.selenium.remote.service.DriverCommandExecutor.execute(DriverCommandExecutor.java:83)
	at org.openqa.selenium.remote.RemoteWebDriver.execute(RemoteWebDriver.java:552)
	at org.openqa.selenium.remote.RemoteWebElement.execute(RemoteWebElement.java:285)
	at org.openqa.selenium.remote.RemoteWebElement.click(RemoteWebElement.java:84)
	at org.openqa.selenium.support.ui.Select.setSelected(Select.java:311)
	at org.openqa.selenium.support.ui.Select.selectByVisibleText(Select.java:116)
	at com.gsicommerce.romui.selenium.utilities.Action.selectByVisibleText(Action.java:750)
	at com.gsicommerce.romui.selenium.pages.ordermanagement.OrdersPage.searchOrderBy(OrdersPage.java:290)
	at com.gsicommerce.romui.selenium.tests.OrdersTests.testSearchOrderByFullfillmentNumber(OrdersTests.java:41)
	at java.base/java.util.ArrayList.forEach(ArrayList.java:1540)
... Removed 32 stack frames
</div> <!-- stack-trace -->
                  <em>
(to Verify search order by Fullfillment number)                  </em>
                </div> <!-- method-content -->
              </div> <!-- method -->
              <div class="method">
                <div class="method-content">
                  <a name="testSearchOrderByOrderStatus">
                  </a> <!-- testSearchOrderByOrderStatus -->
                  <span class="method-name">testSearchOrderByOrderStatus</span>
                  <div class="stack-trace">org.openqa.selenium.ElementNotInteractableException: element not interactable: Element is not currently visible and may not be manipulated
  (Session info: chrome=83.0.4103.116)
Build info: version: &apos;3.141.59&apos;, revision: &apos;e82be7d358&apos;, time: &apos;2018-11-14T08:17:03&apos;
System info: host: &apos;KOP-BM5TNF2&apos;, ip: &apos;10.140.133.80&apos;, os.name: &apos;Windows 10&apos;, os.arch: &apos;amd64&apos;, os.version: &apos;10.0&apos;, java.version: &apos;12.0.2&apos;
Driver info: org.openqa.selenium.chrome.ChromeDriver
Capabilities {acceptInsecureCerts: false, browserName: chrome, browserVersion: 83.0.4103.116, chrome: {chromedriverVersion: 83.0.4103.39 (ccbf011cb2d2b..., userDataDir: C:\Users\shedubey\AppData\L...}, goog:chromeOptions: {debuggerAddress: localhost:59628}, javascriptEnabled: true, networkConnectionEnabled: false, pageLoadStrategy: normal, platform: WINDOWS, platformName: WINDOWS, proxy: Proxy(), setWindowRect: true, strictFileInteractability: false, timeouts: {implicit: 0, pageLoad: 300000, script: 30000}, unhandledPromptBehavior: dismiss and notify, webauthn:virtualAuthenticators: true}
Session ID: 20961d823ea0e841604dd2610738df28
	at org.openqa.selenium.remote.http.W3CHttpResponseCodec.createException(W3CHttpResponseCodec.java:187)
	at org.openqa.selenium.remote.http.W3CHttpResponseCodec.decode(W3CHttpResponseCodec.java:122)
	at org.openqa.selenium.remote.http.W3CHttpResponseCodec.decode(W3CHttpResponseCodec.java:49)
	at org.openqa.selenium.remote.HttpCommandExecutor.execute(HttpCommandExecutor.java:158)
	at org.openqa.selenium.remote.service.DriverCommandExecutor.execute(DriverCommandExecutor.java:83)
	at org.openqa.selenium.remote.RemoteWebDriver.execute(RemoteWebDriver.java:552)
	at org.openqa.selenium.remote.RemoteWebElement.execute(RemoteWebElement.java:285)
	at org.openqa.selenium.remote.RemoteWebElement.click(RemoteWebElement.java:84)
	at org.openqa.selenium.support.ui.Select.setSelected(Select.java:311)
	at org.openqa.selenium.support.ui.Select.selectByVisibleText(Select.java:116)
	at com.gsicommerce.romui.selenium.utilities.Action.selectByVisibleText(Action.java:750)
	at com.gsicommerce.romui.selenium.pages.ordermanagement.OrdersPage.searchOrderBy(OrdersPage.java:290)
	at com.gsicommerce.romui.selenium.tests.OrdersTests.testSearchOrderByOrderStatus(OrdersTests.java:87)
	at java.base/java.util.ArrayList.forEach(ArrayList.java:1540)
... Removed 32 stack frames
</div> <!-- stack-trace -->
                  <em>
(to Verify search order by Order Status)                  </em>
                </div> <!-- method-content -->
              </div> <!-- method -->
              <div class="method">
                <div class="method-content">
                  <a name="testViewOrder">
                  </a> <!-- testViewOrder -->
                  <span class="method-name">testViewOrder</span>
                  <div class="stack-trace">org.openqa.selenium.ElementNotInteractableException: element not interactable
  (Session info: chrome=83.0.4103.116)
Build info: version: &apos;3.141.59&apos;, revision: &apos;e82be7d358&apos;, time: &apos;2018-11-14T08:17:03&apos;
System info: host: &apos;KOP-BM5TNF2&apos;, ip: &apos;10.140.133.80&apos;, os.name: &apos;Windows 10&apos;, os.arch: &apos;amd64&apos;, os.version: &apos;10.0&apos;, java.version: &apos;12.0.2&apos;
Driver info: org.openqa.selenium.chrome.ChromeDriver
Capabilities {acceptInsecureCerts: false, browserName: chrome, browserVersion: 83.0.4103.116, chrome: {chromedriverVersion: 83.0.4103.39 (ccbf011cb2d2b..., userDataDir: C:\Users\shedubey\AppData\L...}, goog:chromeOptions: {debuggerAddress: localhost:59817}, javascriptEnabled: true, networkConnectionEnabled: false, pageLoadStrategy: normal, platform: WINDOWS, platformName: WINDOWS, proxy: Proxy(), setWindowRect: true, strictFileInteractability: false, timeouts: {implicit: 0, pageLoad: 300000, script: 30000}, unhandledPromptBehavior: dismiss and notify, webauthn:virtualAuthenticators: true}
Session ID: 0c058fa70d68d59ca1bcb1ed67ad44ef
	at org.openqa.selenium.remote.http.W3CHttpResponseCodec.createException(W3CHttpResponseCodec.java:187)
	at org.openqa.selenium.remote.http.W3CHttpResponseCodec.decode(W3CHttpResponseCodec.java:122)
	at org.openqa.selenium.remote.http.W3CHttpResponseCodec.decode(W3CHttpResponseCodec.java:49)
	at org.openqa.selenium.remote.HttpCommandExecutor.execute(HttpCommandExecutor.java:158)
	at org.openqa.selenium.remote.service.DriverCommandExecutor.execute(DriverCommandExecutor.java:83)
	at org.openqa.selenium.remote.RemoteWebDriver.execute(RemoteWebDriver.java:552)
	at org.openqa.selenium.remote.RemoteWebElement.execute(RemoteWebElement.java:285)
	at org.openqa.selenium.remote.RemoteWebElement.clear(RemoteWebElement.java:124)
	at org.openqa.selenium.support.pagefactory.internal.LocatingElementHandler.invoke(LocatingElementHandler.java:51)
	at com.sun.proxy.$Proxy14.clear(Unknown Source)
	at com.gsicommerce.romui.selenium.utilities.Action.enter(Action.java:782)
	at com.gsicommerce.romui.selenium.pages.ordermanagement.OrdersPage.searchOrderBy(OrdersPage.java:294)
	at com.gsicommerce.romui.selenium.pages.ordermanagement.OrdersPage.viewOrders(OrdersPage.java:466)
	at com.gsicommerce.romui.selenium.tests.OrdersTests.testViewOrder(OrdersTests.java:123)
	at java.base/java.util.ArrayList.forEach(ArrayList.java:1540)
... Removed 36 stack frames
</div> <!-- stack-trace -->
                  <em>
(View Order Detail page by order number search)                  </em>
                </div> <!-- method-content -->
              </div> <!-- method -->
              <div class="method">
                <div class="method-content">
                  <a name="testViewOrderByCustomername">
                  </a> <!-- testViewOrderByCustomername -->
                  <span class="method-name">testViewOrderByCustomername</span>
                  <div class="stack-trace">org.openqa.selenium.ElementNotInteractableException: element not interactable: Element is not currently visible and may not be manipulated
  (Session info: chrome=83.0.4103.116)
Build info: version: &apos;3.141.59&apos;, revision: &apos;e82be7d358&apos;, time: &apos;2018-11-14T08:17:03&apos;
System info: host: &apos;KOP-BM5TNF2&apos;, ip: &apos;10.140.133.80&apos;, os.name: &apos;Windows 10&apos;, os.arch: &apos;amd64&apos;, os.version: &apos;10.0&apos;, java.version: &apos;12.0.2&apos;
Driver info: org.openqa.selenium.chrome.ChromeDriver
Capabilities {acceptInsecureCerts: false, browserName: chrome, browserVersion: 83.0.4103.116, chrome: {chromedriverVersion: 83.0.4103.39 (ccbf011cb2d2b..., userDataDir: C:\Users\shedubey\AppData\L...}, goog:chromeOptions: {debuggerAddress: localhost:60078}, javascriptEnabled: true, networkConnectionEnabled: false, pageLoadStrategy: normal, platform: WINDOWS, platformName: WINDOWS, proxy: Proxy(), setWindowRect: true, strictFileInteractability: false, timeouts: {implicit: 0, pageLoad: 300000, script: 30000}, unhandledPromptBehavior: dismiss and notify, webauthn:virtualAuthenticators: true}
Session ID: f94557f8d44e88ccfaf7304f0b9cc754
	at org.openqa.selenium.remote.http.W3CHttpResponseCodec.createException(W3CHttpResponseCodec.java:187)
	at org.openqa.selenium.remote.http.W3CHttpResponseCodec.decode(W3CHttpResponseCodec.java:122)
	at org.openqa.selenium.remote.http.W3CHttpResponseCodec.decode(W3CHttpResponseCodec.java:49)
	at org.openqa.selenium.remote.HttpCommandExecutor.execute(HttpCommandExecutor.java:158)
	at org.openqa.selenium.remote.service.DriverCommandExecutor.execute(DriverCommandExecutor.java:83)
	at org.openqa.selenium.remote.RemoteWebDriver.execute(RemoteWebDriver.java:552)
	at org.openqa.selenium.remote.RemoteWebElement.execute(RemoteWebElement.java:285)
	at org.openqa.selenium.remote.RemoteWebElement.click(RemoteWebElement.java:84)
	at org.openqa.selenium.support.ui.Select.setSelected(Select.java:311)
	at org.openqa.selenium.support.ui.Select.selectByVisibleText(Select.java:116)
	at com.gsicommerce.romui.selenium.utilities.Action.selectByVisibleText(Action.java:750)
	at com.gsicommerce.romui.selenium.pages.ordermanagement.OrdersPage.searchOrderBy(OrdersPage.java:290)
	at com.gsicommerce.romui.selenium.pages.ordermanagement.OrdersPage.viewOrders(OrdersPage.java:534)
	at com.gsicommerce.romui.selenium.tests.OrdersTests.testViewOrderByCustomername(OrdersTests.java:160)
	at java.base/java.util.ArrayList.forEach(ArrayList.java:1540)
... Removed 32 stack frames
</div> <!-- stack-trace -->
                  <em>
(View Order Detail page by Customer name search)                  </em>
                </div> <!-- method-content -->
              </div> <!-- method -->
            </div> <!-- main-panel-content rounded-window-bottom -->
          </div> <!-- suite-Suite-class-failed -->
          <div class="suite-Suite-class-passed">
            <div class="main-panel-header rounded-window-top">
              <img src="passed.png"/>
              <span class="class-name">com.gsicommerce.romui.selenium.tests.OrdersTests</span>
            </div> <!-- main-panel-header rounded-window-top -->
            <div class="main-panel-content rounded-window-bottom">
              <div class="method">
                <div class="method-content">
                  <a name="testOrderAuditsByEmail">
                  </a> <!-- testOrderAuditsByEmail -->
                  <span class="method-name">testOrderAuditsByEmail</span>
                  <em>
(To Verify Order Audits by Email search)                  </em>
                </div> <!-- method-content -->
              </div> <!-- method -->
              <div class="method">
                <div class="method-content">
                  <a name="testOrderAuditsByFulfillmentOrder">
                  </a> <!-- testOrderAuditsByFulfillmentOrder -->
                  <span class="method-name">testOrderAuditsByFulfillmentOrder</span>
                  <em>
(To Verify Order Audits by Fulfillment order number search)                  </em>
                </div> <!-- method-content -->
              </div> <!-- method -->
              <div class="method">
                <div class="method-content">
                  <a name="testOrderAuditsByOrderNumberSearch">
                  </a> <!-- testOrderAuditsByOrderNumberSearch -->
                  <span class="method-name">testOrderAuditsByOrderNumberSearch</span>
                  <em>
(To Verify Order Audits by order number search)                  </em>
                </div> <!-- method-content -->
              </div> <!-- method -->
              <div class="method">
                <div class="method-content">
                  <a name="testOrderSearchFormValidation">
                  </a> <!-- testOrderSearchFormValidation -->
                  <span class="method-name">testOrderSearchFormValidation</span>
                  <em>
(form validation)                  </em>
                </div> <!-- method-content -->
              </div> <!-- method -->
              <div class="method">
                <div class="method-content">
                  <a name="testSearchOrderbyNumber">
                  </a> <!-- testSearchOrderbyNumber -->
                  <span class="method-name">testSearchOrderbyNumber</span>
                  <em>
(to Verify search order by Order number)                  </em>
                </div> <!-- method-content -->
              </div> <!-- method -->
              <div class="method">
                <div class="method-content">
                  <a name="testViewOrderByEmail">
                  </a> <!-- testViewOrderByEmail -->
                  <span class="method-name">testViewOrderByEmail</span>
                  <em>
(View Order Detail page by Email search)                  </em>
                </div> <!-- method-content -->
              </div> <!-- method -->
              <div class="method">
                <div class="method-content">
                  <a name="testViewOrderByFulfillment">
                  </a> <!-- testViewOrderByFulfillment -->
                  <span class="method-name">testViewOrderByFulfillment</span>
                  <em>
(View Order Detail page by fulfillment order search)                  </em>
                </div> <!-- method-content -->
              </div> <!-- method -->
              <div class="method">
                <div class="method-content">
                  <a name="testViewOrderByStatus">
                  </a> <!-- testViewOrderByStatus -->
                  <span class="method-name">testViewOrderByStatus</span>
                  <em>
(View Order Detail page by order status search)                  </em>
                </div> <!-- method-content -->
              </div> <!-- method -->
            </div> <!-- main-panel-content rounded-window-bottom -->
          </div> <!-- suite-Suite-class-passed -->
        </div> <!-- panel Suite -->
        <div panel-name="test-xml-Suite" class="panel">
          <div class="main-panel-header rounded-window-top">
            <span class="header-content">C:\Users\shedubey\Desktop\ROM\ROMUI_Automation\ROMUI-sheela\src\test\resources\testsuites\TestSuite-OrdersTests.xml</span>
          </div> <!-- main-panel-header rounded-window-top -->
          <div class="main-panel-content rounded-window-bottom">
            <pre>
&lt;?xml version=&quot;1.0&quot; encoding=&quot;UTF-8&quot;?&gt;
&lt;!DOCTYPE suite SYSTEM &quot;https://testng.org/testng-1.0.dtd&quot;&gt;
&lt;suite name=&quot;Suite&quot; guice-stage=&quot;DEVELOPMENT&quot;&gt;
  &lt;parameter name=&quot;adminUserName&quot; value=&quot;admin@tmsna&quot;/&gt;
  &lt;parameter name=&quot;sellerID&quot; value=&quot;TMSEB2&quot;/&gt;
  &lt;parameter name=&quot;storeEnvironment&quot; value=&quot;lvststromuiapp04&quot;/&gt;
  &lt;parameter name=&quot;adminPasswd&quot; value=&quot;Password123@&quot;/&gt;
  &lt;parameter name=&quot;storeID&quot; value=&quot;TMS-NA-Store1&quot;/&gt;
  &lt;parameter name=&quot;waitPeriod&quot; value=&quot;5&quot;/&gt;
  &lt;parameter name=&quot;browserType&quot; value=&quot;chrome&quot;/&gt;
  &lt;listeners&gt;
    &lt;listener class-name=&quot;com.gsicommerce.romui.selenium.utilities.ExtentReporterListener&quot;/&gt;
  &lt;/listeners&gt;
  &lt;test thread-count=&quot;5&quot; name=&quot;OrdersTests&quot;&gt;
    &lt;parameter name=&quot;dataFile&quot; value=&quot;./src/test/resources/testdata/ordersData.json&quot;/&gt;
    &lt;classes&gt;
      &lt;class name=&quot;com.gsicommerce.romui.selenium.tests.OrdersTests&quot;/&gt;
    &lt;/classes&gt;
  &lt;/test&gt; &lt;!-- OrdersTests --&gt;
&lt;/suite&gt; &lt;!-- Suite --&gt;
            </pre>
          </div> <!-- main-panel-content rounded-window-bottom -->
        </div> <!-- panel -->
        <div panel-name="testlist-Suite" class="panel">
          <div class="main-panel-header rounded-window-top">
            <span class="header-content">Tests for Suite</span>
          </div> <!-- main-panel-header rounded-window-top -->
          <div class="main-panel-content rounded-window-bottom">
            <ul>
              <li>
                <span class="test-name">OrdersTests (1 class)</span>
              </li>
            </ul>
          </div> <!-- main-panel-content rounded-window-bottom -->
        </div> <!-- panel -->
        <div panel-name="group-Suite" class="panel">
          <div class="main-panel-header rounded-window-top">
            <span class="header-content">Groups for Suite</span>
          </div> <!-- main-panel-header rounded-window-top -->
          <div class="main-panel-content rounded-window-bottom">
          </div> <!-- main-panel-content rounded-window-bottom -->
        </div> <!-- panel -->
        <div panel-name="times-Suite" class="panel">
          <div class="main-panel-header rounded-window-top">
            <span class="header-content">Times for Suite</span>
          </div> <!-- main-panel-header rounded-window-top -->
          <div class="main-panel-content rounded-window-bottom">
            <div class="times-div">
              <script type="text/javascript">
suiteTableInitFunctions.push('tableData_Suite');
function tableData_Suite() {
var data = new google.visualization.DataTable();
data.addColumn('number', 'Number');
data.addColumn('string', 'Method');
data.addColumn('string', 'Class');
data.addColumn('number', 'Time (ms)');
data.addRows(19);
data.setCell(0, 0, 0)
data.setCell(0, 1, 'testViewOrderByFulfillment')
data.setCell(0, 2, 'com.gsicommerce.romui.selenium.tests.OrdersTests')
data.setCell(0, 3, 95610);
data.setCell(1, 0, 1)
data.setCell(1, 1, 'testOrderAuditsByFulfillmentOrder')
data.setCell(1, 2, 'com.gsicommerce.romui.selenium.tests.OrdersTests')
data.setCell(1, 3, 64914);
data.setCell(2, 0, 2)
data.setCell(2, 1, 'testViewOrder')
data.setCell(2, 2, 'com.gsicommerce.romui.selenium.tests.OrdersTests')
data.setCell(2, 3, 64333);
data.setCell(3, 0, 3)
data.setCell(3, 1, 'testOrderAuditsByOrderNumberSearch')
data.setCell(3, 2, 'com.gsicommerce.romui.selenium.tests.OrdersTests')
data.setCell(3, 3, 53916);
data.setCell(4, 0, 4)
data.setCell(4, 1, 'testViewOrderByEmail')
data.setCell(4, 2, 'com.gsicommerce.romui.selenium.tests.OrdersTests')
data.setCell(4, 3, 51657);
data.setCell(5, 0, 5)
data.setCell(5, 1, 'testViewOrderByStatus')
data.setCell(5, 2, 'com.gsicommerce.romui.selenium.tests.OrdersTests')
data.setCell(5, 3, 50878);
data.setCell(6, 0, 6)
data.setCell(6, 1, 'testCreateReturnOrder')
data.setCell(6, 2, 'com.gsicommerce.romui.selenium.tests.OrdersTests')
data.setCell(6, 3, 50756);
data.setCell(7, 0, 7)
data.setCell(7, 1, 'testEditSearch')
data.setCell(7, 2, 'com.gsicommerce.romui.selenium.tests.OrdersTests')
data.setCell(7, 3, 50528);
data.setCell(8, 0, 8)
data.setCell(8, 1, 'testOrderAuditsByEmail')
data.setCell(8, 2, 'com.gsicommerce.romui.selenium.tests.OrdersTests')
data.setCell(8, 3, 49664);
data.setCell(9, 0, 9)
data.setCell(9, 1, 'testSearchOrderbyNumber')
data.setCell(9, 2, 'com.gsicommerce.romui.selenium.tests.OrdersTests')
data.setCell(9, 3, 47373);
data.setCell(10, 0, 10)
data.setCell(10, 1, 'testSearchOrderByFullfillmentNumber')
data.setCell(10, 2, 'com.gsicommerce.romui.selenium.tests.OrdersTests')
data.setCell(10, 3, 44444);
data.setCell(11, 0, 11)
data.setCell(11, 1, 'testOrderAuditsByCustomerName')
data.setCell(11, 2, 'com.gsicommerce.romui.selenium.tests.OrdersTests')
data.setCell(11, 3, 43786);
data.setCell(12, 0, 12)
data.setCell(12, 1, 'testSearchOrderByOrderStatus')
data.setCell(12, 2, 'com.gsicommerce.romui.selenium.tests.OrdersTests')
data.setCell(12, 3, 43028);
data.setCell(13, 0, 13)
data.setCell(13, 1, 'testOrderAuditsByOrderStatus')
data.setCell(13, 2, 'com.gsicommerce.romui.selenium.tests.OrdersTests')
data.setCell(13, 3, 42926);
data.setCell(14, 0, 14)
data.setCell(14, 1, 'testSearchOrderByEmail')
data.setCell(14, 2, 'com.gsicommerce.romui.selenium.tests.OrdersTests')
data.setCell(14, 3, 41162);
data.setCell(15, 0, 15)
data.setCell(15, 1, 'testSearchOrderByCustomerName')
data.setCell(15, 2, 'com.gsicommerce.romui.selenium.tests.OrdersTests')
data.setCell(15, 3, 39562);
data.setCell(16, 0, 16)
data.setCell(16, 1, 'testAddZCOrder')
data.setCell(16, 2, 'com.gsicommerce.romui.selenium.tests.OrdersTests')
data.setCell(16, 3, 37997);
data.setCell(17, 0, 17)
data.setCell(17, 1, 'testViewOrderByCustomername')
data.setCell(17, 2, 'com.gsicommerce.romui.selenium.tests.OrdersTests')
data.setCell(17, 3, 28713);
data.setCell(18, 0, 18)
data.setCell(18, 1, 'testOrderSearchFormValidation')
data.setCell(18, 2, 'com.gsicommerce.romui.selenium.tests.OrdersTests')
data.setCell(18, 3, 11802);
window.suiteTableData['Suite']= { tableData: data, tableDiv: 'times-div-Suite'}
return data;
}
              </script>
              <span class="suite-total-time">Total running time: 15 minutes</span>
              <div id="times-div-Suite">
              </div> <!-- times-div-Suite -->
            </div> <!-- times-div -->
          </div> <!-- main-panel-content rounded-window-bottom -->
        </div> <!-- panel -->
        <div panel-name="reporter-Suite" class="panel">
          <div class="main-panel-header rounded-window-top">
            <span class="header-content">Reporter output for Suite</span>
          </div> <!-- main-panel-header rounded-window-top -->
          <div class="main-panel-content rounded-window-bottom">
            <div class="reporter-method-div">
              <span class="reporter-method-name">testSearchOrderbyNumber</span>
              <div class="reporter-method-output-div">
                <span class="reporter-method-output">There is no page limit option displayed</span>
                <span class="reporter-method-output">page limit drop down value is selected</span>
                <span class="reporter-method-output">Getting the column value of the first row</span>
                <span class="reporter-method-output">Getting the column value of the first row</span>
              </div> <!-- reporter-method-output-div -->
            </div> <!-- reporter-method-div -->
            <div class="reporter-method-div">
              <span class="reporter-method-name">testViewOrderByStatus</span>
              <div class="reporter-method-output-div">
                <span class="reporter-method-output">There is no page limit option displayed</span>
                <span class="reporter-method-output">page limit drop down value is selected</span>
                <span class="reporter-method-output">There is no page limit option displayed</span>
                <span class="reporter-method-output">page limit drop down value is selected</span>
                <span class="reporter-method-output">Getting the column value of the first row</span>
                <span class="reporter-method-output">Getting the column value of the first row</span>
                <span class="reporter-method-output">Getting the column value of the first row</span>
                <span class="reporter-method-output">Click View Order icon</span>
                <span class="reporter-method-output">View Order icon is clicked on</span>
              </div> <!-- reporter-method-output-div -->
            </div> <!-- reporter-method-div -->
            <div class="reporter-method-div">
              <span class="reporter-method-name">testViewOrderByFulfillment</span>
              <div class="reporter-method-output-div">
                <span class="reporter-method-output">There is no page limit option displayed</span>
                <span class="reporter-method-output">page limit drop down value is selected</span>
                <span class="reporter-method-output">There is no page limit option displayed</span>
                <span class="reporter-method-output">page limit drop down value is selected</span>
                <span class="reporter-method-output">Getting the column value of the first row</span>
                <span class="reporter-method-output">Getting the column value of the first row</span>
                <span class="reporter-method-output">Click View Order icon</span>
                <span class="reporter-method-output">View Order icon is clicked on</span>
              </div> <!-- reporter-method-output-div -->
            </div> <!-- reporter-method-div -->
            <div class="reporter-method-div">
              <span class="reporter-method-name">testOrderAuditsByOrderNumberSearch</span>
              <div class="reporter-method-output-div">
                <span class="reporter-method-output">There is no page limit option displayed</span>
                <span class="reporter-method-output">page limit drop down value is selected</span>
                <span class="reporter-method-output">Getting the column value of the first row</span>
                <span class="reporter-method-output">Getting the column value of the first row</span>
                <span class="reporter-method-output">Click Order Audits icon</span>
                <span class="reporter-method-output">View Order icon is clicked on</span>
              </div> <!-- reporter-method-output-div -->
            </div> <!-- reporter-method-div -->
            <div class="reporter-method-div">
              <span class="reporter-method-name">testOrderAuditsByFulfillmentOrder</span>
              <div class="reporter-method-output-div">
                <span class="reporter-method-output">There is no page limit option displayed</span>
                <span class="reporter-method-output">page limit drop down value is selected</span>
                <span class="reporter-method-output">There is no page limit option displayed</span>
                <span class="reporter-method-output">page limit drop down value is selected</span>
                <span class="reporter-method-output">Getting the column value of the first row</span>
                <span class="reporter-method-output">Getting the column value of the first row</span>
                <span class="reporter-method-output">Click Order Audits icon</span>
                <span class="reporter-method-output">View Order icon is clicked on</span>
              </div> <!-- reporter-method-output-div -->
            </div> <!-- reporter-method-div -->
            <div class="reporter-method-div">
              <span class="reporter-method-name">testViewOrderByEmail</span>
              <div class="reporter-method-output-div">
                <span class="reporter-method-output">page limit drop down value is selected</span>
                <span class="reporter-method-output">There is no page limit option displayed</span>
                <span class="reporter-method-output">page limit drop down value is selected</span>
                <span class="reporter-method-output">Getting the column value of the first row</span>
                <span class="reporter-method-output">Getting the column value of the first row</span>
                <span class="reporter-method-output">Click View Order icon</span>
                <span class="reporter-method-output">View Order icon is clicked on</span>
              </div> <!-- reporter-method-output-div -->
            </div> <!-- reporter-method-div -->
            <div class="reporter-method-div">
              <span class="reporter-method-name">testOrderAuditsByEmail</span>
              <div class="reporter-method-output-div">
                <span class="reporter-method-output">page limit drop down value is selected</span>
                <span class="reporter-method-output">There is no page limit option displayed</span>
                <span class="reporter-method-output">page limit drop down value is selected</span>
                <span class="reporter-method-output">Getting the column value of the first row</span>
                <span class="reporter-method-output">Getting the column value of the first row</span>
                <span class="reporter-method-output">Click Order Audits icon</span>
                <span class="reporter-method-output">View Order icon is clicked on</span>
              </div> <!-- reporter-method-output-div -->
            </div> <!-- reporter-method-div -->
            <div class="reporter-method-div">
              <span class="reporter-method-name">testViewOrder</span>
              <div class="reporter-method-output-div">
                <span class="reporter-method-output">Expected condition failed: waiting for element to be clickable: [[ChromeDriver: chrome on WINDOWS (0c058fa70d68d59ca1bcb1ed67ad44ef)] -> css selector: #order_search_form_search_type] (tried for 20 second(s) with 500 milliseconds interval)
Build info: version: '3.141.59', revision: 'e82be7d358', time: '2018-11-14T08:17:03'
System info: host: 'KOP-BM5TNF2', ip: '10.140.133.80', os.name: 'Windows 10', os.arch: 'amd64', os.version: '10.0', java.version: '12.0.2'
Driver info: org.openqa.selenium.chrome.ChromeDriver
Capabilities {acceptInsecureCerts: false, browserName: chrome, browserVersion: 83.0.4103.116, chrome: {chromedriverVersion: 83.0.4103.39 (ccbf011cb2d2b..., userDataDir: C:\Users\shedubey\AppData\L...}, goog:chromeOptions: {debuggerAddress: localhost:59817}, javascriptEnabled: true, networkConnectionEnabled: false, pageLoadStrategy: normal, platform: WINDOWS, platformName: WINDOWS, proxy: Proxy(), setWindowRect: true, strictFileInteractability: false, timeouts: {implicit: 0, pageLoad: 300000, script: 30000}, unhandledPromptBehavior: dismiss and notify, webauthn:virtualAuthenticators: true}
Session ID: 0c058fa70d68d59ca1bcb1ed67ad44ef</span>
                <span class="reporter-method-output">Expected condition failed: waiting for element to be clickable: [[ChromeDriver: chrome on WINDOWS (0c058fa70d68d59ca1bcb1ed67ad44ef)] -> css selector: #order_search_form_display_id] (tried for 10 second(s) with 500 milliseconds interval)
Build info: version: '3.141.59', revision: 'e82be7d358', time: '2018-11-14T08:17:03'
System info: host: 'KOP-BM5TNF2', ip: '10.140.133.80', os.name: 'Windows 10', os.arch: 'amd64', os.version: '10.0', java.version: '12.0.2'
Driver info: org.openqa.selenium.chrome.ChromeDriver
Capabilities {acceptInsecureCerts: false, browserName: chrome, browserVersion: 83.0.4103.116, chrome: {chromedriverVersion: 83.0.4103.39 (ccbf011cb2d2b..., userDataDir: C:\Users\shedubey\AppData\L...}, goog:chromeOptions: {debuggerAddress: localhost:59817}, javascriptEnabled: true, networkConnectionEnabled: false, pageLoadStrategy: normal, platform: WINDOWS, platformName: WINDOWS, proxy: Proxy(), setWindowRect: true, strictFileInteractability: false, timeouts: {implicit: 0, pageLoad: 300000, script: 30000}, unhandledPromptBehavior: dismiss and notify, webauthn:virtualAuthenticators: true}
Session ID: 0c058fa70d68d59ca1bcb1ed67ad44ef</span>
              </div> <!-- reporter-method-output-div -->
            </div> <!-- reporter-method-div -->
            <div class="reporter-method-div">
              <span class="reporter-method-name">testSearchOrderByEmail</span>
              <div class="reporter-method-output-div">
                <span class="reporter-method-output">Expected condition failed: waiting for element to be clickable: [[ChromeDriver: chrome on WINDOWS (eb2208f21ea308cad5477c61536efead)] -> css selector: #order_search_form_search_type] (tried for 20 second(s) with 500 milliseconds interval)
Build info: version: '3.141.59', revision: 'e82be7d358', time: '2018-11-14T08:17:03'
System info: host: 'KOP-BM5TNF2', ip: '10.140.133.80', os.name: 'Windows 10', os.arch: 'amd64', os.version: '10.0', java.version: '12.0.2'
Driver info: org.openqa.selenium.chrome.ChromeDriver
Capabilities {acceptInsecureCerts: false, browserName: chrome, browserVersion: 83.0.4103.116, chrome: {chromedriverVersion: 83.0.4103.39 (ccbf011cb2d2b..., userDataDir: C:\Users\shedubey\AppData\L...}, goog:chromeOptions: {debuggerAddress: localhost:59540}, javascriptEnabled: true, networkConnectionEnabled: false, pageLoadStrategy: normal, platform: WINDOWS, platformName: WINDOWS, proxy: Proxy(), setWindowRect: true, strictFileInteractability: false, timeouts: {implicit: 0, pageLoad: 300000, script: 30000}, unhandledPromptBehavior: dismiss and notify, webauthn:virtualAuthenticators: true}
Session ID: eb2208f21ea308cad5477c61536efead</span>
              </div> <!-- reporter-method-output-div -->
            </div> <!-- reporter-method-div -->
            <div class="reporter-method-div">
              <span class="reporter-method-name">testSearchOrderByOrderStatus</span>
              <div class="reporter-method-output-div">
                <span class="reporter-method-output">Expected condition failed: waiting for element to be clickable: [[ChromeDriver: chrome on WINDOWS (20961d823ea0e841604dd2610738df28)] -> css selector: #order_search_form_search_type] (tried for 20 second(s) with 500 milliseconds interval)
Build info: version: '3.141.59', revision: 'e82be7d358', time: '2018-11-14T08:17:03'
System info: host: 'KOP-BM5TNF2', ip: '10.140.133.80', os.name: 'Windows 10', os.arch: 'amd64', os.version: '10.0', java.version: '12.0.2'
Driver info: org.openqa.selenium.chrome.ChromeDriver
Capabilities {acceptInsecureCerts: false, browserName: chrome, browserVersion: 83.0.4103.116, chrome: {chromedriverVersion: 83.0.4103.39 (ccbf011cb2d2b..., userDataDir: C:\Users\shedubey\AppData\L...}, goog:chromeOptions: {debuggerAddress: localhost:59628}, javascriptEnabled: true, networkConnectionEnabled: false, pageLoadStrategy: normal, platform: WINDOWS, platformName: WINDOWS, proxy: Proxy(), setWindowRect: true, strictFileInteractability: false, timeouts: {implicit: 0, pageLoad: 300000, script: 30000}, unhandledPromptBehavior: dismiss and notify, webauthn:virtualAuthenticators: true}
Session ID: 20961d823ea0e841604dd2610738df28</span>
              </div> <!-- reporter-method-output-div -->
            </div> <!-- reporter-method-div -->
            <div class="reporter-method-div">
              <span class="reporter-method-name">testSearchOrderByCustomerName</span>
              <div class="reporter-method-output-div">
                <span class="reporter-method-output">Expected condition failed: waiting for element to be clickable: [[ChromeDriver: chrome on WINDOWS (feae2828fbf6638993005267b5380c90)] -> css selector: #order_search_form_search_type] (tried for 20 second(s) with 500 milliseconds interval)
Build info: version: '3.141.59', revision: 'e82be7d358', time: '2018-11-14T08:17:03'
System info: host: 'KOP-BM5TNF2', ip: '10.140.133.80', os.name: 'Windows 10', os.arch: 'amd64', os.version: '10.0', java.version: '12.0.2'
Driver info: org.openqa.selenium.chrome.ChromeDriver
Capabilities {acceptInsecureCerts: false, browserName: chrome, browserVersion: 83.0.4103.116, chrome: {chromedriverVersion: 83.0.4103.39 (ccbf011cb2d2b..., userDataDir: C:\Users\shedubey\AppData\L...}, goog:chromeOptions: {debuggerAddress: localhost:59456}, javascriptEnabled: true, networkConnectionEnabled: false, pageLoadStrategy: normal, platform: WINDOWS, platformName: WINDOWS, proxy: Proxy(), setWindowRect: true, strictFileInteractability: false, timeouts: {implicit: 0, pageLoad: 300000, script: 30000}, unhandledPromptBehavior: dismiss and notify, webauthn:virtualAuthenticators: true}
Session ID: feae2828fbf6638993005267b5380c90</span>
              </div> <!-- reporter-method-output-div -->
            </div> <!-- reporter-method-div -->
            <div class="reporter-method-div">
              <span class="reporter-method-name">testCreateReturnOrder</span>
              <div class="reporter-method-output-div">
                <span class="reporter-method-output">Expected condition failed: waiting for element to be clickable: [[ChromeDriver: chrome on WINDOWS (1c74dec7d17bd1669f8e3081ff37728d)] -> css selector: #order_search_form_search_type] (tried for 20 second(s) with 500 milliseconds interval)
Build info: version: '3.141.59', revision: 'e82be7d358', time: '2018-11-14T08:17:03'
System info: host: 'KOP-BM5TNF2', ip: '10.140.133.80', os.name: 'Windows 10', os.arch: 'amd64', os.version: '10.0', java.version: '12.0.2'
Driver info: org.openqa.selenium.chrome.ChromeDriver
Capabilities {acceptInsecureCerts: false, browserName: chrome, browserVersion: 83.0.4103.116, chrome: {chromedriverVersion: 83.0.4103.39 (ccbf011cb2d2b..., userDataDir: C:\Users\shedubey\AppData\L...}, goog:chromeOptions: {debuggerAddress: localhost:60513}, javascriptEnabled: true, networkConnectionEnabled: false, pageLoadStrategy: normal, platform: WINDOWS, platformName: WINDOWS, proxy: Proxy(), setWindowRect: true, strictFileInteractability: false, timeouts: {implicit: 0, pageLoad: 300000, script: 30000}, unhandledPromptBehavior: dismiss and notify, webauthn:virtualAuthenticators: true}
Session ID: 1c74dec7d17bd1669f8e3081ff37728d</span>
                <span class="reporter-method-output">Expected condition failed: waiting for element to be clickable: [[ChromeDriver: chrome on WINDOWS (1c74dec7d17bd1669f8e3081ff37728d)] -> css selector: #order_search_form_display_id] (tried for 10 second(s) with 500 milliseconds interval)
Build info: version: '3.141.59', revision: 'e82be7d358', time: '2018-11-14T08:17:03'
System info: host: 'KOP-BM5TNF2', ip: '10.140.133.80', os.name: 'Windows 10', os.arch: 'amd64', os.version: '10.0', java.version: '12.0.2'
Driver info: org.openqa.selenium.chrome.ChromeDriver
Capabilities {acceptInsecureCerts: false, browserName: chrome, browserVersion: 83.0.4103.116, chrome: {chromedriverVersion: 83.0.4103.39 (ccbf011cb2d2b..., userDataDir: C:\Users\shedubey\AppData\L...}, goog:chromeOptions: {debuggerAddress: localhost:60513}, javascriptEnabled: true, networkConnectionEnabled: false, pageLoadStrategy: normal, platform: WINDOWS, platformName: WINDOWS, proxy: Proxy(), setWindowRect: true, strictFileInteractability: false, timeouts: {implicit: 0, pageLoad: 300000, script: 30000}, unhandledPromptBehavior: dismiss and notify, webauthn:virtualAuthenticators: true}
Session ID: 1c74dec7d17bd1669f8e3081ff37728d</span>
              </div> <!-- reporter-method-output-div -->
            </div> <!-- reporter-method-div -->
            <div class="reporter-method-div">
              <span class="reporter-method-name">testOrderAuditsByCustomerName</span>
              <div class="reporter-method-output-div">
                <span class="reporter-method-output">Expected condition failed: waiting for element to be clickable: [[ChromeDriver: chrome on WINDOWS (78d3129f6840e2e34c6fe728d8defaff)] -> css selector: #order_search_form_search_type] (tried for 20 second(s) with 500 milliseconds interval)
Build info: version: '3.141.59', revision: 'e82be7d358', time: '2018-11-14T08:17:03'
System info: host: 'KOP-BM5TNF2', ip: '10.140.133.80', os.name: 'Windows 10', os.arch: 'amd64', os.version: '10.0', java.version: '12.0.2'
Driver info: org.openqa.selenium.chrome.ChromeDriver
Capabilities {acceptInsecureCerts: false, browserName: chrome, browserVersion: 83.0.4103.116, chrome: {chromedriverVersion: 83.0.4103.39 (ccbf011cb2d2b..., userDataDir: C:\Users\shedubey\AppData\L...}, goog:chromeOptions: {debuggerAddress: localhost:60839}, javascriptEnabled: true, networkConnectionEnabled: false, pageLoadStrategy: normal, platform: WINDOWS, platformName: WINDOWS, proxy: Proxy(), setWindowRect: true, strictFileInteractability: false, timeouts: {implicit: 0, pageLoad: 300000, script: 30000}, unhandledPromptBehavior: dismiss and notify, webauthn:virtualAuthenticators: true}
Session ID: 78d3129f6840e2e34c6fe728d8defaff</span>
              </div> <!-- reporter-method-output-div -->
            </div> <!-- reporter-method-div -->
            <div class="reporter-method-div">
              <span class="reporter-method-name">testSearchOrderByFullfillmentNumber</span>
              <div class="reporter-method-output-div">
                <span class="reporter-method-output">Expected condition failed: waiting for element to be clickable: [[ChromeDriver: chrome on WINDOWS (46c6812bf8d97cc0dca046f06419f749)] -> css selector: #order_search_form_search_type] (tried for 20 second(s) with 500 milliseconds interval)
Build info: version: '3.141.59', revision: 'e82be7d358', time: '2018-11-14T08:17:03'
System info: host: 'KOP-BM5TNF2', ip: '10.140.133.80', os.name: 'Windows 10', os.arch: 'amd64', os.version: '10.0', java.version: '12.0.2'
Driver info: org.openqa.selenium.chrome.ChromeDriver
Capabilities {acceptInsecureCerts: false, browserName: chrome, browserVersion: 83.0.4103.116, chrome: {chromedriverVersion: 83.0.4103.39 (ccbf011cb2d2b..., userDataDir: C:\Users\shedubey\AppData\L...}, goog:chromeOptions: {debuggerAddress: localhost:59362}, javascriptEnabled: true, networkConnectionEnabled: false, pageLoadStrategy: normal, platform: WINDOWS, platformName: WINDOWS, proxy: Proxy(), setWindowRect: true, strictFileInteractability: false, timeouts: {implicit: 0, pageLoad: 300000, script: 30000}, unhandledPromptBehavior: dismiss and notify, webauthn:virtualAuthenticators: true}
Session ID: 46c6812bf8d97cc0dca046f06419f749</span>
              </div> <!-- reporter-method-output-div -->
            </div> <!-- reporter-method-div -->
            <div class="reporter-method-div">
              <span class="reporter-method-name">testOrderAuditsByOrderStatus</span>
              <div class="reporter-method-output-div">
                <span class="reporter-method-output">Expected condition failed: waiting for element to be clickable: [[ChromeDriver: chrome on WINDOWS (86f9b0f0ed7607d7ceccf8ad68dd3d91)] -> css selector: #order_search_form_search_type] (tried for 20 second(s) with 500 milliseconds interval)
Build info: version: '3.141.59', revision: 'e82be7d358', time: '2018-11-14T08:17:03'
System info: host: 'KOP-BM5TNF2', ip: '10.140.133.80', os.name: 'Windows 10', os.arch: 'amd64', os.version: '10.0', java.version: '12.0.2'
Driver info: org.openqa.selenium.chrome.ChromeDriver
Capabilities {acceptInsecureCerts: false, browserName: chrome, browserVersion: 83.0.4103.116, chrome: {chromedriverVersion: 83.0.4103.39 (ccbf011cb2d2b..., userDataDir: C:\Users\shedubey\AppData\L...}, goog:chromeOptions: {debuggerAddress: localhost:61033}, javascriptEnabled: true, networkConnectionEnabled: false, pageLoadStrategy: normal, platform: WINDOWS, platformName: WINDOWS, proxy: Proxy(), setWindowRect: true, strictFileInteractability: false, timeouts: {implicit: 0, pageLoad: 300000, script: 30000}, unhandledPromptBehavior: dismiss and notify, webauthn:virtualAuthenticators: true}
Session ID: 86f9b0f0ed7607d7ceccf8ad68dd3d91</span>
              </div> <!-- reporter-method-output-div -->
            </div> <!-- reporter-method-div -->
            <div class="reporter-method-div">
              <span class="reporter-method-name">testEditSearch</span>
              <div class="reporter-method-output-div">
                <span class="reporter-method-output">Expected condition failed: waiting for element to be clickable: [[ChromeDriver: chrome on WINDOWS (d1a2db80df3b46a56e054283b91137dd)] -> css selector: #order_search_form_search_type] (tried for 20 second(s) with 500 milliseconds interval)
Build info: version: '3.141.59', revision: 'e82be7d358', time: '2018-11-14T08:17:03'
System info: host: 'KOP-BM5TNF2', ip: '10.140.133.80', os.name: 'Windows 10', os.arch: 'amd64', os.version: '10.0', java.version: '12.0.2'
Driver info: org.openqa.selenium.chrome.ChromeDriver
Capabilities {acceptInsecureCerts: false, browserName: chrome, browserVersion: 83.0.4103.116, chrome: {chromedriverVersion: 83.0.4103.39 (ccbf011cb2d2b..., userDataDir: C:\Users\shedubey\AppData\L...}, goog:chromeOptions: {debuggerAddress: localhost:59721}, javascriptEnabled: true, networkConnectionEnabled: false, pageLoadStrategy: normal, platform: WINDOWS, platformName: WINDOWS, proxy: Proxy(), setWindowRect: true, strictFileInteractability: false, timeouts: {implicit: 0, pageLoad: 300000, script: 30000}, unhandledPromptBehavior: dismiss and notify, webauthn:virtualAuthenticators: true}
Session ID: d1a2db80df3b46a56e054283b91137dd</span>
                <span class="reporter-method-output">Expected condition failed: waiting for element to be clickable: [[ChromeDriver: chrome on WINDOWS (d1a2db80df3b46a56e054283b91137dd)] -> css selector: #order_search_form_display_id] (tried for 10 second(s) with 500 milliseconds interval)
Build info: version: '3.141.59', revision: 'e82be7d358', time: '2018-11-14T08:17:03'
System info: host: 'KOP-BM5TNF2', ip: '10.140.133.80', os.name: 'Windows 10', os.arch: 'amd64', os.version: '10.0', java.version: '12.0.2'
Driver info: org.openqa.selenium.chrome.ChromeDriver
Capabilities {acceptInsecureCerts: false, browserName: chrome, browserVersion: 83.0.4103.116, chrome: {chromedriverVersion: 83.0.4103.39 (ccbf011cb2d2b..., userDataDir: C:\Users\shedubey\AppData\L...}, goog:chromeOptions: {debuggerAddress: localhost:59721}, javascriptEnabled: true, networkConnectionEnabled: false, pageLoadStrategy: normal, platform: WINDOWS, platformName: WINDOWS, proxy: Proxy(), setWindowRect: true, strictFileInteractability: false, timeouts: {implicit: 0, pageLoad: 300000, script: 30000}, unhandledPromptBehavior: dismiss and notify, webauthn:virtualAuthenticators: true}
Session ID: d1a2db80df3b46a56e054283b91137dd</span>
              </div> <!-- reporter-method-output-div -->
            </div> <!-- reporter-method-div -->
            <div class="reporter-method-div">
              <span class="reporter-method-name">testViewOrderByCustomername</span>
              <div class="reporter-method-output-div">
                <span class="reporter-method-output">Expected condition failed: waiting for element to be clickable: [[ChromeDriver: chrome on WINDOWS (f94557f8d44e88ccfaf7304f0b9cc754)] -> css selector: #order_search_form_search_type] (tried for 20 second(s) with 500 milliseconds interval)
Build info: version: '3.141.59', revision: 'e82be7d358', time: '2018-11-14T08:17:03'
System info: host: 'KOP-BM5TNF2', ip: '10.140.133.80', os.name: 'Windows 10', os.arch: 'amd64', os.version: '10.0', java.version: '12.0.2'
Driver info: org.openqa.selenium.chrome.ChromeDriver
Capabilities {acceptInsecureCerts: false, browserName: chrome, browserVersion: 83.0.4103.116, chrome: {chromedriverVersion: 83.0.4103.39 (ccbf011cb2d2b..., userDataDir: C:\Users\shedubey\AppData\L...}, goog:chromeOptions: {debuggerAddress: localhost:60078}, javascriptEnabled: true, networkConnectionEnabled: false, pageLoadStrategy: normal, platform: WINDOWS, platformName: WINDOWS, proxy: Proxy(), setWindowRect: true, strictFileInteractability: false, timeouts: {implicit: 0, pageLoad: 300000, script: 30000}, unhandledPromptBehavior: dismiss and notify, webauthn:virtualAuthenticators: true}
Session ID: f94557f8d44e88ccfaf7304f0b9cc754</span>
              </div> <!-- reporter-method-output-div -->
            </div> <!-- reporter-method-div -->
          </div> <!-- main-panel-content rounded-window-bottom -->
        </div> <!-- panel -->
        <div panel-name="ignored-methods-Suite" class="panel">
          <div class="main-panel-header rounded-window-top">
            <span class="header-content">0 ignored methods</span>
          </div> <!-- main-panel-header rounded-window-top -->
          <div class="main-panel-content rounded-window-bottom">
          </div> <!-- main-panel-content rounded-window-bottom -->
        </div> <!-- panel -->
        <div panel-name="chronological-Suite" class="panel">
          <div class="main-panel-header rounded-window-top">
            <span class="header-content">Methods in chronological order</span>
          </div> <!-- main-panel-header rounded-window-top -->
          <div class="main-panel-content rounded-window-bottom">
            <div class="chronological-class">
              <div class="chronological-class-name">com.gsicommerce.romui.selenium.tests.OrdersTests</div> <!-- chronological-class-name -->
              <div class="configuration-method before">
                <span class="method-name">setup(org.testng.TestRunner@64513b46)</span>
                <span class="method-start">0 ms</span>
              </div> <!-- configuration-method before -->
              <div class="test-method">
                <span class="method-name">testSearchOrderbyNumber</span>
                <span class="method-start">10759 ms</span>
              </div> <!-- test-method -->
              <div class="configuration-method after">
                <span class="method-name">tearDown([TestResult name=testSearchOrderbyNumber status=SUCCESS method=OrdersTests.testSearchOrderbyNumber()...)</span>
                <span class="method-start">58134 ms</span>
              </div> <!-- configuration-method after -->
              <div class="configuration-method before">
                <span class="method-name">setup(org.testng.TestRunner@64513b46)</span>
                <span class="method-start">58136 ms</span>
              </div> <!-- configuration-method before -->
              <div class="test-method">
                <img src="failed.png">
                </img>
                <span class="method-name">testSearchOrderByFullfillmentNumber</span>
                <span class="method-start">68947 ms</span>
              </div> <!-- test-method -->
              <div class="configuration-method after">
                <span class="method-name">tearDown([TestResult name=testSearchOrderByFullfillmentNumber status=FAILURE method=OrdersTests.testSearchOrd...)</span>
                <span class="method-start">113393 ms</span>
              </div> <!-- configuration-method after -->
              <div class="configuration-method before">
                <span class="method-name">setup(org.testng.TestRunner@64513b46)</span>
                <span class="method-start">113807 ms</span>
              </div> <!-- configuration-method before -->
              <div class="test-method">
                <img src="failed.png">
                </img>
                <span class="method-name">testSearchOrderByCustomerName</span>
                <span class="method-start">124811 ms</span>
              </div> <!-- test-method -->
              <div class="configuration-method after">
                <span class="method-name">tearDown([TestResult name=testSearchOrderByCustomerName status=FAILURE method=OrdersTests.testSearchOrderByCu...)</span>
                <span class="method-start">164375 ms</span>
              </div> <!-- configuration-method after -->
              <div class="configuration-method before">
                <span class="method-name">setup(org.testng.TestRunner@64513b46)</span>
                <span class="method-start">164753 ms</span>
              </div> <!-- configuration-method before -->
              <div class="test-method">
                <img src="failed.png">
                </img>
                <span class="method-name">testSearchOrderByEmail</span>
                <span class="method-start">175471 ms</span>
              </div> <!-- test-method -->
              <div class="configuration-method after">
                <span class="method-name">tearDown([TestResult name=testSearchOrderByEmail status=FAILURE method=OrdersTests.testSearchOrderByEmail()[p...)</span>
                <span class="method-start">216634 ms</span>
              </div> <!-- configuration-method after -->
              <div class="configuration-method before">
                <span class="method-name">setup(org.testng.TestRunner@64513b46)</span>
                <span class="method-start">217006 ms</span>
              </div> <!-- configuration-method before -->
              <div class="test-method">
                <img src="failed.png">
                </img>
                <span class="method-name">testSearchOrderByOrderStatus</span>
                <span class="method-start">227706 ms</span>
              </div> <!-- test-method -->
              <div class="configuration-method after">
                <span class="method-name">tearDown([TestResult name=testSearchOrderByOrderStatus status=FAILURE method=OrdersTests.testSearchOrderByOrd...)</span>
                <span class="method-start">270735 ms</span>
              </div> <!-- configuration-method after -->
              <div class="configuration-method before">
                <span class="method-name">setup(org.testng.TestRunner@64513b46)</span>
                <span class="method-start">271121 ms</span>
              </div> <!-- configuration-method before -->
              <div class="test-method">
                <img src="failed.png">
                </img>
                <span class="method-name">testEditSearch</span>
                <span class="method-start">282108 ms</span>
              </div> <!-- test-method -->
              <div class="configuration-method after">
                <span class="method-name">tearDown([TestResult name=testEditSearch status=FAILURE method=OrdersTests.testEditSearch()[pri:6, instance:c...)</span>
                <span class="method-start">332637 ms</span>
              </div> <!-- configuration-method after -->
              <div class="configuration-method before">
                <span class="method-name">setup(org.testng.TestRunner@64513b46)</span>
                <span class="method-start">333019 ms</span>
              </div> <!-- configuration-method before -->
              <div class="test-method">
                <img src="failed.png">
                </img>
                <span class="method-name">testViewOrder</span>
                <span class="method-start">344209 ms</span>
              </div> <!-- test-method -->
              <div class="configuration-method after">
                <span class="method-name">tearDown([TestResult name=testViewOrder status=FAILURE method=OrdersTests.testViewOrder()[pri:7, instance:com...)</span>
                <span class="method-start">408543 ms</span>
              </div> <!-- configuration-method after -->
              <div class="configuration-method before">
                <span class="method-name">setup(org.testng.TestRunner@64513b46)</span>
                <span class="method-start">408930 ms</span>
              </div> <!-- configuration-method before -->
              <div class="test-method">
                <span class="method-name">testViewOrderByFulfillment</span>
                <span class="method-start">419645 ms</span>
              </div> <!-- test-method -->
              <div class="configuration-method after">
                <span class="method-name">tearDown([TestResult name=testViewOrderByFulfillment status=SUCCESS method=OrdersTests.testViewOrderByFulfill...)</span>
                <span class="method-start">515256 ms</span>
              </div> <!-- configuration-method after -->
              <div class="configuration-method before">
                <span class="method-name">setup(org.testng.TestRunner@64513b46)</span>
                <span class="method-start">515257 ms</span>
              </div> <!-- configuration-method before -->
              <div class="test-method">
                <img src="failed.png">
                </img>
                <span class="method-name">testViewOrderByCustomername</span>
                <span class="method-start">525821 ms</span>
              </div> <!-- test-method -->
              <div class="configuration-method after">
                <span class="method-name">tearDown([TestResult name=testViewOrderByCustomername status=FAILURE method=OrdersTests.testViewOrderByCustom...)</span>
                <span class="method-start">554535 ms</span>
              </div> <!-- configuration-method after -->
              <div class="configuration-method before">
                <span class="method-name">setup(org.testng.TestRunner@64513b46)</span>
                <span class="method-start">554914 ms</span>
              </div> <!-- configuration-method before -->
              <div class="test-method">
                <span class="method-name">testViewOrderByEmail</span>
                <span class="method-start">565775 ms</span>
              </div> <!-- test-method -->
              <div class="configuration-method after">
                <span class="method-name">tearDown([TestResult name=testViewOrderByEmail status=SUCCESS method=OrdersTests.testViewOrderByEmail()[pri:1...)</span>
                <span class="method-start">617432 ms</span>
              </div> <!-- configuration-method after -->
              <div class="configuration-method before">
                <span class="method-name">setup(org.testng.TestRunner@64513b46)</span>
                <span class="method-start">617433 ms</span>
              </div> <!-- configuration-method before -->
              <div class="test-method">
                <span class="method-name">testViewOrderByStatus</span>
                <span class="method-start">628431 ms</span>
              </div> <!-- test-method -->
              <div class="configuration-method after">
                <span class="method-name">tearDown([TestResult name=testViewOrderByStatus status=SUCCESS method=OrdersTests.testViewOrderByStatus()[pri...)</span>
                <span class="method-start">679310 ms</span>
              </div> <!-- configuration-method after -->
              <div class="configuration-method before">
                <span class="method-name">setup(org.testng.TestRunner@64513b46)</span>
                <span class="method-start">679310 ms</span>
              </div> <!-- configuration-method before -->
              <div class="test-method">
                <span class="method-name">testOrderSearchFormValidation</span>
                <span class="method-start">690329 ms</span>
              </div> <!-- test-method -->
              <div class="configuration-method after">
                <span class="method-name">tearDown([TestResult name=testOrderSearchFormValidation status=SUCCESS method=OrdersTests.testOrderSearchForm...)</span>
                <span class="method-start">702132 ms</span>
              </div> <!-- configuration-method after -->
              <div class="configuration-method before">
                <span class="method-name">setup(org.testng.TestRunner@64513b46)</span>
                <span class="method-start">702132 ms</span>
              </div> <!-- configuration-method before -->
              <div class="test-method">
                <img src="failed.png">
                </img>
                <span class="method-name">testAddZCOrder</span>
                <span class="method-start">713659 ms</span>
              </div> <!-- test-method -->
              <div class="configuration-method after">
                <span class="method-name">tearDown([TestResult name=testAddZCOrder status=FAILURE method=OrdersTests.testAddZCOrder()[pri:13, instance:...)</span>
                <span class="method-start">751657 ms</span>
              </div> <!-- configuration-method after -->
              <div class="configuration-method before">
                <span class="method-name">setup(org.testng.TestRunner@64513b46)</span>
                <span class="method-start">752049 ms</span>
              </div> <!-- configuration-method before -->
              <div class="test-method">
                <img src="failed.png">
                </img>
                <span class="method-name">testCreateReturnOrder</span>
                <span class="method-start">763382 ms</span>
              </div> <!-- test-method -->
              <div class="configuration-method after">
                <span class="method-name">tearDown([TestResult name=testCreateReturnOrder status=FAILURE method=OrdersTests.testCreateReturnOrder()[pri...)</span>
                <span class="method-start">814139 ms</span>
              </div> <!-- configuration-method after -->
              <div class="configuration-method before">
                <span class="method-name">setup(org.testng.TestRunner@64513b46)</span>
                <span class="method-start">814517 ms</span>
              </div> <!-- configuration-method before -->
              <div class="test-method">
                <span class="method-name">testOrderAuditsByOrderNumberSearch</span>
                <span class="method-start">826147 ms</span>
              </div> <!-- test-method -->
              <div class="configuration-method after">
                <span class="method-name">tearDown([TestResult name=testOrderAuditsByOrderNumberSearch status=SUCCESS method=OrdersTests.testOrderAudit...)</span>
                <span class="method-start">880064 ms</span>
              </div> <!-- configuration-method after -->
              <div class="configuration-method before">
                <span class="method-name">setup(org.testng.TestRunner@64513b46)</span>
                <span class="method-start">880065 ms</span>
              </div> <!-- configuration-method before -->
              <div class="test-method">
                <span class="method-name">testOrderAuditsByFulfillmentOrder</span>
                <span class="method-start">891413 ms</span>
              </div> <!-- test-method -->
              <div class="configuration-method after">
                <span class="method-name">tearDown([TestResult name=testOrderAuditsByFulfillmentOrder status=SUCCESS method=OrdersTests.testOrderAudits...)</span>
                <span class="method-start">956327 ms</span>
              </div> <!-- configuration-method after -->
              <div class="configuration-method before">
                <span class="method-name">setup(org.testng.TestRunner@64513b46)</span>
                <span class="method-start">956328 ms</span>
              </div> <!-- configuration-method before -->
              <div class="test-method">
                <img src="failed.png">
                </img>
                <span class="method-name">testOrderAuditsByCustomerName</span>
                <span class="method-start">967208 ms</span>
              </div> <!-- test-method -->
              <div class="configuration-method after">
                <span class="method-name">tearDown([TestResult name=testOrderAuditsByCustomerName status=FAILURE method=OrdersTests.testOrderAuditsByCu...)</span>
                <span class="method-start">1010994 ms</span>
              </div> <!-- configuration-method after -->
              <div class="configuration-method before">
                <span class="method-name">setup(org.testng.TestRunner@64513b46)</span>
                <span class="method-start">1011386 ms</span>
              </div> <!-- configuration-method before -->
              <div class="test-method">
                <span class="method-name">testOrderAuditsByEmail</span>
                <span class="method-start">1022438 ms</span>
              </div> <!-- test-method -->
              <div class="configuration-method after">
                <span class="method-name">tearDown([TestResult name=testOrderAuditsByEmail status=SUCCESS method=OrdersTests.testOrderAuditsByEmail()[p...)</span>
                <span class="method-start">1072102 ms</span>
              </div> <!-- configuration-method after -->
              <div class="configuration-method before">
                <span class="method-name">setup(org.testng.TestRunner@64513b46)</span>
                <span class="method-start">1072103 ms</span>
              </div> <!-- configuration-method before -->
              <div class="test-method">
                <img src="failed.png">
                </img>
                <span class="method-name">testOrderAuditsByOrderStatus</span>
                <span class="method-start">1083398 ms</span>
              </div> <!-- test-method -->
              <div class="configuration-method after">
                <span class="method-name">tearDown([TestResult name=testOrderAuditsByOrderStatus status=FAILURE method=OrdersTests.testOrderAuditsByOrd...)</span>
                <span class="method-start">1126325 ms</span>
              </div> <!-- configuration-method after -->
          </div> <!-- main-panel-content rounded-window-bottom -->
        </div> <!-- panel -->
      </div> <!-- main-panel-root -->
    </div> <!-- wrapper -->
  </body>
<script type="text/javascript" src="testng-reports2.js"></script>
</html>
