<?xml version="1.0" encoding="UTF-8"?>
<!-- Generated by org.testng.reporters.JUnitReportReporter -->
<testsuite hostname="KOP-BM5TNF2" failures="1" tests="4" name="com.gsicommerce.romui.selenium.tests.InventoryOrganizationTests" time="175.827" errors="0" timestamp="2020-07-02T19:33:52 EDT" skipped="0">
  <testcase classname="com.gsicommerce.romui.selenium.tests.InventoryOrganizationTests" name="testverfiyInventoryOrgsRecord" time="19.212"/>
  <system-out>
Get Total No of Rows in the webtable  </system-out>
  <testcase classname="com.gsicommerce.romui.selenium.tests.InventoryOrganizationTests" name="testEditInventoryOrgs" time="59.683"/>
  <system-out>
There is no page limit option displayed page limit drop down value is selected Getting the column value of the first row View Order icon is clicked on page limit drop down value is selected page limit drop down value is selected Action icon is clicked on There is no page limit option displayed page limit drop down value is selected There is no page limit option displayed page limit drop down value is selected Action icon is clicked on  </system-out>
  <testcase classname="com.gsicommerce.romui.selenium.tests.InventoryOrganizationTests" name="testViewInventoryOrgsRecord" time="36.674">
    <failure message="No Data found for Default Shipping Calendar ID expected [true] but found [false]" type="java.lang.AssertionError">
      <![CDATA[java.lang.AssertionError: No Data found for Default Shipping Calendar ID expected [true] but found [false]
at org.testng.Assert.fail(Assert.java:97)
at org.testng.Assert.failNotEquals(Assert.java:968)
at org.testng.Assert.assertTrue(Assert.java:43)
at com.gsicommerce.romui.selenium.tests.InventoryOrganizationTests.testViewInventoryOrgsRecord(InventoryOrganizationTests.java:46)
at java.base/jdk.internal.reflect.NativeMethodAccessorImpl.invoke0(Native Method)
at java.base/jdk.internal.reflect.NativeMethodAccessorImpl.invoke(NativeMethodAccessorImpl.java:62)
at java.base/jdk.internal.reflect.DelegatingMethodAccessorImpl.invoke(DelegatingMethodAccessorImpl.java:43)
at java.base/java.lang.reflect.Method.invoke(Method.java:567)
at org.testng.internal.MethodInvocationHelper.invokeMethod(MethodInvocationHelper.java:135)
at org.testng.internal.TestInvoker.invokeMethod(TestInvoker.java:598)
at org.testng.internal.TestInvoker.invokeTestMethod(TestInvoker.java:174)
at org.testng.internal.MethodRunner.runInSequence(MethodRunner.java:46)
at org.testng.internal.TestInvoker$MethodInvocationAgent.invoke(TestInvoker.java:821)
at org.testng.internal.TestInvoker.invokeTestMethods(TestInvoker.java:147)
at org.testng.internal.TestMethodWorker.invokeTestMethods(TestMethodWorker.java:146)
at org.testng.internal.TestMethodWorker.run(TestMethodWorker.java:128)
at java.base/java.util.ArrayList.forEach(ArrayList.java:1540)
at org.testng.TestRunner.privateRun(TestRunner.java:767)
at org.testng.TestRunner.run(TestRunner.java:588)
at org.testng.SuiteRunner.runTest(SuiteRunner.java:384)
at org.testng.SuiteRunner.runSequentially(SuiteRunner.java:378)
at org.testng.SuiteRunner.privateRun(SuiteRunner.java:337)
at org.testng.SuiteRunner.run(SuiteRunner.java:286)
at org.testng.SuiteRunnerWorker.runSuite(SuiteRunnerWorker.java:53)
at org.testng.SuiteRunnerWorker.run(SuiteRunnerWorker.java:96)
at org.testng.TestNG.runSuitesSequentially(TestNG.java:1214)
at org.testng.TestNG.runSuitesLocally(TestNG.java:1136)
at org.testng.TestNG.runSuites(TestNG.java:1066)
at org.testng.TestNG.run(TestNG.java:1034)
at org.testng.remote.AbstractRemoteTestNG.run(AbstractRemoteTestNG.java:115)
at org.testng.remote.RemoteTestNG.initAndRun(RemoteTestNG.java:251)
at org.testng.remote.RemoteTestNG.main(RemoteTestNG.java:77)
]]>
    </failure>
  </testcase> <!-- testViewInventoryOrgsRecord -->
  <system-out>
There is no page limit option displayed page limit drop down value is selected Getting the column value of the first row View Order icon is clicked on  </system-out>
  <testcase classname="com.gsicommerce.romui.selenium.tests.InventoryOrganizationTests" name="testEditInventoryOrgsFromView" time="60.258"/>
  <system-out>
There is no page limit option displayed page limit drop down value is selected Getting the column value of the first row View Order icon is clicked on page limit drop down value is selected page limit drop down value is selected Action icon is clicked on There is no page limit option displayed page limit drop down value is selected There is no page limit option displayed page limit drop down value is selected Action icon is clicked on  </system-out>
</testsuite> <!-- com.gsicommerce.romui.selenium.tests.InventoryOrganizationTests -->
